[0.023s] Invoking command in '/home/ambushee/HexapodLeg_modeling_team/hexapod/build/hexapod_modelling_team': CMAKE_PREFIX_PATH=${CMAKE_PREFIX_PATH}:/home/ambushee/HexapodLeg_modeling_team/hexapod/install/hexapod_gz:/opt/ros/humble /usr/bin/cmake --build /home/ambushee/HexapodLeg_modeling_team/hexapod/build/hexapod_modelling_team -- -j16 -l16
[0.068s] [35m[1mConsolidate compiler generated dependencies of target cpp_node_test[0m
[0.083s] [100%] Built target cpp_node_test
[0.407s] Invoked command in '/home/ambushee/HexapodLeg_modeling_team/hexapod/build/hexapod_modelling_team' returned '0': CMAKE_PREFIX_PATH=${CMAKE_PREFIX_PATH}:/home/ambushee/HexapodLeg_modeling_team/hexapod/install/hexapod_gz:/opt/ros/humble /usr/bin/cmake --build /home/ambushee/HexapodLeg_modeling_team/hexapod/build/hexapod_modelling_team -- -j16 -l16
[0.424s] Invoking command in '/home/ambushee/HexapodLeg_modeling_team/hexapod/build/hexapod_modelling_team': CMAKE_PREFIX_PATH=${CMAKE_PREFIX_PATH}:/home/ambushee/HexapodLeg_modeling_team/hexapod/install/hexapod_gz:/opt/ros/humble /usr/bin/cmake --install /home/ambushee/HexapodLeg_modeling_team/hexapod/build/hexapod_modelling_team
[0.431s] -- Install configuration: ""
[0.432s] -- Up-to-date: /home/ambushee/HexapodLeg_modeling_team/hexapod/install/hexapod_modelling_team/lib/hexapod_modelling_team/cpp_node_test
[0.432s] -- Up-to-date: /home/ambushee/HexapodLeg_modeling_team/hexapod/install/hexapod_modelling_team/share/hexapod_modelling_team/config
[0.432s] -- Up-to-date: /home/ambushee/HexapodLeg_modeling_team/hexapod/install/hexapod_modelling_team/share/hexapod_modelling_team/config/setup.bash
[0.432s] -- Up-to-date: /home/ambushee/HexapodLeg_modeling_team/hexapod/install/hexapod_modelling_team/share/hexapod_modelling_team/config/joint_hexapod.yaml
[0.432s] -- Up-to-date: /home/ambushee/HexapodLeg_modeling_team/hexapod/install/hexapod_modelling_team/share/hexapod_modelling_team/config/ros2_controllers.yaml
[0.432s] -- Up-to-date: /home/ambushee/HexapodLeg_modeling_team/hexapod/install/hexapod_modelling_team/share/hexapod_modelling_team/launch
[0.433s] -- Up-to-date: /home/ambushee/HexapodLeg_modeling_team/hexapod/install/hexapod_modelling_team/share/hexapod_modelling_team/launch/display.launch
[0.433s] -- Up-to-date: /home/ambushee/HexapodLeg_modeling_team/hexapod/install/hexapod_modelling_team/share/hexapod_modelling_team/launch/simple_display.launch.py
[0.433s] -- Up-to-date: /home/ambushee/HexapodLeg_modeling_team/hexapod/install/hexapod_modelling_team/share/hexapod_modelling_team/launch/simulation-full.launch.py
[0.433s] -- Up-to-date: /home/ambushee/HexapodLeg_modeling_team/hexapod/install/hexapod_modelling_team/share/hexapod_modelling_team/launch/gazebo_simulation.launch.py
[0.433s] -- Up-to-date: /home/ambushee/HexapodLeg_modeling_team/hexapod/install/hexapod_modelling_team/share/hexapod_modelling_team/launch/hexapod_robot.launch.py
[0.433s] -- Up-to-date: /home/ambushee/HexapodLeg_modeling_team/hexapod/install/hexapod_modelling_team/share/hexapod_modelling_team/meshes
[0.433s] -- Up-to-date: /home/ambushee/HexapodLeg_modeling_team/hexapod/install/hexapod_modelling_team/share/hexapod_modelling_team/meshes/Link1.STL
[0.433s] -- Up-to-date: /home/ambushee/HexapodLeg_modeling_team/hexapod/install/hexapod_modelling_team/share/hexapod_modelling_team/meshes/base_link.STL
[0.433s] -- Up-to-date: /home/ambushee/HexapodLeg_modeling_team/hexapod/install/hexapod_modelling_team/share/hexapod_modelling_team/meshes/Link_2.STL
[0.433s] -- Up-to-date: /home/ambushee/HexapodLeg_modeling_team/hexapod/install/hexapod_modelling_team/share/hexapod_modelling_team/urdf
[0.433s] -- Up-to-date: /home/ambushee/HexapodLeg_modeling_team/hexapod/install/hexapod_modelling_team/share/hexapod_modelling_team/urdf/gazebo.xacro
[0.434s] -- Up-to-date: /home/ambushee/HexapodLeg_modeling_team/hexapod/install/hexapod_modelling_team/share/hexapod_modelling_team/urdf/hexapod_modelling_team.urdf
[0.434s] -- Up-to-date: /home/ambushee/HexapodLeg_modeling_team/hexapod/install/hexapod_modelling_team/share/hexapod_modelling_team/urdf/2DOF_Physical.csv
[0.434s] -- Up-to-date: /home/ambushee/HexapodLeg_modeling_team/hexapod/install/hexapod_modelling_team/share/hexapod_modelling_team/urdf/ros2_control.xacro
[0.434s] -- Up-to-date: /home/ambushee/HexapodLeg_modeling_team/hexapod/install/hexapod_modelling_team/share/hexapod_modelling_team/urdf/hexapod_modelling_team.xacro
[0.434s] -- Up-to-date: /home/ambushee/HexapodLeg_modeling_team/hexapod/install/hexapod_modelling_team/share/hexapod_modelling_team/rviz
[0.434s] -- Up-to-date: /home/ambushee/HexapodLeg_modeling_team/hexapod/install/hexapod_modelling_team/share/hexapod_modelling_team/rviz/display.rviz
[0.434s] -- Up-to-date: /home/ambushee/HexapodLeg_modeling_team/hexapod/install/hexapod_modelling_team/share/hexapod_modelling_team/models
[0.434s] -- Up-to-date: /home/ambushee/HexapodLeg_modeling_team/hexapod/install/hexapod_modelling_team/share/hexapod_modelling_team/models/hexapod_modelling_team
[0.434s] -- Up-to-date: /home/ambushee/HexapodLeg_modeling_team/hexapod/install/hexapod_modelling_team/share/hexapod_modelling_team/models/hexapod_modelling_team/model.sdf
[0.435s] -- Up-to-date: /home/ambushee/HexapodLeg_modeling_team/hexapod/install/hexapod_modelling_team/share/hexapod_modelling_team/models/hexapod_modelling_team/meshes
[0.435s] -- Up-to-date: /home/ambushee/HexapodLeg_modeling_team/hexapod/install/hexapod_modelling_team/share/hexapod_modelling_team/models/hexapod_modelling_team/meshes/Link1.STL
[0.435s] -- Up-to-date: /home/ambushee/HexapodLeg_modeling_team/hexapod/install/hexapod_modelling_team/share/hexapod_modelling_team/models/hexapod_modelling_team/meshes/base_link.STL
[0.435s] -- Up-to-date: /home/ambushee/HexapodLeg_modeling_team/hexapod/install/hexapod_modelling_team/share/hexapod_modelling_team/models/hexapod_modelling_team/meshes/Link_2.STL
[0.435s] -- Up-to-date: /home/ambushee/HexapodLeg_modeling_team/hexapod/install/hexapod_modelling_team/share/hexapod_modelling_team/models/hexapod_modelling_team/model.config
[0.435s] -- Up-to-date: /home/ambushee/HexapodLeg_modeling_team/hexapod/install/hexapod_modelling_team/share/ament_index/resource_index/package_run_dependencies/hexapod_modelling_team
[0.435s] -- Up-to-date: /home/ambushee/HexapodLeg_modeling_team/hexapod/install/hexapod_modelling_team/share/ament_index/resource_index/parent_prefix_path/hexapod_modelling_team
[0.435s] -- Up-to-date: /home/ambushee/HexapodLeg_modeling_team/hexapod/install/hexapod_modelling_team/share/hexapod_modelling_team/environment/ament_prefix_path.sh
[0.435s] -- Up-to-date: /home/ambushee/HexapodLeg_modeling_team/hexapod/install/hexapod_modelling_team/share/hexapod_modelling_team/environment/ament_prefix_path.dsv
[0.435s] -- Up-to-date: /home/ambushee/HexapodLeg_modeling_team/hexapod/install/hexapod_modelling_team/share/hexapod_modelling_team/environment/path.sh
[0.435s] -- Up-to-date: /home/ambushee/HexapodLeg_modeling_team/hexapod/install/hexapod_modelling_team/share/hexapod_modelling_team/environment/path.dsv
[0.436s] -- Up-to-date: /home/ambushee/HexapodLeg_modeling_team/hexapod/install/hexapod_modelling_team/share/hexapod_modelling_team/local_setup.bash
[0.436s] -- Up-to-date: /home/ambushee/HexapodLeg_modeling_team/hexapod/install/hexapod_modelling_team/share/hexapod_modelling_team/local_setup.sh
[0.436s] -- Up-to-date: /home/ambushee/HexapodLeg_modeling_team/hexapod/install/hexapod_modelling_team/share/hexapod_modelling_team/local_setup.zsh
[0.437s] -- Up-to-date: /home/ambushee/HexapodLeg_modeling_team/hexapod/install/hexapod_modelling_team/share/hexapod_modelling_team/local_setup.dsv
[0.437s] -- Up-to-date: /home/ambushee/HexapodLeg_modeling_team/hexapod/install/hexapod_modelling_team/share/hexapod_modelling_team/package.dsv
[0.437s] -- Up-to-date: /home/ambushee/HexapodLeg_modeling_team/hexapod/install/hexapod_modelling_team/share/ament_index/resource_index/packages/hexapod_modelling_team
[0.437s] -- Up-to-date: /home/ambushee/HexapodLeg_modeling_team/hexapod/install/hexapod_modelling_team/share/hexapod_modelling_team/cmake/hexapod_modelling_teamConfig.cmake
[0.437s] -- Up-to-date: /home/ambushee/HexapodLeg_modeling_team/hexapod/install/hexapod_modelling_team/share/hexapod_modelling_team/cmake/hexapod_modelling_teamConfig-version.cmake
[0.437s] -- Up-to-date: /home/ambushee/HexapodLeg_modeling_team/hexapod/install/hexapod_modelling_team/share/hexapod_modelling_team/package.xml
[0.438s] Invoked command in '/home/ambushee/HexapodLeg_modeling_team/hexapod/build/hexapod_modelling_team' returned '0': CMAKE_PREFIX_PATH=${CMAKE_PREFIX_PATH}:/home/ambushee/HexapodLeg_modeling_team/hexapod/install/hexapod_gz:/opt/ros/humble /usr/bin/cmake --install /home/ambushee/HexapodLeg_modeling_team/hexapod/build/hexapod_modelling_team
