[0.989s] Invoking command in '/home/ambushee/HexapodLeg_modeling_team/hexapod/src/hexapod_controller': PYTHONPATH=/home/ambushee/HexapodLeg_modeling_team/hexapod/build/hexapod_controller/prefix_override:/usr/lib/python3/dist-packages/colcon_core/task/python/colcon_distutils_commands:/home/ambushee/HexapodLeg_modeling_team/hexapod/install/hexapod_controller/lib/python3.10/site-packages:${PYTHONPATH} /usr/bin/python3 -W ignore:setup.py install is deprecated -W ignore:easy_install command is deprecated setup.py egg_info --egg-base ../../build/hexapod_controller build --build-base /home/ambushee/HexapodLeg_modeling_team/hexapod/build/hexapod_controller/build install --record /home/ambushee/HexapodLeg_modeling_team/hexapod/build/hexapod_controller/install.log --single-version-externally-managed install_data
[1.429s] running egg_info
[1.430s] writing ../../build/hexapod_controller/hexapod_controller.egg-info/PKG-INFO
[1.431s] writing dependency_links to ../../build/hexapod_controller/hexapod_controller.egg-info/dependency_links.txt
[1.431s] writing entry points to ../../build/hexapod_controller/hexapod_controller.egg-info/entry_points.txt
[1.431s] writing requirements to ../../build/hexapod_controller/hexapod_controller.egg-info/requires.txt
[1.432s] writing top-level names to ../../build/hexapod_controller/hexapod_controller.egg-info/top_level.txt
[1.435s] reading manifest file '../../build/hexapod_controller/hexapod_controller.egg-info/SOURCES.txt'
[1.436s] writing manifest file '../../build/hexapod_controller/hexapod_controller.egg-info/SOURCES.txt'
[1.436s] running build
[1.436s] running build_py
[1.437s] running build_scripts
[1.437s] running install
[1.437s] running install_lib
[1.439s] running install_data
[1.439s] running install_egg_info
[1.442s] removing '/home/ambushee/HexapodLeg_modeling_team/hexapod/install/hexapod_controller/lib/python3.10/site-packages/hexapod_controller-0.1.0-py3.10.egg-info' (and everything under it)
[1.442s] Copying ../../build/hexapod_controller/hexapod_controller.egg-info to /home/ambushee/HexapodLeg_modeling_team/hexapod/install/hexapod_controller/lib/python3.10/site-packages/hexapod_controller-0.1.0-py3.10.egg-info
[1.443s] running install_scripts
[1.468s] changing mode of /home/ambushee/HexapodLeg_modeling_team/hexapod/install/hexapod_controller/lib/hexapod_controller/start_plotjuggler_shim to 775
[1.468s] changing mode of /home/ambushee/HexapodLeg_modeling_team/hexapod/install/hexapod_controller/lib/hexapod_controller/position_velocity_demo_shim to 775
[1.470s] Installing position_velocity_demo script to /home/ambushee/HexapodLeg_modeling_team/hexapod/install/hexapod_controller/lib/hexapod_controller
[1.470s] Installing start_plotjuggler script to /home/ambushee/HexapodLeg_modeling_team/hexapod/install/hexapod_controller/lib/hexapod_controller
[1.471s] writing list of installed files to '/home/ambushee/HexapodLeg_modeling_team/hexapod/build/hexapod_controller/install.log'
[1.502s] Invoked command in '/home/ambushee/HexapodLeg_modeling_team/hexapod/src/hexapod_controller' returned '0': PYTHONPATH=/home/ambushee/HexapodLeg_modeling_team/hexapod/build/hexapod_controller/prefix_override:/usr/lib/python3/dist-packages/colcon_core/task/python/colcon_distutils_commands:/home/ambushee/HexapodLeg_modeling_team/hexapod/install/hexapod_controller/lib/python3.10/site-packages:${PYTHONPATH} /usr/bin/python3 -W ignore:setup.py install is deprecated -W ignore:easy_install command is deprecated setup.py egg_info --egg-base ../../build/hexapod_controller build --build-base /home/ambushee/HexapodLeg_modeling_team/hexapod/build/hexapod_controller/build install --record /home/ambushee/HexapodLeg_modeling_team/hexapod/build/hexapod_controller/install.log --single-version-externally-managed install_data
