[0.010s] Invoking command in '/home/ambushee/HexapodLeg_modeling_team/hexapod/build/hexapod_modelling_team': CMAKE_PREFIX_PATH=${CMAKE_PREFIX_PATH}:/opt/ros/humble /usr/bin/cmake /home/ambushee/HexapodLeg_modeling_team/hexapod/src/hexapod_modelling_team -DCMAKE_INSTALL_PREFIX=/home/ambushee/HexapodLeg_modeling_team/hexapod/install/hexapod_modelling_team
[0.047s] -- The C compiler identification is GNU 11.4.0
[0.087s] -- The CXX compiler identification is GNU 11.4.0
[0.092s] -- Detecting C compiler ABI info
[0.139s] -- Detecting C compiler ABI info - done
[0.145s] -- Check for working C compiler: /usr/bin/cc - skipped
[0.145s] -- Detecting C compile features
[0.145s] -- Detecting C compile features - done
[0.148s] -- Detecting CXX compiler ABI info
[0.205s] -- Detecting CXX compiler ABI info - done
[0.211s] -- Check for working CXX compiler: /usr/bin/c++ - skipped
[0.211s] -- Detecting CXX compile features
[0.212s] -- Detecting CXX compile features - done
[0.213s] -- Found ament_cmake: 1.3.11 (/opt/ros/humble/share/ament_cmake/cmake)
[0.336s] -- Found Python3: /usr/bin/python3 (found version "3.10.12") found components: Interpreter 
[0.440s] -- Found rclcpp: 16.0.11 (/opt/ros/humble/share/rclcpp/cmake)
[0.506s] -- Found rosidl_generator_c: 3.1.6 (/opt/ros/humble/share/rosidl_generator_c/cmake)
[0.513s] -- Found rosidl_adapter: 3.1.6 (/opt/ros/humble/share/rosidl_adapter/cmake)
[0.525s] -- Found rosidl_generator_cpp: 3.1.6 (/opt/ros/humble/share/rosidl_generator_cpp/cmake)
[0.545s] -- Using all available rosidl_typesupport_c: rosidl_typesupport_fastrtps_c;rosidl_typesupport_introspection_c
[0.571s] -- Using all available rosidl_typesupport_cpp: rosidl_typesupport_fastrtps_cpp;rosidl_typesupport_introspection_cpp
[0.615s] -- Found rmw_implementation_cmake: 6.1.2 (/opt/ros/humble/share/rmw_implementation_cmake/cmake)
[0.617s] -- Found rmw_fastrtps_cpp: 6.2.7 (/opt/ros/humble/share/rmw_fastrtps_cpp/cmake)
[0.688s] -- Found OpenSSL: /usr/lib/x86_64-linux-gnu/libcrypto.so (found version "3.0.2")  
[0.723s] -- Found FastRTPS: /opt/ros/humble/include  
[0.767s] -- Using RMW implementation 'rmw_fastrtps_cpp' as default
[0.773s] -- Looking for pthread.h
[0.834s] -- Looking for pthread.h - found
[0.834s] -- Performing Test CMAKE_HAVE_LIBC_PTHREAD
[0.891s] -- Performing Test CMAKE_HAVE_LIBC_PTHREAD - Success
[0.891s] -- Found Threads: TRUE  
[0.938s] -- Found rclpy: 3.3.15 (/opt/ros/humble/share/rclpy/cmake)
[0.988s] -- Configuring done
[0.993s] -- Generating done
[0.996s] -- Build files have been written to: /home/ambushee/HexapodLeg_modeling_team/hexapod/build/hexapod_modelling_team
[1.003s] Invoked command in '/home/ambushee/HexapodLeg_modeling_team/hexapod/build/hexapod_modelling_team' returned '0': CMAKE_PREFIX_PATH=${CMAKE_PREFIX_PATH}:/opt/ros/humble /usr/bin/cmake /home/ambushee/HexapodLeg_modeling_team/hexapod/src/hexapod_modelling_team -DCMAKE_INSTALL_PREFIX=/home/ambushee/HexapodLeg_modeling_team/hexapod/install/hexapod_modelling_team
[1.005s] Invoking command in '/home/ambushee/HexapodLeg_modeling_team/hexapod/build/hexapod_modelling_team': CMAKE_PREFIX_PATH=${CMAKE_PREFIX_PATH}:/opt/ros/humble /usr/bin/cmake --build /home/ambushee/HexapodLeg_modeling_team/hexapod/build/hexapod_modelling_team -- -j16 -l16
[1.042s] [ 50%] [32mBuilding CXX object CMakeFiles/cpp_node_test.dir/src/cpp_node.cpp.o[0m
[1.286s] [100%] [32m[1mLinking CXX executable cpp_node_test[0m
[1.381s] [100%] Built target cpp_node_test
[1.391s] Invoked command in '/home/ambushee/HexapodLeg_modeling_team/hexapod/build/hexapod_modelling_team' returned '0': CMAKE_PREFIX_PATH=${CMAKE_PREFIX_PATH}:/opt/ros/humble /usr/bin/cmake --build /home/ambushee/HexapodLeg_modeling_team/hexapod/build/hexapod_modelling_team -- -j16 -l16
[1.399s] Invoking command in '/home/ambushee/HexapodLeg_modeling_team/hexapod/build/hexapod_modelling_team': CMAKE_PREFIX_PATH=${CMAKE_PREFIX_PATH}:/opt/ros/humble /usr/bin/cmake --install /home/ambushee/HexapodLeg_modeling_team/hexapod/build/hexapod_modelling_team
[1.404s] -- Install configuration: ""
[1.404s] -- Installing: /home/ambushee/HexapodLeg_modeling_team/hexapod/install/hexapod_modelling_team/lib/hexapod_modelling_team/cpp_node_test
[1.404s] -- Set runtime path of "/home/ambushee/HexapodLeg_modeling_team/hexapod/install/hexapod_modelling_team/lib/hexapod_modelling_team/cpp_node_test" to ""
[1.404s] -- Installing: /home/ambushee/HexapodLeg_modeling_team/hexapod/install/hexapod_modelling_team/share/hexapod_modelling_team/config
[1.404s] -- Installing: /home/ambushee/HexapodLeg_modeling_team/hexapod/install/hexapod_modelling_team/share/hexapod_modelling_team/config/joint_hexapod.yaml
[1.405s] -- Installing: /home/ambushee/HexapodLeg_modeling_team/hexapod/install/hexapod_modelling_team/share/hexapod_modelling_team/launch
[1.405s] -- Installing: /home/ambushee/HexapodLeg_modeling_team/hexapod/install/hexapod_modelling_team/share/hexapod_modelling_team/launch/display.launch
[1.405s] -- Installing: /home/ambushee/HexapodLeg_modeling_team/hexapod/install/hexapod_modelling_team/share/hexapod_modelling_team/launch/gazebo.launch
[1.405s] -- Installing: /home/ambushee/HexapodLeg_modeling_team/hexapod/install/hexapod_modelling_team/share/hexapod_modelling_team/launch/simple_display.launch.py
[1.405s] -- Installing: /home/ambushee/HexapodLeg_modeling_team/hexapod/install/hexapod_modelling_team/share/hexapod_modelling_team/launch/hexapod_robot.launch.py
[1.405s] -- Installing: /home/ambushee/HexapodLeg_modeling_team/hexapod/install/hexapod_modelling_team/share/hexapod_modelling_team/meshes
[1.405s] -- Installing: /home/ambushee/HexapodLeg_modeling_team/hexapod/install/hexapod_modelling_team/share/hexapod_modelling_team/meshes/Link1.STL
[1.406s] -- Installing: /home/ambushee/HexapodLeg_modeling_team/hexapod/install/hexapod_modelling_team/share/hexapod_modelling_team/meshes/base_link.STL
[1.406s] -- Installing: /home/ambushee/HexapodLeg_modeling_team/hexapod/install/hexapod_modelling_team/share/hexapod_modelling_team/meshes/Link_2.STL
[1.407s] -- Installing: /home/ambushee/HexapodLeg_modeling_team/hexapod/install/hexapod_modelling_team/share/hexapod_modelling_team/urdf
[1.407s] -- Installing: /home/ambushee/HexapodLeg_modeling_team/hexapod/install/hexapod_modelling_team/share/hexapod_modelling_team/urdf/gazebo.xacro
[1.407s] -- Installing: /home/ambushee/HexapodLeg_modeling_team/hexapod/install/hexapod_modelling_team/share/hexapod_modelling_team/urdf/hexapod_modelling_team.urdf
[1.407s] -- Installing: /home/ambushee/HexapodLeg_modeling_team/hexapod/install/hexapod_modelling_team/share/hexapod_modelling_team/urdf/READ_ME_XACRO_USAGE.txt
[1.407s] -- Installing: /home/ambushee/HexapodLeg_modeling_team/hexapod/install/hexapod_modelling_team/share/hexapod_modelling_team/urdf/2DOF_Physical.csv
[1.407s] -- Installing: /home/ambushee/HexapodLeg_modeling_team/hexapod/install/hexapod_modelling_team/share/hexapod_modelling_team/urdf/hexapod_modelling_team.xacro
[1.407s] -- Installing: /home/ambushee/HexapodLeg_modeling_team/hexapod/install/hexapod_modelling_team/share/hexapod_modelling_team/rviz
[1.407s] -- Installing: /home/ambushee/HexapodLeg_modeling_team/hexapod/install/hexapod_modelling_team/share/hexapod_modelling_team/rviz/display.rviz
[1.407s] -- Installing: /home/ambushee/HexapodLeg_modeling_team/hexapod/install/hexapod_modelling_team/share/ament_index/resource_index/package_run_dependencies/hexapod_modelling_team
[1.407s] -- Installing: /home/ambushee/HexapodLeg_modeling_team/hexapod/install/hexapod_modelling_team/share/ament_index/resource_index/parent_prefix_path/hexapod_modelling_team
[1.407s] -- Installing: /home/ambushee/HexapodLeg_modeling_team/hexapod/install/hexapod_modelling_team/share/hexapod_modelling_team/environment/ament_prefix_path.sh
[1.407s] -- Installing: /home/ambushee/HexapodLeg_modeling_team/hexapod/install/hexapod_modelling_team/share/hexapod_modelling_team/environment/ament_prefix_path.dsv
[1.408s] -- Installing: /home/ambushee/HexapodLeg_modeling_team/hexapod/install/hexapod_modelling_team/share/hexapod_modelling_team/environment/path.sh
[1.408s] -- Installing: /home/ambushee/HexapodLeg_modeling_team/hexapod/install/hexapod_modelling_team/share/hexapod_modelling_team/environment/path.dsv
[1.408s] -- Installing: /home/ambushee/HexapodLeg_modeling_team/hexapod/install/hexapod_modelling_team/share/hexapod_modelling_team/local_setup.bash
[1.408s] -- Installing: /home/ambushee/HexapodLeg_modeling_team/hexapod/install/hexapod_modelling_team/share/hexapod_modelling_team/local_setup.sh
[1.408s] -- Installing: /home/ambushee/HexapodLeg_modeling_team/hexapod/install/hexapod_modelling_team/share/hexapod_modelling_team/local_setup.zsh
[1.408s] -- Installing: /home/ambushee/HexapodLeg_modeling_team/hexapod/install/hexapod_modelling_team/share/hexapod_modelling_team/local_setup.dsv
[1.408s] -- Installing: /home/ambushee/HexapodLeg_modeling_team/hexapod/install/hexapod_modelling_team/share/hexapod_modelling_team/package.dsv
[1.408s] -- Installing: /home/ambushee/HexapodLeg_modeling_team/hexapod/install/hexapod_modelling_team/share/ament_index/resource_index/packages/hexapod_modelling_team
[1.408s] -- Installing: /home/ambushee/HexapodLeg_modeling_team/hexapod/install/hexapod_modelling_team/share/hexapod_modelling_team/cmake/hexapod_modelling_teamConfig.cmake
[1.408s] -- Installing: /home/ambushee/HexapodLeg_modeling_team/hexapod/install/hexapod_modelling_team/share/hexapod_modelling_team/cmake/hexapod_modelling_teamConfig-version.cmake
[1.408s] -- Installing: /home/ambushee/HexapodLeg_modeling_team/hexapod/install/hexapod_modelling_team/share/hexapod_modelling_team/package.xml
[1.410s] Invoked command in '/home/ambushee/HexapodLeg_modeling_team/hexapod/build/hexapod_modelling_team' returned '0': CMAKE_PREFIX_PATH=${CMAKE_PREFIX_PATH}:/opt/ros/humble /usr/bin/cmake --install /home/ambushee/HexapodLeg_modeling_team/hexapod/build/hexapod_modelling_team
