running egg_info
writing ../../build/hexapod_gz/hexapod_gz.egg-info/PKG-INFO
writing dependency_links to ../../build/hexapod_gz/hexapod_gz.egg-info/dependency_links.txt
writing entry points to ../../build/hexapod_gz/hexapod_gz.egg-info/entry_points.txt
writing requirements to ../../build/hexapod_gz/hexapod_gz.egg-info/requires.txt
writing top-level names to ../../build/hexapod_gz/hexapod_gz.egg-info/top_level.txt
reading manifest file '../../build/hexapod_gz/hexapod_gz.egg-info/SOURCES.txt'
writing manifest file '../../build/hexapod_gz/hexapod_gz.egg-info/SOURCES.txt'
running build
running build_py
copying hexapod_gz/pd_torque_controller_node.py -> /home/ambushee/HexapodLeg_modeling_team/2dof/build/hexapod_gz/build/lib/hexapod_gz
copying hexapod_gz/joint_position_commander.py -> /home/ambushee/HexapodLeg_modeling_team/2dof/build/hexapod_gz/build/lib/hexapod_gz
copying hexapod_gz/pd_position_commander.py -> /home/ambushee/HexapodLeg_modeling_team/2dof/build/hexapod_gz/build/lib/hexapod_gz
running install
running install_lib
copying /home/ambushee/HexapodLeg_modeling_team/2dof/build/hexapod_gz/build/lib/hexapod_gz/pd_torque_controller_node.py -> /home/ambushee/HexapodLeg_modeling_team/2dof/install/hexapod_gz/lib/python3.10/site-packages/hexapod_gz
copying /home/ambushee/HexapodLeg_modeling_team/2dof/build/hexapod_gz/build/lib/hexapod_gz/joint_position_commander.py -> /home/ambushee/HexapodLeg_modeling_team/2dof/install/hexapod_gz/lib/python3.10/site-packages/hexapod_gz
copying /home/ambushee/HexapodLeg_modeling_team/2dof/build/hexapod_gz/build/lib/hexapod_gz/pd_position_commander.py -> /home/ambushee/HexapodLeg_modeling_team/2dof/install/hexapod_gz/lib/python3.10/site-packages/hexapod_gz
byte-compiling /home/ambushee/HexapodLeg_modeling_team/2dof/install/hexapod_gz/lib/python3.10/site-packages/hexapod_gz/pd_torque_controller_node.py to pd_torque_controller_node.cpython-310.pyc
byte-compiling /home/ambushee/HexapodLeg_modeling_team/2dof/install/hexapod_gz/lib/python3.10/site-packages/hexapod_gz/joint_position_commander.py to joint_position_commander.cpython-310.pyc
byte-compiling /home/ambushee/HexapodLeg_modeling_team/2dof/install/hexapod_gz/lib/python3.10/site-packages/hexapod_gz/pd_position_commander.py to pd_position_commander.cpython-310.pyc
running install_data
copying launch/spawn_robot_pd.launch.py -> /home/ambushee/HexapodLeg_modeling_team/2dof/install/hexapod_gz/share/hexapod_gz/launch
copying config/ros2_controllers.yaml -> /home/ambushee/HexapodLeg_modeling_team/2dof/install/hexapod_gz/share/hexapod_gz/config
copying urdf/hexapod_modelling_team.xacro -> /home/ambushee/HexapodLeg_modeling_team/2dof/install/hexapod_gz/share/hexapod_gz/urdf
copying worlds/hexapod.sdf -> /home/ambushee/HexapodLeg_modeling_team/2dof/install/hexapod_gz/share/hexapod_gz/worlds
running install_egg_info
removing '/home/ambushee/HexapodLeg_modeling_team/2dof/install/hexapod_gz/lib/python3.10/site-packages/hexapod_gz-0.1.0-py3.10.egg-info' (and everything under it)
Copying ../../build/hexapod_gz/hexapod_gz.egg-info to /home/ambushee/HexapodLeg_modeling_team/2dof/install/hexapod_gz/lib/python3.10/site-packages/hexapod_gz-0.1.0-py3.10.egg-info
running install_scripts
Installing pd_position_commander script to /home/ambushee/HexapodLeg_modeling_team/2dof/install/hexapod_gz/lib/hexapod_gz
writing list of installed files to '/home/ambushee/HexapodLeg_modeling_team/2dof/build/hexapod_gz/install.log'
