[0.010s] Invoking command in '/home/ambushee/HexapodLeg_modeling_team/hexapod/build/hexapod_gazebo': AMENT_PREFIX_PATH=/home/ambushee/HexapodLeg_modeling_team/hexapod/install/hexapod_modelling_team:${AMENT_PREFIX_PATH} CMAKE_PREFIX_PATH=/home/ambushee/HexapodLeg_modeling_team/hexapod/install/hexapod_modelling_team:/home/ambushee/ros2_ws/install/my_robot_bringup:/opt/ros/humble /usr/bin/cmake --build /home/ambushee/HexapodLeg_modeling_team/hexapod/build/hexapod_gazebo -- -j16 -l16
[0.279s] Invoked command in '/home/ambushee/HexapodLeg_modeling_team/hexapod/build/hexapod_gazebo' returned '0': AMENT_PREFIX_PATH=/home/ambushee/HexapodLeg_modeling_team/hexapod/install/hexapod_modelling_team:${AMENT_PREFIX_PATH} CMAKE_PREFIX_PATH=/home/ambushee/HexapodLeg_modeling_team/hexapod/install/hexapod_modelling_team:/home/ambushee/ros2_ws/install/my_robot_bringup:/opt/ros/humble /usr/bin/cmake --build /home/ambushee/HexapodLeg_modeling_team/hexapod/build/hexapod_gazebo -- -j16 -l16
[0.280s] Invoking command in '/home/ambushee/HexapodLeg_modeling_team/hexapod/build/hexapod_gazebo': AMENT_PREFIX_PATH=/home/ambushee/HexapodLeg_modeling_team/hexapod/install/hexapod_modelling_team:${AMENT_PREFIX_PATH} CMAKE_PREFIX_PATH=/home/ambushee/HexapodLeg_modeling_team/hexapod/install/hexapod_modelling_team:/home/ambushee/ros2_ws/install/my_robot_bringup:/opt/ros/humble /usr/bin/cmake --install /home/ambushee/HexapodLeg_modeling_team/hexapod/build/hexapod_gazebo
[0.285s] -- Install configuration: ""
[0.285s] -- Up-to-date: /home/ambushee/HexapodLeg_modeling_team/hexapod/install/hexapod_gazebo/share/hexapod_gazebo/launch
[0.286s] -- Up-to-date: /home/ambushee/HexapodLeg_modeling_team/hexapod/install/hexapod_gazebo/share/hexapod_gazebo/launch/sim.launch.py
[0.286s] -- Up-to-date: /home/ambushee/HexapodLeg_modeling_team/hexapod/install/hexapod_gazebo/share/hexapod_gazebo/launch/sim_with_controller.launch.py
[0.286s] -- Up-to-date: /home/ambushee/HexapodLeg_modeling_team/hexapod/install/hexapod_gazebo/share/hexapod_gazebo/config
[0.286s] -- Up-to-date: /home/ambushee/HexapodLeg_modeling_team/hexapod/install/hexapod_gazebo/share/hexapod_gazebo/config/plotjuggler.xml
[0.286s] -- Up-to-date: /home/ambushee/HexapodLeg_modeling_team/hexapod/install/hexapod_gazebo/share/hexapod_gazebo/worlds
[0.286s] -- Up-to-date: /home/ambushee/HexapodLeg_modeling_team/hexapod/install/hexapod_gazebo/share/hexapod_gazebo/worlds/hexapod.sdf
[0.286s] -- Up-to-date: /home/ambushee/HexapodLeg_modeling_team/hexapod/install/hexapod_gazebo/share/ament_index/resource_index/package_run_dependencies/hexapod_gazebo
[0.286s] -- Up-to-date: /home/ambushee/HexapodLeg_modeling_team/hexapod/install/hexapod_gazebo/share/ament_index/resource_index/parent_prefix_path/hexapod_gazebo
[0.286s] -- Up-to-date: /home/ambushee/HexapodLeg_modeling_team/hexapod/install/hexapod_gazebo/share/hexapod_gazebo/environment/ament_prefix_path.sh
[0.286s] -- Up-to-date: /home/ambushee/HexapodLeg_modeling_team/hexapod/install/hexapod_gazebo/share/hexapod_gazebo/environment/ament_prefix_path.dsv
[0.286s] -- Up-to-date: /home/ambushee/HexapodLeg_modeling_team/hexapod/install/hexapod_gazebo/share/hexapod_gazebo/environment/path.sh
[0.286s] -- Up-to-date: /home/ambushee/HexapodLeg_modeling_team/hexapod/install/hexapod_gazebo/share/hexapod_gazebo/environment/path.dsv
[0.286s] -- Up-to-date: /home/ambushee/HexapodLeg_modeling_team/hexapod/install/hexapod_gazebo/share/hexapod_gazebo/local_setup.bash
[0.286s] -- Up-to-date: /home/ambushee/HexapodLeg_modeling_team/hexapod/install/hexapod_gazebo/share/hexapod_gazebo/local_setup.sh
[0.286s] -- Up-to-date: /home/ambushee/HexapodLeg_modeling_team/hexapod/install/hexapod_gazebo/share/hexapod_gazebo/local_setup.zsh
[0.286s] -- Up-to-date: /home/ambushee/HexapodLeg_modeling_team/hexapod/install/hexapod_gazebo/share/hexapod_gazebo/local_setup.dsv
[0.286s] -- Installing: /home/ambushee/HexapodLeg_modeling_team/hexapod/install/hexapod_gazebo/share/hexapod_gazebo/package.dsv
[0.286s] -- Up-to-date: /home/ambushee/HexapodLeg_modeling_team/hexapod/install/hexapod_gazebo/share/ament_index/resource_index/packages/hexapod_gazebo
[0.286s] -- Up-to-date: /home/ambushee/HexapodLeg_modeling_team/hexapod/install/hexapod_gazebo/share/hexapod_gazebo/cmake/hexapod_gazeboConfig.cmake
[0.287s] -- Up-to-date: /home/ambushee/HexapodLeg_modeling_team/hexapod/install/hexapod_gazebo/share/hexapod_gazebo/cmake/hexapod_gazeboConfig-version.cmake
[0.287s] -- Up-to-date: /home/ambushee/HexapodLeg_modeling_team/hexapod/install/hexapod_gazebo/share/hexapod_gazebo/package.xml
[0.288s] Invoked command in '/home/ambushee/HexapodLeg_modeling_team/hexapod/build/hexapod_gazebo' returned '0': AMENT_PREFIX_PATH=/home/ambushee/HexapodLeg_modeling_team/hexapod/install/hexapod_modelling_team:${AMENT_PREFIX_PATH} CMAKE_PREFIX_PATH=/home/ambushee/HexapodLeg_modeling_team/hexapod/install/hexapod_modelling_team:/home/ambushee/ros2_ws/install/my_robot_bringup:/opt/ros/humble /usr/bin/cmake --install /home/ambushee/HexapodLeg_modeling_team/hexapod/build/hexapod_gazebo
