[0.513s] Invoking command in '/home/ambushee/HexapodLeg_modeling_team/2dof/src/hexapod_gz': PYTHONPATH=/home/ambushee/HexapodLeg_modeling_team/2dof/build/hexapod_gz/prefix_override:/usr/lib/python3/dist-packages/colcon_core/task/python/colcon_distutils_commands:/home/ambushee/HexapodLeg_modeling_team/2dof/install/hexapod_gz/lib/python3.10/site-packages:${PYTHONPATH} /usr/bin/python3 -W ignore:setup.py install is deprecated -W ignore:easy_install command is deprecated setup.py egg_info --egg-base ../../build/hexapod_gz build --build-base /home/ambushee/HexapodLeg_modeling_team/2dof/build/hexapod_gz/build install --record /home/ambushee/HexapodLeg_modeling_team/2dof/build/hexapod_gz/install.log --single-version-externally-managed install_data
[0.700s] running egg_info
[0.700s] creating ../../build/hexapod_gz/hexapod_gz.egg-info
[0.700s] writing ../../build/hexapod_gz/hexapod_gz.egg-info/PKG-INFO
[0.700s] writing dependency_links to ../../build/hexapod_gz/hexapod_gz.egg-info/dependency_links.txt
[0.700s] writing entry points to ../../build/hexapod_gz/hexapod_gz.egg-info/entry_points.txt
[0.700s] writing requirements to ../../build/hexapod_gz/hexapod_gz.egg-info/requires.txt
[0.700s] writing top-level names to ../../build/hexapod_gz/hexapod_gz.egg-info/top_level.txt
[0.700s] writing manifest file '../../build/hexapod_gz/hexapod_gz.egg-info/SOURCES.txt'
[0.701s] reading manifest file '../../build/hexapod_gz/hexapod_gz.egg-info/SOURCES.txt'
[0.702s] writing manifest file '../../build/hexapod_gz/hexapod_gz.egg-info/SOURCES.txt'
[0.702s] running build
[0.702s] running build_py
[0.702s] creating /home/ambushee/HexapodLeg_modeling_team/2dof/build/hexapod_gz/build
[0.702s] creating /home/ambushee/HexapodLeg_modeling_team/2dof/build/hexapod_gz/build/lib
[0.702s] creating /home/ambushee/HexapodLeg_modeling_team/2dof/build/hexapod_gz/build/lib/hexapod_gz
[0.702s] copying hexapod_gz/PD_Controller.py -> /home/ambushee/HexapodLeg_modeling_team/2dof/build/hexapod_gz/build/lib/hexapod_gz
[0.703s] copying hexapod_gz/__init__.py -> /home/ambushee/HexapodLeg_modeling_team/2dof/build/hexapod_gz/build/lib/hexapod_gz
[0.703s] copying hexapod_gz/pd_position_commander.py -> /home/ambushee/HexapodLeg_modeling_team/2dof/build/hexapod_gz/build/lib/hexapod_gz
[0.703s] copying hexapod_gz/manual_joint_control.py -> /home/ambushee/HexapodLeg_modeling_team/2dof/build/hexapod_gz/build/lib/hexapod_gz
[0.703s] running install
[0.703s] running install_lib
[0.703s] creating /home/ambushee/HexapodLeg_modeling_team/2dof/install/hexapod_gz/lib/python3.10/site-packages/hexapod_gz
[0.703s] copying /home/ambushee/HexapodLeg_modeling_team/2dof/build/hexapod_gz/build/lib/hexapod_gz/PD_Controller.py -> /home/ambushee/HexapodLeg_modeling_team/2dof/install/hexapod_gz/lib/python3.10/site-packages/hexapod_gz
[0.703s] copying /home/ambushee/HexapodLeg_modeling_team/2dof/build/hexapod_gz/build/lib/hexapod_gz/__init__.py -> /home/ambushee/HexapodLeg_modeling_team/2dof/install/hexapod_gz/lib/python3.10/site-packages/hexapod_gz
[0.704s] copying /home/ambushee/HexapodLeg_modeling_team/2dof/build/hexapod_gz/build/lib/hexapod_gz/pd_position_commander.py -> /home/ambushee/HexapodLeg_modeling_team/2dof/install/hexapod_gz/lib/python3.10/site-packages/hexapod_gz
[0.704s] copying /home/ambushee/HexapodLeg_modeling_team/2dof/build/hexapod_gz/build/lib/hexapod_gz/manual_joint_control.py -> /home/ambushee/HexapodLeg_modeling_team/2dof/install/hexapod_gz/lib/python3.10/site-packages/hexapod_gz
[0.704s] byte-compiling /home/ambushee/HexapodLeg_modeling_team/2dof/install/hexapod_gz/lib/python3.10/site-packages/hexapod_gz/PD_Controller.py to PD_Controller.cpython-310.pyc
[0.704s] byte-compiling /home/ambushee/HexapodLeg_modeling_team/2dof/install/hexapod_gz/lib/python3.10/site-packages/hexapod_gz/__init__.py to __init__.cpython-310.pyc
[0.704s] byte-compiling /home/ambushee/HexapodLeg_modeling_team/2dof/install/hexapod_gz/lib/python3.10/site-packages/hexapod_gz/pd_position_commander.py to pd_position_commander.cpython-310.pyc
[0.705s] byte-compiling /home/ambushee/HexapodLeg_modeling_team/2dof/install/hexapod_gz/lib/python3.10/site-packages/hexapod_gz/manual_joint_control.py to manual_joint_control.cpython-310.pyc
[0.706s] running install_data
[0.706s] creating /home/ambushee/HexapodLeg_modeling_team/2dof/install/hexapod_gz/share/ament_index
[0.706s] creating /home/ambushee/HexapodLeg_modeling_team/2dof/install/hexapod_gz/share/ament_index/resource_index
[0.706s] creating /home/ambushee/HexapodLeg_modeling_team/2dof/install/hexapod_gz/share/ament_index/resource_index/packages
[0.706s] copying resource/hexapod_gz -> /home/ambushee/HexapodLeg_modeling_team/2dof/install/hexapod_gz/share/ament_index/resource_index/packages
[0.706s] copying package.xml -> /home/ambushee/HexapodLeg_modeling_team/2dof/install/hexapod_gz/share/hexapod_gz
[0.706s] creating /home/ambushee/HexapodLeg_modeling_team/2dof/install/hexapod_gz/share/hexapod_gz/launch
[0.706s] copying launch/spawn_robot.launch.py -> /home/ambushee/HexapodLeg_modeling_team/2dof/install/hexapod_gz/share/hexapod_gz/launch
[0.707s] copying launch/spawn_robot_with_viz.launch.py -> /home/ambushee/HexapodLeg_modeling_team/2dof/install/hexapod_gz/share/hexapod_gz/launch
[0.707s] copying launch/spawn_robot_pd.launch.py -> /home/ambushee/HexapodLeg_modeling_team/2dof/install/hexapod_gz/share/hexapod_gz/launch
[0.707s] creating /home/ambushee/HexapodLeg_modeling_team/2dof/install/hexapod_gz/share/hexapod_gz/config
[0.707s] copying config/ros2_controllers.yaml -> /home/ambushee/HexapodLeg_modeling_team/2dof/install/hexapod_gz/share/hexapod_gz/config
[0.707s] copying config/plotjuggler_layout.xml -> /home/ambushee/HexapodLeg_modeling_team/2dof/install/hexapod_gz/share/hexapod_gz/config
[0.707s] creating /home/ambushee/HexapodLeg_modeling_team/2dof/install/hexapod_gz/share/hexapod_gz/urdf
[0.707s] copying urdf/hexapod_modelling_team.xacro -> /home/ambushee/HexapodLeg_modeling_team/2dof/install/hexapod_gz/share/hexapod_gz/urdf
[0.707s] creating /home/ambushee/HexapodLeg_modeling_team/2dof/install/hexapod_gz/share/hexapod_gz/worlds
[0.707s] copying worlds/hexapod.sdf -> /home/ambushee/HexapodLeg_modeling_team/2dof/install/hexapod_gz/share/hexapod_gz/worlds
[0.707s] creating /home/ambushee/HexapodLeg_modeling_team/2dof/install/hexapod_gz/share/hexapod_gz/meshes
[0.707s] copying meshes/base_link.STL -> /home/ambushee/HexapodLeg_modeling_team/2dof/install/hexapod_gz/share/hexapod_gz/meshes
[0.707s] copying meshes/Link1.STL -> /home/ambushee/HexapodLeg_modeling_team/2dof/install/hexapod_gz/share/hexapod_gz/meshes
[0.708s] copying meshes/Link_2.STL -> /home/ambushee/HexapodLeg_modeling_team/2dof/install/hexapod_gz/share/hexapod_gz/meshes
[0.708s] running install_egg_info
[0.709s] Copying ../../build/hexapod_gz/hexapod_gz.egg-info to /home/ambushee/HexapodLeg_modeling_team/2dof/install/hexapod_gz/lib/python3.10/site-packages/hexapod_gz-0.1.0-py3.10.egg-info
[0.709s] running install_scripts
[0.724s] Installing manual_joint_control script to /home/ambushee/HexapodLeg_modeling_team/2dof/install/hexapod_gz/lib/hexapod_gz
[0.724s] Installing pd_position_commander script to /home/ambushee/HexapodLeg_modeling_team/2dof/install/hexapod_gz/lib/hexapod_gz
[0.725s] writing list of installed files to '/home/ambushee/HexapodLeg_modeling_team/2dof/build/hexapod_gz/install.log'
[0.743s] Invoked command in '/home/ambushee/HexapodLeg_modeling_team/2dof/src/hexapod_gz' returned '0': PYTHONPATH=/home/ambushee/HexapodLeg_modeling_team/2dof/build/hexapod_gz/prefix_override:/usr/lib/python3/dist-packages/colcon_core/task/python/colcon_distutils_commands:/home/ambushee/HexapodLeg_modeling_team/2dof/install/hexapod_gz/lib/python3.10/site-packages:${PYTHONPATH} /usr/bin/python3 -W ignore:setup.py install is deprecated -W ignore:easy_install command is deprecated setup.py egg_info --egg-base ../../build/hexapod_gz build --build-base /home/ambushee/HexapodLeg_modeling_team/2dof/build/hexapod_gz/build install --record /home/ambushee/HexapodLeg_modeling_team/2dof/build/hexapod_gz/install.log --single-version-externally-managed install_data
