/home/ambushee/HexapodLeg_modeling_team/hexapod/install/hexapod_controller/lib/python3.10/site-packages/hexapod_controller/start_plotjuggler.py
/home/ambushee/HexapodLeg_modeling_team/hexapod/install/hexapod_controller/lib/python3.10/site-packages/hexapod_controller/position_velocity_demo.py
/home/ambushee/HexapodLeg_modeling_team/hexapod/install/hexapod_controller/lib/python3.10/site-packages/hexapod_controller/__init__.py
/home/ambushee/HexapodLeg_modeling_team/hexapod/install/hexapod_controller/lib/python3.10/site-packages/hexapod_controller/__main__.py
/home/ambushee/HexapodLeg_modeling_team/hexapod/install/hexapod_controller/lib/python3.10/site-packages/hexapod_controller/__pycache__/start_plotjuggler.cpython-310.pyc
/home/ambushee/HexapodLeg_modeling_team/hexapod/install/hexapod_controller/lib/python3.10/site-packages/hexapod_controller/__pycache__/position_velocity_demo.cpython-310.pyc
/home/ambushee/HexapodLeg_modeling_team/hexapod/install/hexapod_controller/lib/python3.10/site-packages/hexapod_controller/__pycache__/__init__.cpython-310.pyc
/home/ambushee/HexapodLeg_modeling_team/hexapod/install/hexapod_controller/lib/python3.10/site-packages/hexapod_controller/__pycache__/__main__.cpython-310.pyc
/home/ambushee/HexapodLeg_modeling_team/hexapod/install/hexapod_controller/share/ament_index/resource_index/packages/hexapod_controller
/home/ambushee/HexapodLeg_modeling_team/hexapod/install/hexapod_controller/share/hexapod_controller/package.xml
/home/ambushee/HexapodLeg_modeling_team/hexapod/install/hexapod_controller/share/hexapod_controller/launch/bringup.launch.py
/home/ambushee/HexapodLeg_modeling_team/hexapod/install/hexapod_controller/share/hexapod_controller/plots/hexapod.layout.xml
/home/ambushee/HexapodLeg_modeling_team/hexapod/install/hexapod_controller/lib/python3.10/site-packages/hexapod_controller-0.1.0-py3.10.egg-info/entry_points.txt
/home/ambushee/HexapodLeg_modeling_team/hexapod/install/hexapod_controller/lib/python3.10/site-packages/hexapod_controller-0.1.0-py3.10.egg-info/requires.txt
/home/ambushee/HexapodLeg_modeling_team/hexapod/install/hexapod_controller/lib/python3.10/site-packages/hexapod_controller-0.1.0-py3.10.egg-info/dependency_links.txt
/home/ambushee/HexapodLeg_modeling_team/hexapod/install/hexapod_controller/lib/python3.10/site-packages/hexapod_controller-0.1.0-py3.10.egg-info/zip-safe
/home/ambushee/HexapodLeg_modeling_team/hexapod/install/hexapod_controller/lib/python3.10/site-packages/hexapod_controller-0.1.0-py3.10.egg-info/SOURCES.txt
/home/ambushee/HexapodLeg_modeling_team/hexapod/install/hexapod_controller/lib/python3.10/site-packages/hexapod_controller-0.1.0-py3.10.egg-info/top_level.txt
/home/ambushee/HexapodLeg_modeling_team/hexapod/install/hexapod_controller/lib/python3.10/site-packages/hexapod_controller-0.1.0-py3.10.egg-info/PKG-INFO
/home/ambushee/HexapodLeg_modeling_team/hexapod/install/hexapod_controller/lib/hexapod_controller/start_plotjuggler_shim
/home/ambushee/HexapodLeg_modeling_team/hexapod/install/hexapod_controller/lib/hexapod_controller/position_velocity_demo_shim
/home/ambushee/HexapodLeg_modeling_team/hexapod/install/hexapod_controller/lib/hexapod_controller/position_velocity_demo
/home/ambushee/HexapodLeg_modeling_team/hexapod/install/hexapod_controller/lib/hexapod_controller/start_plotjuggler
