[1.079s] Invoking command in '/home/ambushee/HexapodLeg_modeling_team/hexapod/build/hexapod_gz': CMAKE_PREFIX_PATH=/home/ambushee/HexapodLeg_modeling_team/hexapod/install/hexapod_modelling_team:/home/ambushee/HexapodLeg_modeling_team/hexapod/install/hexapod_controller:/home/ambushee/HexapodLeg_modeling_team/hexapod/install/hexapod_gazebo:/home/ambushee/HexapodLeg_modeling_team/hexapod/install/example_description:/home/ambushee/ros2_ws/install/my_robot_bringup PYTHONPATH=/home/ambushee/HexapodLeg_modeling_team/hexapod/build/hexapod_gz/prefix_override:/usr/lib/python3/dist-packages/colcon_core/task/python/colcon_distutils_commands:/home/ambushee/HexapodLeg_modeling_team/hexapod/install/hexapod_gz/lib/python3.10/site-packages:${PYTHONPATH} /usr/bin/python3 -W ignore:setup.py install is deprecated -W ignore:easy_install command is deprecated setup.py develop --uninstall --editable --build-directory /home/ambushee/HexapodLeg_modeling_team/hexapod/build/hexapod_gz/build
[1.460s] running develop
[1.691s] Removing /home/ambushee/HexapodLeg_modeling_team/hexapod/install/hexapod_gz/lib/python3.10/site-packages/hexapod-gz.egg-link (link to .)
[1.720s] Invoked command in '/home/ambushee/HexapodLeg_modeling_team/hexapod/build/hexapod_gz' returned '0': CMAKE_PREFIX_PATH=/home/ambushee/HexapodLeg_modeling_team/hexapod/install/hexapod_modelling_team:/home/ambushee/HexapodLeg_modeling_team/hexapod/install/hexapod_controller:/home/ambushee/HexapodLeg_modeling_team/hexapod/install/hexapod_gazebo:/home/ambushee/HexapodLeg_modeling_team/hexapod/install/example_description:/home/ambushee/ros2_ws/install/my_robot_bringup PYTHONPATH=/home/ambushee/HexapodLeg_modeling_team/hexapod/build/hexapod_gz/prefix_override:/usr/lib/python3/dist-packages/colcon_core/task/python/colcon_distutils_commands:/home/ambushee/HexapodLeg_modeling_team/hexapod/install/hexapod_gz/lib/python3.10/site-packages:${PYTHONPATH} /usr/bin/python3 -W ignore:setup.py install is deprecated -W ignore:easy_install command is deprecated setup.py develop --uninstall --editable --build-directory /home/ambushee/HexapodLeg_modeling_team/hexapod/build/hexapod_gz/build
[1.722s] Invoking command in '/home/ambushee/HexapodLeg_modeling_team/hexapod/src/hexapod_gz': CMAKE_PREFIX_PATH=/home/ambushee/HexapodLeg_modeling_team/hexapod/install/hexapod_modelling_team:/home/ambushee/HexapodLeg_modeling_team/hexapod/install/hexapod_controller:/home/ambushee/HexapodLeg_modeling_team/hexapod/install/hexapod_gazebo:/home/ambushee/HexapodLeg_modeling_team/hexapod/install/example_description:/home/ambushee/ros2_ws/install/my_robot_bringup PYTHONPATH=/home/ambushee/HexapodLeg_modeling_team/hexapod/build/hexapod_gz/prefix_override:/usr/lib/python3/dist-packages/colcon_core/task/python/colcon_distutils_commands:/home/ambushee/HexapodLeg_modeling_team/hexapod/install/hexapod_gz/lib/python3.10/site-packages:${PYTHONPATH} /usr/bin/python3 -W ignore:setup.py install is deprecated -W ignore:easy_install command is deprecated setup.py egg_info --egg-base ../../build/hexapod_gz build --build-base /home/ambushee/HexapodLeg_modeling_team/hexapod/build/hexapod_gz/build install --record /home/ambushee/HexapodLeg_modeling_team/hexapod/build/hexapod_gz/install.log --single-version-externally-managed install_data --force
[2.048s] running egg_info
[2.048s] writing ../../build/hexapod_gz/hexapod_gz.egg-info/PKG-INFO
[2.049s] writing dependency_links to ../../build/hexapod_gz/hexapod_gz.egg-info/dependency_links.txt
[2.049s] writing entry points to ../../build/hexapod_gz/hexapod_gz.egg-info/entry_points.txt
[2.049s] writing requirements to ../../build/hexapod_gz/hexapod_gz.egg-info/requires.txt
[2.049s] writing top-level names to ../../build/hexapod_gz/hexapod_gz.egg-info/top_level.txt
[2.050s] reading manifest file '../../build/hexapod_gz/hexapod_gz.egg-info/SOURCES.txt'
[2.052s] writing manifest file '../../build/hexapod_gz/hexapod_gz.egg-info/SOURCES.txt'
[2.052s] running build
[2.052s] running build_py
[2.052s] running install
[2.052s] running install_lib
[2.053s] creating /home/ambushee/HexapodLeg_modeling_team/hexapod/install/hexapod_gz/lib/python3.10/site-packages/hexapod_gz
[2.053s] copying /home/ambushee/HexapodLeg_modeling_team/hexapod/build/hexapod_gz/build/lib/hexapod_gz/joint_position_commander.py -> /home/ambushee/HexapodLeg_modeling_team/hexapod/install/hexapod_gz/lib/python3.10/site-packages/hexapod_gz
[2.053s] copying /home/ambushee/HexapodLeg_modeling_team/hexapod/build/hexapod_gz/build/lib/hexapod_gz/__init__.py -> /home/ambushee/HexapodLeg_modeling_team/hexapod/install/hexapod_gz/lib/python3.10/site-packages/hexapod_gz
[2.053s] byte-compiling /home/ambushee/HexapodLeg_modeling_team/hexapod/install/hexapod_gz/lib/python3.10/site-packages/hexapod_gz/joint_position_commander.py to joint_position_commander.cpython-310.pyc
[2.054s] byte-compiling /home/ambushee/HexapodLeg_modeling_team/hexapod/install/hexapod_gz/lib/python3.10/site-packages/hexapod_gz/__init__.py to __init__.cpython-310.pyc
[2.056s] running install_data
[2.056s] copying resource/hexapod_gz -> /home/ambushee/HexapodLeg_modeling_team/hexapod/install/hexapod_gz/share/ament_index/resource_index/packages
[2.056s] copying package.xml -> /home/ambushee/HexapodLeg_modeling_team/hexapod/install/hexapod_gz/share/hexapod_gz
[2.056s] copying launch/sim.launch.py -> /home/ambushee/HexapodLeg_modeling_team/hexapod/install/hexapod_gz/share/hexapod_gz/launch
[2.057s] copying config/ros2_controllers.yaml -> /home/ambushee/HexapodLeg_modeling_team/hexapod/install/hexapod_gz/share/hexapod_gz/config
[2.057s] copying urdf/hexapod_modelling_team.xacro -> /home/ambushee/HexapodLeg_modeling_team/hexapod/install/hexapod_gz/share/hexapod_gz/urdf
[2.057s] copying urdf/control.xacro -> /home/ambushee/HexapodLeg_modeling_team/hexapod/install/hexapod_gz/share/hexapod_gz/urdf
[2.057s] copying worlds/hexapod.sdf -> /home/ambushee/HexapodLeg_modeling_team/hexapod/install/hexapod_gz/share/hexapod_gz/worlds
[2.057s] running install_egg_info
[2.058s] Copying ../../build/hexapod_gz/hexapod_gz.egg-info to /home/ambushee/HexapodLeg_modeling_team/hexapod/install/hexapod_gz/lib/python3.10/site-packages/hexapod_gz-0.1.0-py3.10.egg-info
[2.059s] running install_scripts
[2.087s] Installing joint_position_commander script to /home/ambushee/HexapodLeg_modeling_team/hexapod/install/hexapod_gz/lib/hexapod_gz
[2.087s] writing list of installed files to '/home/ambushee/HexapodLeg_modeling_team/hexapod/build/hexapod_gz/install.log'
[2.113s] Invoked command in '/home/ambushee/HexapodLeg_modeling_team/hexapod/src/hexapod_gz' returned '0': CMAKE_PREFIX_PATH=/home/ambushee/HexapodLeg_modeling_team/hexapod/install/hexapod_modelling_team:/home/ambushee/HexapodLeg_modeling_team/hexapod/install/hexapod_controller:/home/ambushee/HexapodLeg_modeling_team/hexapod/install/hexapod_gazebo:/home/ambushee/HexapodLeg_modeling_team/hexapod/install/example_description:/home/ambushee/ros2_ws/install/my_robot_bringup PYTHONPATH=/home/ambushee/HexapodLeg_modeling_team/hexapod/build/hexapod_gz/prefix_override:/usr/lib/python3/dist-packages/colcon_core/task/python/colcon_distutils_commands:/home/ambushee/HexapodLeg_modeling_team/hexapod/install/hexapod_gz/lib/python3.10/site-packages:${PYTHONPATH} /usr/bin/python3 -W ignore:setup.py install is deprecated -W ignore:easy_install command is deprecated setup.py egg_info --egg-base ../../build/hexapod_gz build --build-base /home/ambushee/HexapodLeg_modeling_team/hexapod/build/hexapod_gz/build install --record /home/ambushee/HexapodLeg_modeling_team/hexapod/build/hexapod_gz/install.log --single-version-externally-managed install_data --force
