[0.018s] Invoking command in '/home/ambushee/HexapodLeg_modeling_team/hexapod/build/hexapod_gazebo': CMAKE_PREFIX_PATH=/home/ambushee/HexapodLeg_modeling_team/hexapod/install/hexapod_modelling_team:/home/ambushee/HexapodLeg_modeling_team/hexapod/install/hexapod_controller:/home/ambushee/HexapodLeg_modeling_team/hexapod/install/hexapod_gazebo:/home/ambushee/HexapodLeg_modeling_team/hexapod/install/example_description:/home/ambushee/ros2_ws/install/my_robot_bringup:/home/ambushee/HexapodLeg_modeling_team/hexapod/install/hexapod_gz:/opt/ros/humble /usr/bin/cmake --build /home/ambushee/HexapodLeg_modeling_team/hexapod/build/hexapod_gazebo -- -j16 -l16
[0.468s] Invoked command in '/home/ambushee/HexapodLeg_modeling_team/hexapod/build/hexapod_gazebo' returned '0': CMAKE_PREFIX_PATH=/home/ambushee/HexapodLeg_modeling_team/hexapod/install/hexapod_modelling_team:/home/ambushee/HexapodLeg_modeling_team/hexapod/install/hexapod_controller:/home/ambushee/HexapodLeg_modeling_team/hexapod/install/hexapod_gazebo:/home/ambushee/HexapodLeg_modeling_team/hexapod/install/example_description:/home/ambushee/ros2_ws/install/my_robot_bringup:/home/ambushee/HexapodLeg_modeling_team/hexapod/install/hexapod_gz:/opt/ros/humble /usr/bin/cmake --build /home/ambushee/HexapodLeg_modeling_team/hexapod/build/hexapod_gazebo -- -j16 -l16
[0.469s] Invoking command in '/home/ambushee/HexapodLeg_modeling_team/hexapod/build/hexapod_gazebo': CMAKE_PREFIX_PATH=/home/ambushee/HexapodLeg_modeling_team/hexapod/install/hexapod_modelling_team:/home/ambushee/HexapodLeg_modeling_team/hexapod/install/hexapod_controller:/home/ambushee/HexapodLeg_modeling_team/hexapod/install/hexapod_gazebo:/home/ambushee/HexapodLeg_modeling_team/hexapod/install/example_description:/home/ambushee/ros2_ws/install/my_robot_bringup:/home/ambushee/HexapodLeg_modeling_team/hexapod/install/hexapod_gz:/opt/ros/humble /usr/bin/cmake --install /home/ambushee/HexapodLeg_modeling_team/hexapod/build/hexapod_gazebo
[0.479s] -- Install configuration: ""
[0.479s] -- Up-to-date: /home/ambushee/HexapodLeg_modeling_team/hexapod/install/hexapod_gazebo/share/hexapod_gazebo/launch
[0.479s] -- Up-to-date: /home/ambushee/HexapodLeg_modeling_team/hexapod/install/hexapod_gazebo/share/hexapod_gazebo/launch/sim.launch.py
[0.479s] -- Up-to-date: /home/ambushee/HexapodLeg_modeling_team/hexapod/install/hexapod_gazebo/share/hexapod_gazebo/launch/sim_with_controller.launch.py
[0.480s] -- Up-to-date: /home/ambushee/HexapodLeg_modeling_team/hexapod/install/hexapod_gazebo/share/hexapod_gazebo/config
[0.480s] -- Up-to-date: /home/ambushee/HexapodLeg_modeling_team/hexapod/install/hexapod_gazebo/share/hexapod_gazebo/config/plotjuggler.xml
[0.480s] -- Up-to-date: /home/ambushee/HexapodLeg_modeling_team/hexapod/install/hexapod_gazebo/share/hexapod_gazebo/worlds
[0.480s] -- Up-to-date: /home/ambushee/HexapodLeg_modeling_team/hexapod/install/hexapod_gazebo/share/hexapod_gazebo/worlds/hexapod.sdf
[0.480s] -- Up-to-date: /home/ambushee/HexapodLeg_modeling_team/hexapod/install/hexapod_gazebo/share/ament_index/resource_index/package_run_dependencies/hexapod_gazebo
[0.480s] -- Up-to-date: /home/ambushee/HexapodLeg_modeling_team/hexapod/install/hexapod_gazebo/share/ament_index/resource_index/parent_prefix_path/hexapod_gazebo
[0.480s] -- Up-to-date: /home/ambushee/HexapodLeg_modeling_team/hexapod/install/hexapod_gazebo/share/hexapod_gazebo/environment/ament_prefix_path.sh
[0.480s] -- Up-to-date: /home/ambushee/HexapodLeg_modeling_team/hexapod/install/hexapod_gazebo/share/hexapod_gazebo/environment/ament_prefix_path.dsv
[0.480s] -- Up-to-date: /home/ambushee/HexapodLeg_modeling_team/hexapod/install/hexapod_gazebo/share/hexapod_gazebo/environment/path.sh
[0.481s] -- Up-to-date: /home/ambushee/HexapodLeg_modeling_team/hexapod/install/hexapod_gazebo/share/hexapod_gazebo/environment/path.dsv
[0.481s] -- Up-to-date: /home/ambushee/HexapodLeg_modeling_team/hexapod/install/hexapod_gazebo/share/hexapod_gazebo/local_setup.bash
[0.481s] -- Up-to-date: /home/ambushee/HexapodLeg_modeling_team/hexapod/install/hexapod_gazebo/share/hexapod_gazebo/local_setup.sh
[0.481s] -- Up-to-date: /home/ambushee/HexapodLeg_modeling_team/hexapod/install/hexapod_gazebo/share/hexapod_gazebo/local_setup.zsh
[0.482s] -- Up-to-date: /home/ambushee/HexapodLeg_modeling_team/hexapod/install/hexapod_gazebo/share/hexapod_gazebo/local_setup.dsv
[0.482s] -- Up-to-date: /home/ambushee/HexapodLeg_modeling_team/hexapod/install/hexapod_gazebo/share/hexapod_gazebo/package.dsv
[0.482s] -- Up-to-date: /home/ambushee/HexapodLeg_modeling_team/hexapod/install/hexapod_gazebo/share/ament_index/resource_index/packages/hexapod_gazebo
[0.482s] -- Up-to-date: /home/ambushee/HexapodLeg_modeling_team/hexapod/install/hexapod_gazebo/share/hexapod_gazebo/cmake/hexapod_gazeboConfig.cmake
[0.482s] -- Up-to-date: /home/ambushee/HexapodLeg_modeling_team/hexapod/install/hexapod_gazebo/share/hexapod_gazebo/cmake/hexapod_gazeboConfig-version.cmake
[0.482s] -- Up-to-date: /home/ambushee/HexapodLeg_modeling_team/hexapod/install/hexapod_gazebo/share/hexapod_gazebo/package.xml
[0.484s] Invoked command in '/home/ambushee/HexapodLeg_modeling_team/hexapod/build/hexapod_gazebo' returned '0': CMAKE_PREFIX_PATH=/home/ambushee/HexapodLeg_modeling_team/hexapod/install/hexapod_modelling_team:/home/ambushee/HexapodLeg_modeling_team/hexapod/install/hexapod_controller:/home/ambushee/HexapodLeg_modeling_team/hexapod/install/hexapod_gazebo:/home/ambushee/HexapodLeg_modeling_team/hexapod/install/example_description:/home/ambushee/ros2_ws/install/my_robot_bringup:/home/ambushee/HexapodLeg_modeling_team/hexapod/install/hexapod_gz:/opt/ros/humble /usr/bin/cmake --install /home/ambushee/HexapodLeg_modeling_team/hexapod/build/hexapod_gazebo
