-- Install configuration: ""
-- Up-to-date: /home/ambushee/HexapodLeg_modeling_team/hexapod/install/hexapod_gazebo/share/hexapod_gazebo/launch
-- Up-to-date: /home/ambushee/HexapodLeg_modeling_team/hexapod/install/hexapod_gazebo/share/hexapod_gazebo/launch/sim.launch.py
-- Up-to-date: /home/ambushee/HexapodLeg_modeling_team/hexapod/install/hexapod_gazebo/share/hexapod_gazebo/launch/sim_with_controller.launch.py
-- Up-to-date: /home/ambushee/HexapodLeg_modeling_team/hexapod/install/hexapod_gazebo/share/hexapod_gazebo/config
-- Up-to-date: /home/ambushee/HexapodLeg_modeling_team/hexapod/install/hexapod_gazebo/share/hexapod_gazebo/config/plotjuggler.xml
-- Up-to-date: /home/ambushee/HexapodLeg_modeling_team/hexapod/install/hexapod_gazebo/share/hexapod_gazebo/worlds
-- Up-to-date: /home/ambushee/HexapodLeg_modeling_team/hexapod/install/hexapod_gazebo/share/hexapod_gazebo/worlds/hexapod.sdf
-- Up-to-date: /home/ambushee/HexapodLeg_modeling_team/hexapod/install/hexapod_gazebo/share/ament_index/resource_index/package_run_dependencies/hexapod_gazebo
-- Up-to-date: /home/ambushee/HexapodLeg_modeling_team/hexapod/install/hexapod_gazebo/share/ament_index/resource_index/parent_prefix_path/hexapod_gazebo
-- Up-to-date: /home/ambushee/HexapodLeg_modeling_team/hexapod/install/hexapod_gazebo/share/hexapod_gazebo/environment/ament_prefix_path.sh
-- Up-to-date: /home/ambushee/HexapodLeg_modeling_team/hexapod/install/hexapod_gazebo/share/hexapod_gazebo/environment/ament_prefix_path.dsv
-- Up-to-date: /home/ambushee/HexapodLeg_modeling_team/hexapod/install/hexapod_gazebo/share/hexapod_gazebo/environment/path.sh
-- Up-to-date: /home/ambushee/HexapodLeg_modeling_team/hexapod/install/hexapod_gazebo/share/hexapod_gazebo/environment/path.dsv
-- Up-to-date: /home/ambushee/HexapodLeg_modeling_team/hexapod/install/hexapod_gazebo/share/hexapod_gazebo/local_setup.bash
-- Up-to-date: /home/ambushee/HexapodLeg_modeling_team/hexapod/install/hexapod_gazebo/share/hexapod_gazebo/local_setup.sh
-- Up-to-date: /home/ambushee/HexapodLeg_modeling_team/hexapod/install/hexapod_gazebo/share/hexapod_gazebo/local_setup.zsh
-- Up-to-date: /home/ambushee/HexapodLeg_modeling_team/hexapod/install/hexapod_gazebo/share/hexapod_gazebo/local_setup.dsv
-- Installing: /home/ambushee/HexapodLeg_modeling_team/hexapod/install/hexapod_gazebo/share/hexapod_gazebo/package.dsv
-- Up-to-date: /home/ambushee/HexapodLeg_modeling_team/hexapod/install/hexapod_gazebo/share/ament_index/resource_index/packages/hexapod_gazebo
-- Up-to-date: /home/ambushee/HexapodLeg_modeling_team/hexapod/install/hexapod_gazebo/share/hexapod_gazebo/cmake/hexapod_gazeboConfig.cmake
-- Up-to-date: /home/ambushee/HexapodLeg_modeling_team/hexapod/install/hexapod_gazebo/share/hexapod_gazebo/cmake/hexapod_gazeboConfig-version.cmake
-- Up-to-date: /home/ambushee/HexapodLeg_modeling_team/hexapod/install/hexapod_gazebo/share/hexapod_gazebo/package.xml
