[1.241s] Invoking command in '/home/ambushee/HexapodLeg_modeling_team/hexapod/src/hexapod_gz': CMAKE_PREFIX_PATH=/home/ambushee/HexapodLeg_modeling_team/hexapod/install/hexapod_modelling_team:/home/ambushee/HexapodLeg_modeling_team/hexapod/install/hexapod_controller:/home/ambushee/HexapodLeg_modeling_team/hexapod/install/hexapod_gazebo:/home/ambushee/HexapodLeg_modeling_team/hexapod/install/example_description:/home/ambushee/ros2_ws/install/my_robot_bringup PYTHONPATH=/home/ambushee/HexapodLeg_modeling_team/hexapod/build/hexapod_gz/prefix_override:/usr/lib/python3/dist-packages/colcon_core/task/python/colcon_distutils_commands:/home/ambushee/HexapodLeg_modeling_team/hexapod/install/hexapod_gz/lib/python3.10/site-packages:${PYTHONPATH} /usr/bin/python3 -W ignore:setup.py install is deprecated -W ignore:easy_install command is deprecated setup.py egg_info --egg-base ../../build/hexapod_gz build --build-base /home/ambushee/HexapodLeg_modeling_team/hexapod/build/hexapod_gz/build install --record /home/ambushee/HexapodLeg_modeling_team/hexapod/build/hexapod_gz/install.log --single-version-externally-managed install_data
[1.627s] running egg_info
[1.628s] creating ../../build/hexapod_gz/hexapod_gz.egg-info
[1.628s] writing ../../build/hexapod_gz/hexapod_gz.egg-info/PKG-INFO
[1.628s] writing dependency_links to ../../build/hexapod_gz/hexapod_gz.egg-info/dependency_links.txt
[1.629s] writing entry points to ../../build/hexapod_gz/hexapod_gz.egg-info/entry_points.txt
[1.629s] writing requirements to ../../build/hexapod_gz/hexapod_gz.egg-info/requires.txt
[1.629s] writing top-level names to ../../build/hexapod_gz/hexapod_gz.egg-info/top_level.txt
[1.629s] writing manifest file '../../build/hexapod_gz/hexapod_gz.egg-info/SOURCES.txt'
[1.631s] reading manifest file '../../build/hexapod_gz/hexapod_gz.egg-info/SOURCES.txt'
[1.632s] writing manifest file '../../build/hexapod_gz/hexapod_gz.egg-info/SOURCES.txt'
[1.632s] running build
[1.632s] running build_py
[1.632s] creating /home/ambushee/HexapodLeg_modeling_team/hexapod/build/hexapod_gz/build
[1.632s] creating /home/ambushee/HexapodLeg_modeling_team/hexapod/build/hexapod_gz/build/lib
[1.632s] creating /home/ambushee/HexapodLeg_modeling_team/hexapod/build/hexapod_gz/build/lib/hexapod_gz
[1.632s] copying hexapod_gz/joint_position_commander.py -> /home/ambushee/HexapodLeg_modeling_team/hexapod/build/hexapod_gz/build/lib/hexapod_gz
[1.633s] copying hexapod_gz/__init__.py -> /home/ambushee/HexapodLeg_modeling_team/hexapod/build/hexapod_gz/build/lib/hexapod_gz
[1.633s] running install
[1.633s] running install_lib
[1.634s] creating /home/ambushee/HexapodLeg_modeling_team/hexapod/install/hexapod_gz/lib/python3.10/site-packages/hexapod_gz
[1.634s] copying /home/ambushee/HexapodLeg_modeling_team/hexapod/build/hexapod_gz/build/lib/hexapod_gz/joint_position_commander.py -> /home/ambushee/HexapodLeg_modeling_team/hexapod/install/hexapod_gz/lib/python3.10/site-packages/hexapod_gz
[1.634s] copying /home/ambushee/HexapodLeg_modeling_team/hexapod/build/hexapod_gz/build/lib/hexapod_gz/__init__.py -> /home/ambushee/HexapodLeg_modeling_team/hexapod/install/hexapod_gz/lib/python3.10/site-packages/hexapod_gz
[1.634s] byte-compiling /home/ambushee/HexapodLeg_modeling_team/hexapod/install/hexapod_gz/lib/python3.10/site-packages/hexapod_gz/joint_position_commander.py to joint_position_commander.cpython-310.pyc
[1.635s] byte-compiling /home/ambushee/HexapodLeg_modeling_team/hexapod/install/hexapod_gz/lib/python3.10/site-packages/hexapod_gz/__init__.py to __init__.cpython-310.pyc
[1.635s] running install_data
[1.636s] creating /home/ambushee/HexapodLeg_modeling_team/hexapod/install/hexapod_gz/share/ament_index
[1.636s] creating /home/ambushee/HexapodLeg_modeling_team/hexapod/install/hexapod_gz/share/ament_index/resource_index
[1.636s] creating /home/ambushee/HexapodLeg_modeling_team/hexapod/install/hexapod_gz/share/ament_index/resource_index/packages
[1.636s] copying resource/hexapod_gz -> /home/ambushee/HexapodLeg_modeling_team/hexapod/install/hexapod_gz/share/ament_index/resource_index/packages
[1.636s] copying package.xml -> /home/ambushee/HexapodLeg_modeling_team/hexapod/install/hexapod_gz/share/hexapod_gz
[1.636s] creating /home/ambushee/HexapodLeg_modeling_team/hexapod/install/hexapod_gz/share/hexapod_gz/launch
[1.636s] copying launch/sim.launch.py -> /home/ambushee/HexapodLeg_modeling_team/hexapod/install/hexapod_gz/share/hexapod_gz/launch
[1.636s] creating /home/ambushee/HexapodLeg_modeling_team/hexapod/install/hexapod_gz/share/hexapod_gz/config
[1.636s] copying config/ros2_controllers.yaml -> /home/ambushee/HexapodLeg_modeling_team/hexapod/install/hexapod_gz/share/hexapod_gz/config
[1.637s] creating /home/ambushee/HexapodLeg_modeling_team/hexapod/install/hexapod_gz/share/hexapod_gz/urdf
[1.637s] copying urdf/hexapod_modelling_team.xacro -> /home/ambushee/HexapodLeg_modeling_team/hexapod/install/hexapod_gz/share/hexapod_gz/urdf
[1.637s] copying urdf/control.xacro -> /home/ambushee/HexapodLeg_modeling_team/hexapod/install/hexapod_gz/share/hexapod_gz/urdf
[1.637s] creating /home/ambushee/HexapodLeg_modeling_team/hexapod/install/hexapod_gz/share/hexapod_gz/worlds
[1.637s] copying worlds/hexapod.sdf -> /home/ambushee/HexapodLeg_modeling_team/hexapod/install/hexapod_gz/share/hexapod_gz/worlds
[1.637s] running install_egg_info
[1.639s] Copying ../../build/hexapod_gz/hexapod_gz.egg-info to /home/ambushee/HexapodLeg_modeling_team/hexapod/install/hexapod_gz/lib/python3.10/site-packages/hexapod_gz-0.1.0-py3.10.egg-info
[1.640s] running install_scripts
[1.668s] Installing joint_position_commander script to /home/ambushee/HexapodLeg_modeling_team/hexapod/install/hexapod_gz/lib/hexapod_gz
[1.669s] writing list of installed files to '/home/ambushee/HexapodLeg_modeling_team/hexapod/build/hexapod_gz/install.log'
[1.701s] Invoked command in '/home/ambushee/HexapodLeg_modeling_team/hexapod/src/hexapod_gz' returned '0': CMAKE_PREFIX_PATH=/home/ambushee/HexapodLeg_modeling_team/hexapod/install/hexapod_modelling_team:/home/ambushee/HexapodLeg_modeling_team/hexapod/install/hexapod_controller:/home/ambushee/HexapodLeg_modeling_team/hexapod/install/hexapod_gazebo:/home/ambushee/HexapodLeg_modeling_team/hexapod/install/example_description:/home/ambushee/ros2_ws/install/my_robot_bringup PYTHONPATH=/home/ambushee/HexapodLeg_modeling_team/hexapod/build/hexapod_gz/prefix_override:/usr/lib/python3/dist-packages/colcon_core/task/python/colcon_distutils_commands:/home/ambushee/HexapodLeg_modeling_team/hexapod/install/hexapod_gz/lib/python3.10/site-packages:${PYTHONPATH} /usr/bin/python3 -W ignore:setup.py install is deprecated -W ignore:easy_install command is deprecated setup.py egg_info --egg-base ../../build/hexapod_gz build --build-base /home/ambushee/HexapodLeg_modeling_team/hexapod/build/hexapod_gz/build install --record /home/ambushee/HexapodLeg_modeling_team/hexapod/build/hexapod_gz/install.log --single-version-externally-managed install_data
