[0.011s] Invoking command in '/home/ambushee/HexapodLeg_modeling_team/hexapod/build/example_description': CMAKE_PREFIX_PATH=${CMAKE_PREFIX_PATH}:/opt/ros/humble /usr/bin/cmake /home/ambushee/HexapodLeg_modeling_team/hexapod/src/example_description -DCMAKE_INSTALL_PREFIX=/home/ambushee/HexapodLeg_modeling_team/hexapod/install/example_description
[0.047s] -- The C compiler identification is GNU 11.4.0
[0.087s] -- The CXX compiler identification is GNU 11.4.0
[0.094s] -- Detecting C compiler ABI info
[0.142s] -- Detecting C compiler ABI info - done
[0.148s] -- Check for working C compiler: /usr/bin/cc - skipped
[0.149s] -- Detecting C compile features
[0.149s] -- Detecting C compile features - done
[0.151s] -- Detecting CXX compiler ABI info
[0.207s] -- Detecting CXX compiler ABI info - done
[0.213s] -- Check for working CXX compiler: /usr/bin/c++ - skipped
[0.213s] -- Detecting CXX compile features
[0.213s] -- Detecting CXX compile features - done
[0.215s] -- Found ament_cmake: 1.3.11 (/opt/ros/humble/share/ament_cmake/cmake)
[0.336s] -- Found Python3: /usr/bin/python3 (found version "3.10.12") found components: Interpreter 
[0.441s] -- Found rclcpp: 16.0.11 (/opt/ros/humble/share/rclcpp/cmake)
[0.508s] -- Found rosidl_generator_c: 3.1.6 (/opt/ros/humble/share/rosidl_generator_c/cmake)
[0.515s] -- Found rosidl_adapter: 3.1.6 (/opt/ros/humble/share/rosidl_adapter/cmake)
[0.528s] -- Found rosidl_generator_cpp: 3.1.6 (/opt/ros/humble/share/rosidl_generator_cpp/cmake)
[0.547s] -- Using all available rosidl_typesupport_c: rosidl_typesupport_fastrtps_c;rosidl_typesupport_introspection_c
[0.573s] -- Using all available rosidl_typesupport_cpp: rosidl_typesupport_fastrtps_cpp;rosidl_typesupport_introspection_cpp
[0.617s] -- Found rmw_implementation_cmake: 6.1.2 (/opt/ros/humble/share/rmw_implementation_cmake/cmake)
[0.619s] -- Found rmw_fastrtps_cpp: 6.2.7 (/opt/ros/humble/share/rmw_fastrtps_cpp/cmake)
[0.689s] -- Found OpenSSL: /usr/lib/x86_64-linux-gnu/libcrypto.so (found version "3.0.2")  
[0.725s] -- Found FastRTPS: /opt/ros/humble/include  
[0.770s] -- Using RMW implementation 'rmw_fastrtps_cpp' as default
[0.775s] -- Looking for pthread.h
[0.834s] -- Looking for pthread.h - found
[0.834s] -- Performing Test CMAKE_HAVE_LIBC_PTHREAD
[0.889s] -- Performing Test CMAKE_HAVE_LIBC_PTHREAD - Success
[0.890s] -- Found Threads: TRUE  
[0.959s] -- Found rclpy: 3.3.15 (/opt/ros/humble/share/rclpy/cmake)
[1.084s] -- Configuring done
[1.098s] -- Generating done
[1.105s] -- Build files have been written to: /home/ambushee/HexapodLeg_modeling_team/hexapod/build/example_description
[1.119s] Invoked command in '/home/ambushee/HexapodLeg_modeling_team/hexapod/build/example_description' returned '0': CMAKE_PREFIX_PATH=${CMAKE_PREFIX_PATH}:/opt/ros/humble /usr/bin/cmake /home/ambushee/HexapodLeg_modeling_team/hexapod/src/example_description -DCMAKE_INSTALL_PREFIX=/home/ambushee/HexapodLeg_modeling_team/hexapod/install/example_description
[1.121s] Invoking command in '/home/ambushee/HexapodLeg_modeling_team/hexapod/build/example_description': CMAKE_PREFIX_PATH=${CMAKE_PREFIX_PATH}:/opt/ros/humble /usr/bin/cmake --build /home/ambushee/HexapodLeg_modeling_team/hexapod/build/example_description -- -j16 -l16
[1.162s] [ 50%] [32mBuilding CXX object CMakeFiles/cpp_node_test.dir/src/cpp_node.cpp.o[0m
[1.168s] [ 50%] Built target ament_cmake_python_copy_example_description
[1.418s] [100%] [32m[1mLinking CXX executable cpp_node_test[0m
[1.471s] running egg_info
[1.471s] creating example_description.egg-info
[1.471s] writing example_description.egg-info/PKG-INFO
[1.472s] writing dependency_links to example_description.egg-info/dependency_links.txt
[1.472s] writing top-level names to example_description.egg-info/top_level.txt
[1.472s] writing manifest file 'example_description.egg-info/SOURCES.txt'
[1.474s] reading manifest file 'example_description.egg-info/SOURCES.txt'
[1.474s] writing manifest file 'example_description.egg-info/SOURCES.txt'
[1.499s] [100%] Built target ament_cmake_python_build_example_description_egg
[1.511s] [100%] Built target cpp_node_test
[1.518s] Invoked command in '/home/ambushee/HexapodLeg_modeling_team/hexapod/build/example_description' returned '0': CMAKE_PREFIX_PATH=${CMAKE_PREFIX_PATH}:/opt/ros/humble /usr/bin/cmake --build /home/ambushee/HexapodLeg_modeling_team/hexapod/build/example_description -- -j16 -l16
[1.520s] Invoking command in '/home/ambushee/HexapodLeg_modeling_team/hexapod/build/example_description': CMAKE_PREFIX_PATH=${CMAKE_PREFIX_PATH}:/opt/ros/humble /usr/bin/cmake --install /home/ambushee/HexapodLeg_modeling_team/hexapod/build/example_description
[1.525s] -- Install configuration: ""
[1.525s] -- Installing: /home/ambushee/HexapodLeg_modeling_team/hexapod/install/example_description/share/example_description/environment/pythonpath.sh
[1.525s] -- Installing: /home/ambushee/HexapodLeg_modeling_team/hexapod/install/example_description/share/example_description/environment/pythonpath.dsv
[1.525s] -- Installing: /home/ambushee/HexapodLeg_modeling_team/hexapod/install/example_description/local/lib/python3.10/dist-packages/example_description-0.0.0-py3.10.egg-info
[1.525s] -- Installing: /home/ambushee/HexapodLeg_modeling_team/hexapod/install/example_description/local/lib/python3.10/dist-packages/example_description-0.0.0-py3.10.egg-info/dependency_links.txt
[1.525s] -- Installing: /home/ambushee/HexapodLeg_modeling_team/hexapod/install/example_description/local/lib/python3.10/dist-packages/example_description-0.0.0-py3.10.egg-info/SOURCES.txt
[1.525s] -- Installing: /home/ambushee/HexapodLeg_modeling_team/hexapod/install/example_description/local/lib/python3.10/dist-packages/example_description-0.0.0-py3.10.egg-info/top_level.txt
[1.525s] -- Installing: /home/ambushee/HexapodLeg_modeling_team/hexapod/install/example_description/local/lib/python3.10/dist-packages/example_description-0.0.0-py3.10.egg-info/PKG-INFO
[1.525s] -- Installing: /home/ambushee/HexapodLeg_modeling_team/hexapod/install/example_description/local/lib/python3.10/dist-packages/example_description
[1.525s] -- Installing: /home/ambushee/HexapodLeg_modeling_team/hexapod/install/example_description/local/lib/python3.10/dist-packages/example_description/__init__.py
[1.525s] -- Installing: /home/ambushee/HexapodLeg_modeling_team/hexapod/install/example_description/local/lib/python3.10/dist-packages/example_description/dummy_module.py
[1.548s] Listing '/home/ambushee/HexapodLeg_modeling_team/hexapod/install/example_description/local/lib/python3.10/dist-packages/example_description'...
[1.548s] Compiling '/home/ambushee/HexapodLeg_modeling_team/hexapod/install/example_description/local/lib/python3.10/dist-packages/example_description/__init__.py'...
[1.548s] Compiling '/home/ambushee/HexapodLeg_modeling_team/hexapod/install/example_description/local/lib/python3.10/dist-packages/example_description/dummy_module.py'...
[1.551s] -- Installing: /home/ambushee/HexapodLeg_modeling_team/hexapod/install/example_description/lib/example_description/dummy_script.py
[1.551s] -- Installing: /home/ambushee/HexapodLeg_modeling_team/hexapod/install/example_description/lib/example_description/cpp_node_test
[1.551s] -- Set runtime path of "/home/ambushee/HexapodLeg_modeling_team/hexapod/install/example_description/lib/example_description/cpp_node_test" to ""
[1.552s] -- Installing: /home/ambushee/HexapodLeg_modeling_team/hexapod/install/example_description/share/example_description/config
[1.552s] -- Installing: /home/ambushee/HexapodLeg_modeling_team/hexapod/install/example_description/share/example_description/config/display.rviz
[1.552s] -- Installing: /home/ambushee/HexapodLeg_modeling_team/hexapod/install/example_description/share/example_description/launch
[1.552s] -- Installing: /home/ambushee/HexapodLeg_modeling_team/hexapod/install/example_description/share/example_description/launch/simple_display.launch.py
[1.552s] -- Installing: /home/ambushee/HexapodLeg_modeling_team/hexapod/install/example_description/share/example_description/launch/fun.launch.py
[1.552s] -- Installing: /home/ambushee/HexapodLeg_modeling_team/hexapod/install/example_description/share/example_description/meshes
[1.552s] -- Installing: /home/ambushee/HexapodLeg_modeling_team/hexapod/install/example_description/share/example_description/meshes/link_0.stl
[1.552s] -- Installing: /home/ambushee/HexapodLeg_modeling_team/hexapod/install/example_description/share/example_description/meshes/link_3.stl
[1.552s] -- Installing: /home/ambushee/HexapodLeg_modeling_team/hexapod/install/example_description/share/example_description/meshes/link_1.stl
[1.552s] -- Installing: /home/ambushee/HexapodLeg_modeling_team/hexapod/install/example_description/share/example_description/meshes/link_2.stl
[1.552s] -- Installing: /home/ambushee/HexapodLeg_modeling_team/hexapod/install/example_description/share/example_description/meshes/end_effector.stl
[1.552s] -- Installing: /home/ambushee/HexapodLeg_modeling_team/hexapod/install/example_description/share/example_description/robot
[1.552s] -- Installing: /home/ambushee/HexapodLeg_modeling_team/hexapod/install/example_description/share/example_description/robot/visual
[1.552s] -- Installing: /home/ambushee/HexapodLeg_modeling_team/hexapod/install/example_description/share/example_description/robot/visual/01-myfirst.urdf
[1.552s] -- Installing: /home/ambushee/HexapodLeg_modeling_team/hexapod/install/example_description/share/example_description/robot/visual/my-robot.xacro
[1.552s] -- Installing: /home/ambushee/HexapodLeg_modeling_team/hexapod/install/example_description/share/ament_index/resource_index/package_run_dependencies/example_description
[1.553s] -- Installing: /home/ambushee/HexapodLeg_modeling_team/hexapod/install/example_description/share/ament_index/resource_index/parent_prefix_path/example_description
[1.553s] -- Installing: /home/ambushee/HexapodLeg_modeling_team/hexapod/install/example_description/share/example_description/environment/ament_prefix_path.sh
[1.553s] -- Installing: /home/ambushee/HexapodLeg_modeling_team/hexapod/install/example_description/share/example_description/environment/ament_prefix_path.dsv
[1.553s] -- Installing: /home/ambushee/HexapodLeg_modeling_team/hexapod/install/example_description/share/example_description/environment/path.sh
[1.553s] -- Installing: /home/ambushee/HexapodLeg_modeling_team/hexapod/install/example_description/share/example_description/environment/path.dsv
[1.553s] -- Installing: /home/ambushee/HexapodLeg_modeling_team/hexapod/install/example_description/share/example_description/local_setup.bash
[1.553s] -- Installing: /home/ambushee/HexapodLeg_modeling_team/hexapod/install/example_description/share/example_description/local_setup.sh
[1.553s] -- Installing: /home/ambushee/HexapodLeg_modeling_team/hexapod/install/example_description/share/example_description/local_setup.zsh
[1.553s] -- Installing: /home/ambushee/HexapodLeg_modeling_team/hexapod/install/example_description/share/example_description/local_setup.dsv
[1.553s] -- Installing: /home/ambushee/HexapodLeg_modeling_team/hexapod/install/example_description/share/example_description/package.dsv
[1.553s] -- Installing: /home/ambushee/HexapodLeg_modeling_team/hexapod/install/example_description/share/ament_index/resource_index/packages/example_description
[1.553s] -- Installing: /home/ambushee/HexapodLeg_modeling_team/hexapod/install/example_description/share/example_description/cmake/example_descriptionConfig.cmake
[1.554s] -- Installing: /home/ambushee/HexapodLeg_modeling_team/hexapod/install/example_description/share/example_description/cmake/example_descriptionConfig-version.cmake
[1.554s] -- Installing: /home/ambushee/HexapodLeg_modeling_team/hexapod/install/example_description/share/example_description/package.xml
[1.555s] Invoked command in '/home/ambushee/HexapodLeg_modeling_team/hexapod/build/example_description' returned '0': CMAKE_PREFIX_PATH=${CMAKE_PREFIX_PATH}:/opt/ros/humble /usr/bin/cmake --install /home/ambushee/HexapodLeg_modeling_team/hexapod/build/example_description
