[100%] Built target cpp_node_test
-- Install configuration: ""
-- Up-to-date: /home/ambushee/HexapodLeg_modeling_team/hexapod/install/hexapod_modelling_team/lib/hexapod_modelling_team/cpp_node_test
-- Up-to-date: /home/ambushee/HexapodLeg_modeling_team/hexapod/install/hexapod_modelling_team/share/hexapod_modelling_team/config
-- Up-to-date: /home/ambushee/HexapodLeg_modeling_team/hexapod/install/hexapod_modelling_team/share/hexapod_modelling_team/config/setup.bash
-- Up-to-date: /home/ambushee/HexapodLeg_modeling_team/hexapod/install/hexapod_modelling_team/share/hexapod_modelling_team/config/joint_hexapod.yaml
-- Up-to-date: /home/ambushee/HexapodLeg_modeling_team/hexapod/install/hexapod_modelling_team/share/hexapod_modelling_team/config/ros2_controllers.yaml
-- Up-to-date: /home/ambushee/HexapodLeg_modeling_team/hexapod/install/hexapod_modelling_team/share/hexapod_modelling_team/launch
-- Up-to-date: /home/ambushee/HexapodLeg_modeling_team/hexapod/install/hexapod_modelling_team/share/hexapod_modelling_team/launch/display.launch
-- Up-to-date: /home/ambushee/HexapodLeg_modeling_team/hexapod/install/hexapod_modelling_team/share/hexapod_modelling_team/launch/simple_display.launch.py
-- Up-to-date: /home/ambushee/HexapodLeg_modeling_team/hexapod/install/hexapod_modelling_team/share/hexapod_modelling_team/launch/simulation-full.launch.py
-- Up-to-date: /home/ambushee/HexapodLeg_modeling_team/hexapod/install/hexapod_modelling_team/share/hexapod_modelling_team/launch/gazebo_simulation.launch.py
-- Up-to-date: /home/ambushee/HexapodLeg_modeling_team/hexapod/install/hexapod_modelling_team/share/hexapod_modelling_team/launch/hexapod_robot.launch.py
-- Up-to-date: /home/ambushee/HexapodLeg_modeling_team/hexapod/install/hexapod_modelling_team/share/hexapod_modelling_team/meshes
-- Up-to-date: /home/ambushee/HexapodLeg_modeling_team/hexapod/install/hexapod_modelling_team/share/hexapod_modelling_team/meshes/Link1.STL
-- Up-to-date: /home/ambushee/HexapodLeg_modeling_team/hexapod/install/hexapod_modelling_team/share/hexapod_modelling_team/meshes/base_link.STL
-- Up-to-date: /home/ambushee/HexapodLeg_modeling_team/hexapod/install/hexapod_modelling_team/share/hexapod_modelling_team/meshes/Link_2.STL
-- Up-to-date: /home/ambushee/HexapodLeg_modeling_team/hexapod/install/hexapod_modelling_team/share/hexapod_modelling_team/urdf
-- Up-to-date: /home/ambushee/HexapodLeg_modeling_team/hexapod/install/hexapod_modelling_team/share/hexapod_modelling_team/urdf/gazebo.xacro
-- Up-to-date: /home/ambushee/HexapodLeg_modeling_team/hexapod/install/hexapod_modelling_team/share/hexapod_modelling_team/urdf/hexapod_modelling_team.urdf
-- Up-to-date: /home/ambushee/HexapodLeg_modeling_team/hexapod/install/hexapod_modelling_team/share/hexapod_modelling_team/urdf/2DOF_Physical.csv
-- Up-to-date: /home/ambushee/HexapodLeg_modeling_team/hexapod/install/hexapod_modelling_team/share/hexapod_modelling_team/urdf/ros2_control.xacro
-- Up-to-date: /home/ambushee/HexapodLeg_modeling_team/hexapod/install/hexapod_modelling_team/share/hexapod_modelling_team/urdf/hexapod_modelling_team.xacro
-- Up-to-date: /home/ambushee/HexapodLeg_modeling_team/hexapod/install/hexapod_modelling_team/share/hexapod_modelling_team/rviz
-- Up-to-date: /home/ambushee/HexapodLeg_modeling_team/hexapod/install/hexapod_modelling_team/share/hexapod_modelling_team/rviz/display.rviz
-- Up-to-date: /home/ambushee/HexapodLeg_modeling_team/hexapod/install/hexapod_modelling_team/share/hexapod_modelling_team/models
-- Up-to-date: /home/ambushee/HexapodLeg_modeling_team/hexapod/install/hexapod_modelling_team/share/hexapod_modelling_team/models/hexapod_modelling_team
-- Up-to-date: /home/ambushee/HexapodLeg_modeling_team/hexapod/install/hexapod_modelling_team/share/hexapod_modelling_team/models/hexapod_modelling_team/model.sdf
-- Up-to-date: /home/ambushee/HexapodLeg_modeling_team/hexapod/install/hexapod_modelling_team/share/hexapod_modelling_team/models/hexapod_modelling_team/meshes
-- Up-to-date: /home/ambushee/HexapodLeg_modeling_team/hexapod/install/hexapod_modelling_team/share/hexapod_modelling_team/models/hexapod_modelling_team/meshes/Link1.STL
-- Up-to-date: /home/ambushee/HexapodLeg_modeling_team/hexapod/install/hexapod_modelling_team/share/hexapod_modelling_team/models/hexapod_modelling_team/meshes/base_link.STL
-- Up-to-date: /home/ambushee/HexapodLeg_modeling_team/hexapod/install/hexapod_modelling_team/share/hexapod_modelling_team/models/hexapod_modelling_team/meshes/Link_2.STL
-- Up-to-date: /home/ambushee/HexapodLeg_modeling_team/hexapod/install/hexapod_modelling_team/share/hexapod_modelling_team/models/hexapod_modelling_team/model.config
-- Up-to-date: /home/ambushee/HexapodLeg_modeling_team/hexapod/install/hexapod_modelling_team/share/ament_index/resource_index/package_run_dependencies/hexapod_modelling_team
-- Up-to-date: /home/ambushee/HexapodLeg_modeling_team/hexapod/install/hexapod_modelling_team/share/ament_index/resource_index/parent_prefix_path/hexapod_modelling_team
-- Up-to-date: /home/ambushee/HexapodLeg_modeling_team/hexapod/install/hexapod_modelling_team/share/hexapod_modelling_team/environment/ament_prefix_path.sh
-- Up-to-date: /home/ambushee/HexapodLeg_modeling_team/hexapod/install/hexapod_modelling_team/share/hexapod_modelling_team/environment/ament_prefix_path.dsv
-- Up-to-date: /home/ambushee/HexapodLeg_modeling_team/hexapod/install/hexapod_modelling_team/share/hexapod_modelling_team/environment/path.sh
-- Up-to-date: /home/ambushee/HexapodLeg_modeling_team/hexapod/install/hexapod_modelling_team/share/hexapod_modelling_team/environment/path.dsv
-- Up-to-date: /home/ambushee/HexapodLeg_modeling_team/hexapod/install/hexapod_modelling_team/share/hexapod_modelling_team/local_setup.bash
-- Up-to-date: /home/ambushee/HexapodLeg_modeling_team/hexapod/install/hexapod_modelling_team/share/hexapod_modelling_team/local_setup.sh
-- Up-to-date: /home/ambushee/HexapodLeg_modeling_team/hexapod/install/hexapod_modelling_team/share/hexapod_modelling_team/local_setup.zsh
-- Up-to-date: /home/ambushee/HexapodLeg_modeling_team/hexapod/install/hexapod_modelling_team/share/hexapod_modelling_team/local_setup.dsv
-- Installing: /home/ambushee/HexapodLeg_modeling_team/hexapod/install/hexapod_modelling_team/share/hexapod_modelling_team/package.dsv
-- Up-to-date: /home/ambushee/HexapodLeg_modeling_team/hexapod/install/hexapod_modelling_team/share/ament_index/resource_index/packages/hexapod_modelling_team
-- Up-to-date: /home/ambushee/HexapodLeg_modeling_team/hexapod/install/hexapod_modelling_team/share/hexapod_modelling_team/cmake/hexapod_modelling_teamConfig.cmake
-- Up-to-date: /home/ambushee/HexapodLeg_modeling_team/hexapod/install/hexapod_modelling_team/share/hexapod_modelling_team/cmake/hexapod_modelling_teamConfig-version.cmake
-- Up-to-date: /home/ambushee/HexapodLeg_modeling_team/hexapod/install/hexapod_modelling_team/share/hexapod_modelling_team/package.xml
