[0.013s] Invoking command in '/home/ambushee/HexapodLeg_modeling_team/hexapod/build/cybergear_interfaces': CMAKE_PREFIX_PATH=${CMAKE_PREFIX_PATH}:/opt/ros/humble /usr/bin/cmake /home/ambushee/HexapodLeg_modeling_team/hexapod/src/cybergear/cybergear_interfaces -DCMAKE_INSTALL_PREFIX=/home/ambushee/HexapodLeg_modeling_team/hexapod/install/cybergear_interfaces
[0.050s] -- The C compiler identification is GNU 11.4.0
[0.089s] -- The CXX compiler identification is GNU 11.4.0
[0.095s] -- Detecting C compiler ABI info
[0.144s] -- Detecting C compiler ABI info - done
[0.149s] -- Check for working C compiler: /usr/bin/cc - skipped
[0.150s] -- Detecting C compile features
[0.150s] -- Detecting C compile features - done
[0.152s] -- Detecting CXX compiler ABI info
[0.210s] -- Detecting CXX compiler ABI info - done
[0.215s] -- Check for working CXX compiler: /usr/bin/c++ - skipped
[0.216s] -- Detecting CXX compile features
[0.216s] -- Detecting CXX compile features - done
[0.218s] -- Found ament_cmake: 1.3.11 (/opt/ros/humble/share/ament_cmake/cmake)
[0.339s] -- Found Python3: /usr/bin/python3 (found version "3.10.12") found components: Interpreter 
[0.418s] -- Found ament_cmake_auto: 1.3.11 (/opt/ros/humble/share/ament_cmake_auto/cmake)
[0.474s] -- Using all available rosidl_typesupport_c: rosidl_typesupport_fastrtps_c;rosidl_typesupport_introspection_c
[0.479s] -- Found rosidl_adapter: 3.1.6 (/opt/ros/humble/share/rosidl_adapter/cmake)
[0.524s] -- Using all available rosidl_typesupport_cpp: rosidl_typesupport_fastrtps_cpp;rosidl_typesupport_introspection_cpp
[0.804s] -- Found ament_cmake_ros: 0.10.0 (/opt/ros/humble/share/ament_cmake_ros/cmake)
[1.015s] -- Using all available rosidl_typesupport_c: rosidl_typesupport_fastrtps_c;rosidl_typesupport_introspection_c
[1.322s] -- Using all available rosidl_typesupport_cpp: rosidl_typesupport_fastrtps_cpp;rosidl_typesupport_introspection_cpp
[1.347s] -- Found PythonInterp: /usr/bin/python3 (found suitable version "3.10.12", minimum required is "3.6") 
[1.349s] -- Found python_cmake_module: 0.10.0 (/opt/ros/humble/share/python_cmake_module/cmake)
[1.379s] -- Found PythonLibs: /usr/lib/x86_64-linux-gnu/libpython3.10.so (found suitable version "3.10.12", minimum required is "3.5") 
[1.380s] -- Using PYTHON_EXECUTABLE: /usr/bin/python3
[1.380s] -- Using PYTHON_INCLUDE_DIRS: /usr/include/python3.10
[1.380s] -- Using PYTHON_LIBRARIES: /usr/lib/x86_64-linux-gnu/libpython3.10.so
[1.400s] -- Found PythonExtra: .so  
[1.448s] -- Found ament_lint_auto: 0.12.11 (/opt/ros/humble/share/ament_lint_auto/cmake)
[1.468s] -- Added test 'lint_cmake' to check CMake code style
[1.469s] -- Added test 'xmllint' to check XML markup files
[1.471s] -- Configuring done
[1.507s] -- Generating done
[1.516s] -- Build files have been written to: /home/ambushee/HexapodLeg_modeling_team/hexapod/build/cybergear_interfaces
[1.523s] Invoked command in '/home/ambushee/HexapodLeg_modeling_team/hexapod/build/cybergear_interfaces' returned '0': CMAKE_PREFIX_PATH=${CMAKE_PREFIX_PATH}:/opt/ros/humble /usr/bin/cmake /home/ambushee/HexapodLeg_modeling_team/hexapod/src/cybergear/cybergear_interfaces -DCMAKE_INSTALL_PREFIX=/home/ambushee/HexapodLeg_modeling_team/hexapod/install/cybergear_interfaces
[1.524s] Invoking command in '/home/ambushee/HexapodLeg_modeling_team/hexapod/build/cybergear_interfaces': CMAKE_PREFIX_PATH=${CMAKE_PREFIX_PATH}:/opt/ros/humble /usr/bin/cmake --build /home/ambushee/HexapodLeg_modeling_team/hexapod/build/cybergear_interfaces -- -j16 -l16
[1.549s] [  1%] [34m[1mGenerating C code for ROS interfaces[0m
[1.556s] [  2%] [34m[1mGenerating C++ code for ROS interfaces[0m
[1.560s] [  2%] Built target ament_cmake_python_copy_cybergear_interfaces
[1.782s] running egg_info
[1.782s] creating cybergear_interfaces.egg-info
[1.782s] writing cybergear_interfaces.egg-info/PKG-INFO
[1.782s] writing dependency_links to cybergear_interfaces.egg-info/dependency_links.txt
[1.782s] writing top-level names to cybergear_interfaces.egg-info/top_level.txt
[1.782s] writing manifest file 'cybergear_interfaces.egg-info/SOURCES.txt'
[1.784s] reading manifest file 'cybergear_interfaces.egg-info/SOURCES.txt'
[1.784s] writing manifest file 'cybergear_interfaces.egg-info/SOURCES.txt'
[1.804s] [  2%] Built target ament_cmake_python_build_cybergear_interfaces_egg
[2.138s] [  9%] [32mBuilding C object CMakeFiles/cybergear_interfaces__rosidl_generator_c.dir/rosidl_generator_c/cybergear_interfaces/msg/detail/motor_control__functions.c.o[0m
[2.138s] [  9%] [32mBuilding C object CMakeFiles/cybergear_interfaces__rosidl_generator_c.dir/rosidl_generator_c/cybergear_interfaces/srv/detail/set_motion_gain__functions.c.o[0m
[2.138s] [  9%] [32mBuilding C object CMakeFiles/cybergear_interfaces__rosidl_generator_c.dir/rosidl_generator_c/cybergear_interfaces/msg/detail/motor_control_group__functions.c.o[0m
[2.138s] [  9%] [32mBuilding C object CMakeFiles/cybergear_interfaces__rosidl_generator_c.dir/rosidl_generator_c/cybergear_interfaces/msg/detail/set_point__functions.c.o[0m
[2.138s] [  9%] [32mBuilding C object CMakeFiles/cybergear_interfaces__rosidl_generator_c.dir/rosidl_generator_c/cybergear_interfaces/srv/detail/set_param__functions.c.o[0m
[2.138s] [ 11%] [32mBuilding C object CMakeFiles/cybergear_interfaces__rosidl_generator_c.dir/rosidl_generator_c/cybergear_interfaces/srv/detail/volta_operation_command__functions.c.o[0m
[2.185s] [ 11%] Built target cybergear_interfaces__cpp
[2.192s] [ 12%] [34m[1mGenerating C++ type support dispatch for ROS interfaces[0m
[2.193s] [ 15%] [34m[1mGenerating C++ introspection for ROS interfaces[0m
[2.193s] [ 15%] [34m[1mGenerating C++ type support for eProsima Fast-RTPS[0m
[2.199s] [ 16%] [32m[1mLinking C shared library libcybergear_interfaces__rosidl_generator_c.so[0m
[2.226s] [ 16%] Built target cybergear_interfaces__rosidl_generator_c
[2.234s] [ 18%] [34m[1mGenerating C type support for eProsima Fast-RTPS[0m
[2.234s] [ 21%] [34m[1mGenerating C type support dispatch for ROS interfaces[0m
[2.234s] [ 21%] [34m[1mGenerating C introspection for ROS interfaces[0m
[2.719s] [ 22%] [32mBuilding CXX object CMakeFiles/cybergear_interfaces__rosidl_typesupport_cpp.dir/rosidl_typesupport_cpp/cybergear_interfaces/msg/motor_control__type_support.cpp.o[0m
[2.719s] [ 23%] [32mBuilding CXX object CMakeFiles/cybergear_interfaces__rosidl_typesupport_cpp.dir/rosidl_typesupport_cpp/cybergear_interfaces/msg/set_point__type_support.cpp.o[0m
[2.719s] [ 25%] [32mBuilding CXX object CMakeFiles/cybergear_interfaces__rosidl_typesupport_cpp.dir/rosidl_typesupport_cpp/cybergear_interfaces/srv/set_param__type_support.cpp.o[0m
[2.721s] [ 26%] [32mBuilding CXX object CMakeFiles/cybergear_interfaces__rosidl_typesupport_cpp.dir/rosidl_typesupport_cpp/cybergear_interfaces/msg/motor_control_group__type_support.cpp.o[0m
[2.722s] [ 28%] [32mBuilding CXX object CMakeFiles/cybergear_interfaces__rosidl_typesupport_cpp.dir/rosidl_typesupport_cpp/cybergear_interfaces/srv/set_motion_gain__type_support.cpp.o[0m
[2.722s] [ 29%] [32mBuilding CXX object CMakeFiles/cybergear_interfaces__rosidl_typesupport_cpp.dir/rosidl_typesupport_cpp/cybergear_interfaces/srv/volta_operation_command__type_support.cpp.o[0m
[2.769s] [ 33%] [32mBuilding CXX object CMakeFiles/cybergear_interfaces__rosidl_typesupport_c.dir/rosidl_typesupport_c/cybergear_interfaces/msg/motor_control_group__type_support.cpp.o[0m
[2.770s] [ 33%] [32mBuilding CXX object CMakeFiles/cybergear_interfaces__rosidl_typesupport_c.dir/rosidl_typesupport_c/cybergear_interfaces/srv/set_param__type_support.cpp.o[0m
[2.770s] [ 35%] [32mBuilding CXX object CMakeFiles/cybergear_interfaces__rosidl_typesupport_c.dir/rosidl_typesupport_c/cybergear_interfaces/msg/set_point__type_support.cpp.o[0m
[2.770s] [ 36%] [32mBuilding CXX object CMakeFiles/cybergear_interfaces__rosidl_typesupport_c.dir/rosidl_typesupport_c/cybergear_interfaces/srv/set_motion_gain__type_support.cpp.o[0m
[2.770s] [ 38%] [32mBuilding CXX object CMakeFiles/cybergear_interfaces__rosidl_typesupport_c.dir/rosidl_typesupport_c/cybergear_interfaces/srv/volta_operation_command__type_support.cpp.o[0m
[2.770s] [ 38%] [32mBuilding CXX object CMakeFiles/cybergear_interfaces__rosidl_typesupport_c.dir/rosidl_typesupport_c/cybergear_interfaces/msg/motor_control__type_support.cpp.o[0m
[2.825s] [ 39%] [32m[1mLinking CXX shared library libcybergear_interfaces__rosidl_typesupport_c.so[0m
[2.860s] [ 42%] [32mBuilding CXX object CMakeFiles/cybergear_interfaces__rosidl_typesupport_introspection_cpp.dir/rosidl_typesupport_introspection_cpp/cybergear_interfaces/msg/detail/motor_control__type_support.cpp.o[0m
[2.860s] [ 42%] [32mBuilding CXX object CMakeFiles/cybergear_interfaces__rosidl_typesupport_introspection_cpp.dir/rosidl_typesupport_introspection_cpp/cybergear_interfaces/msg/detail/motor_control_group__type_support.cpp.o[0m
[2.860s] [ 45%] [32mBuilding CXX object CMakeFiles/cybergear_interfaces__rosidl_typesupport_introspection_cpp.dir/rosidl_typesupport_introspection_cpp/cybergear_interfaces/srv/detail/set_param__type_support.cpp.o[0m
[2.860s] [ 46%] [32mBuilding CXX object CMakeFiles/cybergear_interfaces__rosidl_typesupport_introspection_cpp.dir/rosidl_typesupport_introspection_cpp/cybergear_interfaces/srv/detail/volta_operation_command__type_support.cpp.o[0m
[2.860s] [ 46%] [32mBuilding CXX object CMakeFiles/cybergear_interfaces__rosidl_typesupport_introspection_cpp.dir/rosidl_typesupport_introspection_cpp/cybergear_interfaces/msg/detail/set_point__type_support.cpp.o[0m
[2.860s] [ 47%] [32mBuilding CXX object CMakeFiles/cybergear_interfaces__rosidl_typesupport_introspection_cpp.dir/rosidl_typesupport_introspection_cpp/cybergear_interfaces/srv/detail/set_motion_gain__type_support.cpp.o[0m
[2.891s] [ 47%] Built target cybergear_interfaces__rosidl_typesupport_c
[3.028s] [ 49%] [32mBuilding C object CMakeFiles/cybergear_interfaces__rosidl_typesupport_introspection_c.dir/rosidl_typesupport_introspection_c/cybergear_interfaces/msg/detail/motor_control__type_support.c.o[0m
[3.029s] [ 50%] [32mBuilding C object CMakeFiles/cybergear_interfaces__rosidl_typesupport_introspection_c.dir/rosidl_typesupport_introspection_c/cybergear_interfaces/msg/detail/motor_control_group__type_support.c.o[0m
[3.080s] [ 52%] [32mBuilding CXX object CMakeFiles/cybergear_interfaces__rosidl_typesupport_fastrtps_cpp.dir/rosidl_typesupport_fastrtps_cpp/cybergear_interfaces/msg/detail/dds_fastrtps/motor_control__type_support.cpp.o[0m
[3.104s] [ 53%] [32mBuilding C object CMakeFiles/cybergear_interfaces__rosidl_typesupport_introspection_c.dir/rosidl_typesupport_introspection_c/cybergear_interfaces/msg/detail/set_point__type_support.c.o[0m
[3.113s] [ 54%] [32mBuilding C object CMakeFiles/cybergear_interfaces__rosidl_typesupport_introspection_c.dir/rosidl_typesupport_introspection_c/cybergear_interfaces/srv/detail/set_motion_gain__type_support.c.o[0m
[3.113s] [ 56%] [32mBuilding C object CMakeFiles/cybergear_interfaces__rosidl_typesupport_introspection_c.dir/rosidl_typesupport_introspection_c/cybergear_interfaces/srv/detail/set_param__type_support.c.o[0m
[3.124s] [ 57%] [32mBuilding CXX object CMakeFiles/cybergear_interfaces__rosidl_typesupport_fastrtps_cpp.dir/rosidl_typesupport_fastrtps_cpp/cybergear_interfaces/msg/detail/dds_fastrtps/motor_control_group__type_support.cpp.o[0m
[3.141s] [ 59%] [32mBuilding CXX object CMakeFiles/cybergear_interfaces__rosidl_typesupport_fastrtps_cpp.dir/rosidl_typesupport_fastrtps_cpp/cybergear_interfaces/msg/detail/dds_fastrtps/set_point__type_support.cpp.o[0m
[3.148s] [ 60%] [32mBuilding CXX object CMakeFiles/cybergear_interfaces__rosidl_typesupport_fastrtps_cpp.dir/rosidl_typesupport_fastrtps_cpp/cybergear_interfaces/srv/detail/dds_fastrtps/set_param__type_support.cpp.o[0m
[3.154s] [ 61%] [32mBuilding CXX object CMakeFiles/cybergear_interfaces__rosidl_typesupport_fastrtps_cpp.dir/rosidl_typesupport_fastrtps_cpp/cybergear_interfaces/srv/detail/dds_fastrtps/set_motion_gain__type_support.cpp.o[0m
[3.154s] [ 66%] [32mBuilding CXX object CMakeFiles/cybergear_interfaces__rosidl_typesupport_fastrtps_cpp.dir/rosidl_typesupport_fastrtps_cpp/cybergear_interfaces/srv/detail/dds_fastrtps/volta_operation_command__type_support.cpp.o[0m
[3.154s] [ 66%] [32mBuilding CXX object CMakeFiles/cybergear_interfaces__rosidl_typesupport_fastrtps_c.dir/rosidl_typesupport_fastrtps_c/cybergear_interfaces/msg/detail/motor_control__type_support_c.cpp.o[0m
[3.154s] [ 66%] [32m[1mLinking CXX shared library libcybergear_interfaces__rosidl_typesupport_cpp.so[0m
[3.174s] [ 67%] [32mBuilding C object CMakeFiles/cybergear_interfaces__rosidl_typesupport_introspection_c.dir/rosidl_typesupport_introspection_c/cybergear_interfaces/srv/detail/volta_operation_command__type_support.c.o[0m
[3.174s] [ 69%] [32mBuilding CXX object CMakeFiles/cybergear_interfaces__rosidl_typesupport_fastrtps_c.dir/rosidl_typesupport_fastrtps_c/cybergear_interfaces/msg/detail/motor_control_group__type_support_c.cpp.o[0m
[3.226s] [ 69%] Built target cybergear_interfaces__rosidl_typesupport_cpp
[3.233s] [ 70%] [32m[1mLinking C shared library libcybergear_interfaces__rosidl_typesupport_introspection_c.so[0m
[3.240s] [ 71%] [32mBuilding CXX object CMakeFiles/cybergear_interfaces__rosidl_typesupport_fastrtps_c.dir/rosidl_typesupport_fastrtps_c/cybergear_interfaces/msg/detail/set_point__type_support_c.cpp.o[0m
[3.280s] [ 71%] Built target cybergear_interfaces__rosidl_typesupport_introspection_c
[3.292s] [ 73%] [32mBuilding CXX object CMakeFiles/cybergear_interfaces__rosidl_typesupport_fastrtps_c.dir/rosidl_typesupport_fastrtps_c/cybergear_interfaces/srv/detail/set_param__type_support_c.cpp.o[0m
[3.490s] [ 74%] [32mBuilding CXX object CMakeFiles/cybergear_interfaces__rosidl_typesupport_fastrtps_c.dir/rosidl_typesupport_fastrtps_c/cybergear_interfaces/srv/detail/set_motion_gain__type_support_c.cpp.o[0m
[3.497s] [ 76%] [32mBuilding CXX object CMakeFiles/cybergear_interfaces__rosidl_typesupport_fastrtps_c.dir/rosidl_typesupport_fastrtps_c/cybergear_interfaces/srv/detail/volta_operation_command__type_support_c.cpp.o[0m
[3.566s] [ 77%] [32m[1mLinking CXX shared library libcybergear_interfaces__rosidl_typesupport_introspection_cpp.so[0m
[3.679s] [ 77%] Built target cybergear_interfaces__rosidl_typesupport_introspection_cpp
[3.812s] [ 78%] [32m[1mLinking CXX shared library libcybergear_interfaces__rosidl_typesupport_fastrtps_cpp.so[0m
[3.880s] [ 78%] Built target cybergear_interfaces__rosidl_typesupport_fastrtps_cpp
[3.927s] [ 80%] [32m[1mLinking CXX shared library libcybergear_interfaces__rosidl_typesupport_fastrtps_c.so[0m
[3.971s] [ 80%] Built target cybergear_interfaces__rosidl_typesupport_fastrtps_c
[3.982s] [ 80%] Built target cybergear_interfaces
[3.993s] [ 81%] [34m[1mGenerating Python code for ROS interfaces[0m
[4.983s] [ 81%] Built target cybergear_interfaces__py
[4.995s] [ 84%] [32mBuilding C object CMakeFiles/cybergear_interfaces__rosidl_generator_py.dir/rosidl_generator_py/cybergear_interfaces/msg/_motor_control_s.c.o[0m
[4.995s] [ 84%] [32mBuilding C object CMakeFiles/cybergear_interfaces__rosidl_generator_py.dir/rosidl_generator_py/cybergear_interfaces/msg/_motor_control_group_s.c.o[0m
[4.995s] [ 85%] [32mBuilding C object CMakeFiles/cybergear_interfaces__rosidl_generator_py.dir/rosidl_generator_py/cybergear_interfaces/msg/_set_point_s.c.o[0m
[4.995s] [ 87%] [32mBuilding C object CMakeFiles/cybergear_interfaces__rosidl_generator_py.dir/rosidl_generator_py/cybergear_interfaces/srv/_set_param_s.c.o[0m
[4.995s] [ 90%] [32mBuilding C object CMakeFiles/cybergear_interfaces__rosidl_generator_py.dir/rosidl_generator_py/cybergear_interfaces/srv/_volta_operation_command_s.c.o[0m
[4.995s] [ 90%] [32mBuilding C object CMakeFiles/cybergear_interfaces__rosidl_generator_py.dir/rosidl_generator_py/cybergear_interfaces/srv/_set_motion_gain_s.c.o[0m
[5.094s] [ 91%] [32m[1mLinking C shared library rosidl_generator_py/cybergear_interfaces/libcybergear_interfaces__rosidl_generator_py.so[0m
[5.122s] [ 91%] Built target cybergear_interfaces__rosidl_generator_py
[5.133s] [ 92%] [32mBuilding C object CMakeFiles/cybergear_interfaces__rosidl_typesupport_c__pyext.dir/rosidl_generator_py/cybergear_interfaces/_cybergear_interfaces_s.ep.rosidl_typesupport_c.c.o[0m
[5.133s] [ 94%] [32mBuilding C object CMakeFiles/cybergear_interfaces__rosidl_typesupport_fastrtps_c__pyext.dir/rosidl_generator_py/cybergear_interfaces/_cybergear_interfaces_s.ep.rosidl_typesupport_fastrtps_c.c.o[0m
[5.133s] [ 95%] [32mBuilding C object CMakeFiles/cybergear_interfaces__rosidl_typesupport_introspection_c__pyext.dir/rosidl_generator_py/cybergear_interfaces/_cybergear_interfaces_s.ep.rosidl_typesupport_introspection_c.c.o[0m
[5.234s] [100%] [32m[1mLinking C shared library rosidl_generator_py/cybergear_interfaces/cybergear_interfaces_s__rosidl_typesupport_fastrtps_c.cpython-310-x86_64-linux-gnu.so[0m
[5.234s] [100%] [32m[1mLinking C shared library rosidl_generator_py/cybergear_interfaces/cybergear_interfaces_s__rosidl_typesupport_introspection_c.cpython-310-x86_64-linux-gnu.so[0m
[5.234s] [100%] [32m[1mLinking C shared library rosidl_generator_py/cybergear_interfaces/cybergear_interfaces_s__rosidl_typesupport_c.cpython-310-x86_64-linux-gnu.so[0m
[5.260s] [100%] Built target cybergear_interfaces__rosidl_typesupport_introspection_c__pyext
[5.260s] [100%] Built target cybergear_interfaces__rosidl_typesupport_fastrtps_c__pyext
[5.260s] [100%] Built target cybergear_interfaces__rosidl_typesupport_c__pyext
[5.268s] Invoked command in '/home/ambushee/HexapodLeg_modeling_team/hexapod/build/cybergear_interfaces' returned '0': CMAKE_PREFIX_PATH=${CMAKE_PREFIX_PATH}:/opt/ros/humble /usr/bin/cmake --build /home/ambushee/HexapodLeg_modeling_team/hexapod/build/cybergear_interfaces -- -j16 -l16
[5.269s] Invoking command in '/home/ambushee/HexapodLeg_modeling_team/hexapod/build/cybergear_interfaces': CMAKE_PREFIX_PATH=${CMAKE_PREFIX_PATH}:/opt/ros/humble /usr/bin/cmake --install /home/ambushee/HexapodLeg_modeling_team/hexapod/build/cybergear_interfaces
[5.273s] -- Install configuration: ""
[5.274s] -- Installing: /home/ambushee/HexapodLeg_modeling_team/hexapod/install/cybergear_interfaces/share/ament_index/resource_index/rosidl_interfaces/cybergear_interfaces
[5.274s] -- Installing: /home/ambushee/HexapodLeg_modeling_team/hexapod/install/cybergear_interfaces/include/cybergear_interfaces/cybergear_interfaces
[5.274s] -- Installing: /home/ambushee/HexapodLeg_modeling_team/hexapod/install/cybergear_interfaces/include/cybergear_interfaces/cybergear_interfaces/msg
[5.274s] -- Installing: /home/ambushee/HexapodLeg_modeling_team/hexapod/install/cybergear_interfaces/include/cybergear_interfaces/cybergear_interfaces/msg/motor_control.h
[5.274s] -- Installing: /home/ambushee/HexapodLeg_modeling_team/hexapod/install/cybergear_interfaces/include/cybergear_interfaces/cybergear_interfaces/msg/motor_control_group.h
[5.274s] -- Installing: /home/ambushee/HexapodLeg_modeling_team/hexapod/install/cybergear_interfaces/include/cybergear_interfaces/cybergear_interfaces/msg/set_point.h
[5.274s] -- Installing: /home/ambushee/HexapodLeg_modeling_team/hexapod/install/cybergear_interfaces/include/cybergear_interfaces/cybergear_interfaces/msg/detail
[5.274s] -- Installing: /home/ambushee/HexapodLeg_modeling_team/hexapod/install/cybergear_interfaces/include/cybergear_interfaces/cybergear_interfaces/msg/detail/motor_control__functions.c
[5.275s] -- Installing: /home/ambushee/HexapodLeg_modeling_team/hexapod/install/cybergear_interfaces/include/cybergear_interfaces/cybergear_interfaces/msg/detail/set_point__functions.h
[5.275s] -- Installing: /home/ambushee/HexapodLeg_modeling_team/hexapod/install/cybergear_interfaces/include/cybergear_interfaces/cybergear_interfaces/msg/detail/motor_control__struct.h
[5.275s] -- Installing: /home/ambushee/HexapodLeg_modeling_team/hexapod/install/cybergear_interfaces/include/cybergear_interfaces/cybergear_interfaces/msg/detail/motor_control_group__struct.h
[5.275s] -- Installing: /home/ambushee/HexapodLeg_modeling_team/hexapod/install/cybergear_interfaces/include/cybergear_interfaces/cybergear_interfaces/msg/detail/motor_control_group__functions.c
[5.275s] -- Installing: /home/ambushee/HexapodLeg_modeling_team/hexapod/install/cybergear_interfaces/include/cybergear_interfaces/cybergear_interfaces/msg/detail/motor_control__type_support.h
[5.275s] -- Installing: /home/ambushee/HexapodLeg_modeling_team/hexapod/install/cybergear_interfaces/include/cybergear_interfaces/cybergear_interfaces/msg/detail/set_point__struct.h
[5.275s] -- Installing: /home/ambushee/HexapodLeg_modeling_team/hexapod/install/cybergear_interfaces/include/cybergear_interfaces/cybergear_interfaces/msg/detail/motor_control__functions.h
[5.275s] -- Installing: /home/ambushee/HexapodLeg_modeling_team/hexapod/install/cybergear_interfaces/include/cybergear_interfaces/cybergear_interfaces/msg/detail/set_point__functions.c
[5.275s] -- Installing: /home/ambushee/HexapodLeg_modeling_team/hexapod/install/cybergear_interfaces/include/cybergear_interfaces/cybergear_interfaces/msg/detail/motor_control_group__functions.h
[5.275s] -- Installing: /home/ambushee/HexapodLeg_modeling_team/hexapod/install/cybergear_interfaces/include/cybergear_interfaces/cybergear_interfaces/msg/detail/motor_control_group__type_support.h
[5.275s] -- Installing: /home/ambushee/HexapodLeg_modeling_team/hexapod/install/cybergear_interfaces/include/cybergear_interfaces/cybergear_interfaces/msg/detail/set_point__type_support.h
[5.276s] -- Installing: /home/ambushee/HexapodLeg_modeling_team/hexapod/install/cybergear_interfaces/include/cybergear_interfaces/cybergear_interfaces/msg/rosidl_generator_c__visibility_control.h
[5.276s] -- Installing: /home/ambushee/HexapodLeg_modeling_team/hexapod/install/cybergear_interfaces/include/cybergear_interfaces/cybergear_interfaces/srv
[5.276s] -- Installing: /home/ambushee/HexapodLeg_modeling_team/hexapod/install/cybergear_interfaces/include/cybergear_interfaces/cybergear_interfaces/srv/set_motion_gain.h
[5.276s] -- Installing: /home/ambushee/HexapodLeg_modeling_team/hexapod/install/cybergear_interfaces/include/cybergear_interfaces/cybergear_interfaces/srv/detail
[5.276s] -- Installing: /home/ambushee/HexapodLeg_modeling_team/hexapod/install/cybergear_interfaces/include/cybergear_interfaces/cybergear_interfaces/srv/detail/set_param__type_support.h
[5.276s] -- Installing: /home/ambushee/HexapodLeg_modeling_team/hexapod/install/cybergear_interfaces/include/cybergear_interfaces/cybergear_interfaces/srv/detail/volta_operation_command__struct.h
[5.276s] -- Installing: /home/ambushee/HexapodLeg_modeling_team/hexapod/install/cybergear_interfaces/include/cybergear_interfaces/cybergear_interfaces/srv/detail/volta_operation_command__functions.h
[5.276s] -- Installing: /home/ambushee/HexapodLeg_modeling_team/hexapod/install/cybergear_interfaces/include/cybergear_interfaces/cybergear_interfaces/srv/detail/set_motion_gain__struct.h
[5.276s] -- Installing: /home/ambushee/HexapodLeg_modeling_team/hexapod/install/cybergear_interfaces/include/cybergear_interfaces/cybergear_interfaces/srv/detail/set_param__functions.h
[5.276s] -- Installing: /home/ambushee/HexapodLeg_modeling_team/hexapod/install/cybergear_interfaces/include/cybergear_interfaces/cybergear_interfaces/srv/detail/set_motion_gain__functions.c
[5.276s] -- Installing: /home/ambushee/HexapodLeg_modeling_team/hexapod/install/cybergear_interfaces/include/cybergear_interfaces/cybergear_interfaces/srv/detail/set_param__struct.h
[5.276s] -- Installing: /home/ambushee/HexapodLeg_modeling_team/hexapod/install/cybergear_interfaces/include/cybergear_interfaces/cybergear_interfaces/srv/detail/volta_operation_command__type_support.h
[5.277s] -- Installing: /home/ambushee/HexapodLeg_modeling_team/hexapod/install/cybergear_interfaces/include/cybergear_interfaces/cybergear_interfaces/srv/detail/set_param__functions.c
[5.277s] -- Installing: /home/ambushee/HexapodLeg_modeling_team/hexapod/install/cybergear_interfaces/include/cybergear_interfaces/cybergear_interfaces/srv/detail/volta_operation_command__functions.c
[5.277s] -- Installing: /home/ambushee/HexapodLeg_modeling_team/hexapod/install/cybergear_interfaces/include/cybergear_interfaces/cybergear_interfaces/srv/detail/set_motion_gain__functions.h
[5.277s] -- Installing: /home/ambushee/HexapodLeg_modeling_team/hexapod/install/cybergear_interfaces/include/cybergear_interfaces/cybergear_interfaces/srv/detail/set_motion_gain__type_support.h
[5.277s] -- Installing: /home/ambushee/HexapodLeg_modeling_team/hexapod/install/cybergear_interfaces/include/cybergear_interfaces/cybergear_interfaces/srv/volta_operation_command.h
[5.277s] -- Installing: /home/ambushee/HexapodLeg_modeling_team/hexapod/install/cybergear_interfaces/include/cybergear_interfaces/cybergear_interfaces/srv/set_param.h
[5.277s] -- Installing: /home/ambushee/HexapodLeg_modeling_team/hexapod/install/cybergear_interfaces/share/cybergear_interfaces/environment/library_path.sh
[5.277s] -- Installing: /home/ambushee/HexapodLeg_modeling_team/hexapod/install/cybergear_interfaces/share/cybergear_interfaces/environment/library_path.dsv
[5.277s] -- Installing: /home/ambushee/HexapodLeg_modeling_team/hexapod/install/cybergear_interfaces/lib/libcybergear_interfaces__rosidl_generator_c.so
[5.277s] -- Set runtime path of "/home/ambushee/HexapodLeg_modeling_team/hexapod/install/cybergear_interfaces/lib/libcybergear_interfaces__rosidl_generator_c.so" to ""
[5.277s] -- Up-to-date: /home/ambushee/HexapodLeg_modeling_team/hexapod/install/cybergear_interfaces/include/cybergear_interfaces/cybergear_interfaces
[5.277s] -- Up-to-date: /home/ambushee/HexapodLeg_modeling_team/hexapod/install/cybergear_interfaces/include/cybergear_interfaces/cybergear_interfaces/msg
[5.278s] -- Up-to-date: /home/ambushee/HexapodLeg_modeling_team/hexapod/install/cybergear_interfaces/include/cybergear_interfaces/cybergear_interfaces/msg/detail
[5.278s] -- Installing: /home/ambushee/HexapodLeg_modeling_team/hexapod/install/cybergear_interfaces/include/cybergear_interfaces/cybergear_interfaces/msg/detail/motor_control__rosidl_typesupport_fastrtps_c.h
[5.278s] -- Installing: /home/ambushee/HexapodLeg_modeling_team/hexapod/install/cybergear_interfaces/include/cybergear_interfaces/cybergear_interfaces/msg/detail/motor_control_group__rosidl_typesupport_fastrtps_c.h
[5.278s] -- Installing: /home/ambushee/HexapodLeg_modeling_team/hexapod/install/cybergear_interfaces/include/cybergear_interfaces/cybergear_interfaces/msg/detail/set_point__rosidl_typesupport_fastrtps_c.h
[5.278s] -- Installing: /home/ambushee/HexapodLeg_modeling_team/hexapod/install/cybergear_interfaces/include/cybergear_interfaces/cybergear_interfaces/msg/rosidl_typesupport_fastrtps_c__visibility_control.h
[5.278s] -- Up-to-date: /home/ambushee/HexapodLeg_modeling_team/hexapod/install/cybergear_interfaces/include/cybergear_interfaces/cybergear_interfaces/srv
[5.278s] -- Up-to-date: /home/ambushee/HexapodLeg_modeling_team/hexapod/install/cybergear_interfaces/include/cybergear_interfaces/cybergear_interfaces/srv/detail
[5.278s] -- Installing: /home/ambushee/HexapodLeg_modeling_team/hexapod/install/cybergear_interfaces/include/cybergear_interfaces/cybergear_interfaces/srv/detail/set_param__rosidl_typesupport_fastrtps_c.h
[5.278s] -- Installing: /home/ambushee/HexapodLeg_modeling_team/hexapod/install/cybergear_interfaces/include/cybergear_interfaces/cybergear_interfaces/srv/detail/set_motion_gain__rosidl_typesupport_fastrtps_c.h
[5.278s] -- Installing: /home/ambushee/HexapodLeg_modeling_team/hexapod/install/cybergear_interfaces/include/cybergear_interfaces/cybergear_interfaces/srv/detail/volta_operation_command__rosidl_typesupport_fastrtps_c.h
[5.278s] -- Installing: /home/ambushee/HexapodLeg_modeling_team/hexapod/install/cybergear_interfaces/lib/libcybergear_interfaces__rosidl_typesupport_fastrtps_c.so
[5.279s] -- Set runtime path of "/home/ambushee/HexapodLeg_modeling_team/hexapod/install/cybergear_interfaces/lib/libcybergear_interfaces__rosidl_typesupport_fastrtps_c.so" to ""
[5.279s] -- Up-to-date: /home/ambushee/HexapodLeg_modeling_team/hexapod/install/cybergear_interfaces/include/cybergear_interfaces/cybergear_interfaces
[5.279s] -- Up-to-date: /home/ambushee/HexapodLeg_modeling_team/hexapod/install/cybergear_interfaces/include/cybergear_interfaces/cybergear_interfaces/msg
[5.279s] -- Up-to-date: /home/ambushee/HexapodLeg_modeling_team/hexapod/install/cybergear_interfaces/include/cybergear_interfaces/cybergear_interfaces/msg/detail
[5.279s] -- Installing: /home/ambushee/HexapodLeg_modeling_team/hexapod/install/cybergear_interfaces/include/cybergear_interfaces/cybergear_interfaces/msg/detail/motor_control_group__rosidl_typesupport_introspection_c.h
[5.279s] -- Installing: /home/ambushee/HexapodLeg_modeling_team/hexapod/install/cybergear_interfaces/include/cybergear_interfaces/cybergear_interfaces/msg/detail/motor_control__type_support.c
[5.279s] -- Installing: /home/ambushee/HexapodLeg_modeling_team/hexapod/install/cybergear_interfaces/include/cybergear_interfaces/cybergear_interfaces/msg/detail/set_point__type_support.c
[5.279s] -- Installing: /home/ambushee/HexapodLeg_modeling_team/hexapod/install/cybergear_interfaces/include/cybergear_interfaces/cybergear_interfaces/msg/detail/motor_control_group__type_support.c
[5.279s] -- Installing: /home/ambushee/HexapodLeg_modeling_team/hexapod/install/cybergear_interfaces/include/cybergear_interfaces/cybergear_interfaces/msg/detail/set_point__rosidl_typesupport_introspection_c.h
[5.279s] -- Installing: /home/ambushee/HexapodLeg_modeling_team/hexapod/install/cybergear_interfaces/include/cybergear_interfaces/cybergear_interfaces/msg/detail/motor_control__rosidl_typesupport_introspection_c.h
[5.279s] -- Installing: /home/ambushee/HexapodLeg_modeling_team/hexapod/install/cybergear_interfaces/include/cybergear_interfaces/cybergear_interfaces/msg/rosidl_typesupport_introspection_c__visibility_control.h
[5.279s] -- Up-to-date: /home/ambushee/HexapodLeg_modeling_team/hexapod/install/cybergear_interfaces/include/cybergear_interfaces/cybergear_interfaces/srv
[5.280s] -- Up-to-date: /home/ambushee/HexapodLeg_modeling_team/hexapod/install/cybergear_interfaces/include/cybergear_interfaces/cybergear_interfaces/srv/detail
[5.280s] -- Installing: /home/ambushee/HexapodLeg_modeling_team/hexapod/install/cybergear_interfaces/include/cybergear_interfaces/cybergear_interfaces/srv/detail/set_param__rosidl_typesupport_introspection_c.h
[5.280s] -- Installing: /home/ambushee/HexapodLeg_modeling_team/hexapod/install/cybergear_interfaces/include/cybergear_interfaces/cybergear_interfaces/srv/detail/set_motion_gain__rosidl_typesupport_introspection_c.h
[5.280s] -- Installing: /home/ambushee/HexapodLeg_modeling_team/hexapod/install/cybergear_interfaces/include/cybergear_interfaces/cybergear_interfaces/srv/detail/volta_operation_command__type_support.c
[5.280s] -- Installing: /home/ambushee/HexapodLeg_modeling_team/hexapod/install/cybergear_interfaces/include/cybergear_interfaces/cybergear_interfaces/srv/detail/volta_operation_command__rosidl_typesupport_introspection_c.h
[5.280s] -- Installing: /home/ambushee/HexapodLeg_modeling_team/hexapod/install/cybergear_interfaces/include/cybergear_interfaces/cybergear_interfaces/srv/detail/set_param__type_support.c
[5.280s] -- Installing: /home/ambushee/HexapodLeg_modeling_team/hexapod/install/cybergear_interfaces/include/cybergear_interfaces/cybergear_interfaces/srv/detail/set_motion_gain__type_support.c
[5.280s] -- Installing: /home/ambushee/HexapodLeg_modeling_team/hexapod/install/cybergear_interfaces/lib/libcybergear_interfaces__rosidl_typesupport_introspection_c.so
[5.280s] -- Set runtime path of "/home/ambushee/HexapodLeg_modeling_team/hexapod/install/cybergear_interfaces/lib/libcybergear_interfaces__rosidl_typesupport_introspection_c.so" to ""
[5.280s] -- Installing: /home/ambushee/HexapodLeg_modeling_team/hexapod/install/cybergear_interfaces/lib/libcybergear_interfaces__rosidl_typesupport_c.so
[5.280s] -- Set runtime path of "/home/ambushee/HexapodLeg_modeling_team/hexapod/install/cybergear_interfaces/lib/libcybergear_interfaces__rosidl_typesupport_c.so" to ""
[5.281s] -- Up-to-date: /home/ambushee/HexapodLeg_modeling_team/hexapod/install/cybergear_interfaces/include/cybergear_interfaces/cybergear_interfaces
[5.281s] -- Up-to-date: /home/ambushee/HexapodLeg_modeling_team/hexapod/install/cybergear_interfaces/include/cybergear_interfaces/cybergear_interfaces/msg
[5.281s] -- Up-to-date: /home/ambushee/HexapodLeg_modeling_team/hexapod/install/cybergear_interfaces/include/cybergear_interfaces/cybergear_interfaces/msg/detail
[5.281s] -- Installing: /home/ambushee/HexapodLeg_modeling_team/hexapod/install/cybergear_interfaces/include/cybergear_interfaces/cybergear_interfaces/msg/detail/motor_control__struct.hpp
[5.281s] -- Installing: /home/ambushee/HexapodLeg_modeling_team/hexapod/install/cybergear_interfaces/include/cybergear_interfaces/cybergear_interfaces/msg/detail/set_point__traits.hpp
[5.281s] -- Installing: /home/ambushee/HexapodLeg_modeling_team/hexapod/install/cybergear_interfaces/include/cybergear_interfaces/cybergear_interfaces/msg/detail/motor_control__builder.hpp
[5.281s] -- Installing: /home/ambushee/HexapodLeg_modeling_team/hexapod/install/cybergear_interfaces/include/cybergear_interfaces/cybergear_interfaces/msg/detail/motor_control_group__type_support.hpp
[5.281s] -- Installing: /home/ambushee/HexapodLeg_modeling_team/hexapod/install/cybergear_interfaces/include/cybergear_interfaces/cybergear_interfaces/msg/detail/set_point__builder.hpp
[5.281s] -- Installing: /home/ambushee/HexapodLeg_modeling_team/hexapod/install/cybergear_interfaces/include/cybergear_interfaces/cybergear_interfaces/msg/detail/set_point__struct.hpp
[5.281s] -- Installing: /home/ambushee/HexapodLeg_modeling_team/hexapod/install/cybergear_interfaces/include/cybergear_interfaces/cybergear_interfaces/msg/detail/motor_control_group__builder.hpp
[5.281s] -- Installing: /home/ambushee/HexapodLeg_modeling_team/hexapod/install/cybergear_interfaces/include/cybergear_interfaces/cybergear_interfaces/msg/detail/set_point__type_support.hpp
[5.281s] -- Installing: /home/ambushee/HexapodLeg_modeling_team/hexapod/install/cybergear_interfaces/include/cybergear_interfaces/cybergear_interfaces/msg/detail/motor_control__traits.hpp
[5.282s] -- Installing: /home/ambushee/HexapodLeg_modeling_team/hexapod/install/cybergear_interfaces/include/cybergear_interfaces/cybergear_interfaces/msg/detail/motor_control_group__traits.hpp
[5.282s] -- Installing: /home/ambushee/HexapodLeg_modeling_team/hexapod/install/cybergear_interfaces/include/cybergear_interfaces/cybergear_interfaces/msg/detail/motor_control__type_support.hpp
[5.282s] -- Installing: /home/ambushee/HexapodLeg_modeling_team/hexapod/install/cybergear_interfaces/include/cybergear_interfaces/cybergear_interfaces/msg/detail/motor_control_group__struct.hpp
[5.282s] -- Installing: /home/ambushee/HexapodLeg_modeling_team/hexapod/install/cybergear_interfaces/include/cybergear_interfaces/cybergear_interfaces/msg/motor_control.hpp
[5.282s] -- Installing: /home/ambushee/HexapodLeg_modeling_team/hexapod/install/cybergear_interfaces/include/cybergear_interfaces/cybergear_interfaces/msg/rosidl_generator_cpp__visibility_control.hpp
[5.282s] -- Installing: /home/ambushee/HexapodLeg_modeling_team/hexapod/install/cybergear_interfaces/include/cybergear_interfaces/cybergear_interfaces/msg/set_point.hpp
[5.282s] -- Installing: /home/ambushee/HexapodLeg_modeling_team/hexapod/install/cybergear_interfaces/include/cybergear_interfaces/cybergear_interfaces/msg/motor_control_group.hpp
[5.282s] -- Up-to-date: /home/ambushee/HexapodLeg_modeling_team/hexapod/install/cybergear_interfaces/include/cybergear_interfaces/cybergear_interfaces/srv
[5.282s] -- Installing: /home/ambushee/HexapodLeg_modeling_team/hexapod/install/cybergear_interfaces/include/cybergear_interfaces/cybergear_interfaces/srv/set_param.hpp
[5.282s] -- Up-to-date: /home/ambushee/HexapodLeg_modeling_team/hexapod/install/cybergear_interfaces/include/cybergear_interfaces/cybergear_interfaces/srv/detail
[5.282s] -- Installing: /home/ambushee/HexapodLeg_modeling_team/hexapod/install/cybergear_interfaces/include/cybergear_interfaces/cybergear_interfaces/srv/detail/volta_operation_command__struct.hpp
[5.283s] -- Installing: /home/ambushee/HexapodLeg_modeling_team/hexapod/install/cybergear_interfaces/include/cybergear_interfaces/cybergear_interfaces/srv/detail/volta_operation_command__type_support.hpp
[5.283s] -- Installing: /home/ambushee/HexapodLeg_modeling_team/hexapod/install/cybergear_interfaces/include/cybergear_interfaces/cybergear_interfaces/srv/detail/set_param__struct.hpp
[5.283s] -- Installing: /home/ambushee/HexapodLeg_modeling_team/hexapod/install/cybergear_interfaces/include/cybergear_interfaces/cybergear_interfaces/srv/detail/set_param__traits.hpp
[5.283s] -- Installing: /home/ambushee/HexapodLeg_modeling_team/hexapod/install/cybergear_interfaces/include/cybergear_interfaces/cybergear_interfaces/srv/detail/volta_operation_command__traits.hpp
[5.283s] -- Installing: /home/ambushee/HexapodLeg_modeling_team/hexapod/install/cybergear_interfaces/include/cybergear_interfaces/cybergear_interfaces/srv/detail/set_param__builder.hpp
[5.283s] -- Installing: /home/ambushee/HexapodLeg_modeling_team/hexapod/install/cybergear_interfaces/include/cybergear_interfaces/cybergear_interfaces/srv/detail/set_motion_gain__builder.hpp
[5.283s] -- Installing: /home/ambushee/HexapodLeg_modeling_team/hexapod/install/cybergear_interfaces/include/cybergear_interfaces/cybergear_interfaces/srv/detail/volta_operation_command__builder.hpp
[5.283s] -- Installing: /home/ambushee/HexapodLeg_modeling_team/hexapod/install/cybergear_interfaces/include/cybergear_interfaces/cybergear_interfaces/srv/detail/set_motion_gain__traits.hpp
[5.283s] -- Installing: /home/ambushee/HexapodLeg_modeling_team/hexapod/install/cybergear_interfaces/include/cybergear_interfaces/cybergear_interfaces/srv/detail/set_param__type_support.hpp
[5.283s] -- Installing: /home/ambushee/HexapodLeg_modeling_team/hexapod/install/cybergear_interfaces/include/cybergear_interfaces/cybergear_interfaces/srv/detail/set_motion_gain__struct.hpp
[5.283s] -- Installing: /home/ambushee/HexapodLeg_modeling_team/hexapod/install/cybergear_interfaces/include/cybergear_interfaces/cybergear_interfaces/srv/detail/set_motion_gain__type_support.hpp
[5.283s] -- Installing: /home/ambushee/HexapodLeg_modeling_team/hexapod/install/cybergear_interfaces/include/cybergear_interfaces/cybergear_interfaces/srv/set_motion_gain.hpp
[5.284s] -- Installing: /home/ambushee/HexapodLeg_modeling_team/hexapod/install/cybergear_interfaces/include/cybergear_interfaces/cybergear_interfaces/srv/volta_operation_command.hpp
[5.284s] -- Up-to-date: /home/ambushee/HexapodLeg_modeling_team/hexapod/install/cybergear_interfaces/include/cybergear_interfaces/cybergear_interfaces
[5.284s] -- Up-to-date: /home/ambushee/HexapodLeg_modeling_team/hexapod/install/cybergear_interfaces/include/cybergear_interfaces/cybergear_interfaces/msg
[5.284s] -- Up-to-date: /home/ambushee/HexapodLeg_modeling_team/hexapod/install/cybergear_interfaces/include/cybergear_interfaces/cybergear_interfaces/msg/detail
[5.284s] -- Installing: /home/ambushee/HexapodLeg_modeling_team/hexapod/install/cybergear_interfaces/include/cybergear_interfaces/cybergear_interfaces/msg/detail/set_point__rosidl_typesupport_fastrtps_cpp.hpp
[5.284s] -- Installing: /home/ambushee/HexapodLeg_modeling_team/hexapod/install/cybergear_interfaces/include/cybergear_interfaces/cybergear_interfaces/msg/detail/dds_fastrtps
[5.284s] -- Installing: /home/ambushee/HexapodLeg_modeling_team/hexapod/install/cybergear_interfaces/include/cybergear_interfaces/cybergear_interfaces/msg/detail/motor_control_group__rosidl_typesupport_fastrtps_cpp.hpp
[5.284s] -- Installing: /home/ambushee/HexapodLeg_modeling_team/hexapod/install/cybergear_interfaces/include/cybergear_interfaces/cybergear_interfaces/msg/detail/motor_control__rosidl_typesupport_fastrtps_cpp.hpp
[5.284s] -- Installing: /home/ambushee/HexapodLeg_modeling_team/hexapod/install/cybergear_interfaces/include/cybergear_interfaces/cybergear_interfaces/msg/rosidl_typesupport_fastrtps_cpp__visibility_control.h
[5.284s] -- Up-to-date: /home/ambushee/HexapodLeg_modeling_team/hexapod/install/cybergear_interfaces/include/cybergear_interfaces/cybergear_interfaces/srv
[5.284s] -- Up-to-date: /home/ambushee/HexapodLeg_modeling_team/hexapod/install/cybergear_interfaces/include/cybergear_interfaces/cybergear_interfaces/srv/detail
[5.285s] -- Installing: /home/ambushee/HexapodLeg_modeling_team/hexapod/install/cybergear_interfaces/include/cybergear_interfaces/cybergear_interfaces/srv/detail/dds_fastrtps
[5.285s] -- Installing: /home/ambushee/HexapodLeg_modeling_team/hexapod/install/cybergear_interfaces/include/cybergear_interfaces/cybergear_interfaces/srv/detail/set_param__rosidl_typesupport_fastrtps_cpp.hpp
[5.285s] -- Installing: /home/ambushee/HexapodLeg_modeling_team/hexapod/install/cybergear_interfaces/include/cybergear_interfaces/cybergear_interfaces/srv/detail/volta_operation_command__rosidl_typesupport_fastrtps_cpp.hpp
[5.285s] -- Installing: /home/ambushee/HexapodLeg_modeling_team/hexapod/install/cybergear_interfaces/include/cybergear_interfaces/cybergear_interfaces/srv/detail/set_motion_gain__rosidl_typesupport_fastrtps_cpp.hpp
[5.285s] -- Installing: /home/ambushee/HexapodLeg_modeling_team/hexapod/install/cybergear_interfaces/lib/libcybergear_interfaces__rosidl_typesupport_fastrtps_cpp.so
[5.285s] -- Set runtime path of "/home/ambushee/HexapodLeg_modeling_team/hexapod/install/cybergear_interfaces/lib/libcybergear_interfaces__rosidl_typesupport_fastrtps_cpp.so" to ""
[5.285s] -- Up-to-date: /home/ambushee/HexapodLeg_modeling_team/hexapod/install/cybergear_interfaces/include/cybergear_interfaces/cybergear_interfaces
[5.285s] -- Up-to-date: /home/ambushee/HexapodLeg_modeling_team/hexapod/install/cybergear_interfaces/include/cybergear_interfaces/cybergear_interfaces/msg
[5.285s] -- Up-to-date: /home/ambushee/HexapodLeg_modeling_team/hexapod/install/cybergear_interfaces/include/cybergear_interfaces/cybergear_interfaces/msg/detail
[5.285s] -- Installing: /home/ambushee/HexapodLeg_modeling_team/hexapod/install/cybergear_interfaces/include/cybergear_interfaces/cybergear_interfaces/msg/detail/motor_control__type_support.cpp
[5.285s] -- Installing: /home/ambushee/HexapodLeg_modeling_team/hexapod/install/cybergear_interfaces/include/cybergear_interfaces/cybergear_interfaces/msg/detail/set_point__rosidl_typesupport_introspection_cpp.hpp
[5.285s] -- Installing: /home/ambushee/HexapodLeg_modeling_team/hexapod/install/cybergear_interfaces/include/cybergear_interfaces/cybergear_interfaces/msg/detail/set_point__type_support.cpp
[5.285s] -- Installing: /home/ambushee/HexapodLeg_modeling_team/hexapod/install/cybergear_interfaces/include/cybergear_interfaces/cybergear_interfaces/msg/detail/motor_control_group__rosidl_typesupport_introspection_cpp.hpp
[5.285s] -- Installing: /home/ambushee/HexapodLeg_modeling_team/hexapod/install/cybergear_interfaces/include/cybergear_interfaces/cybergear_interfaces/msg/detail/motor_control__rosidl_typesupport_introspection_cpp.hpp
[5.286s] -- Installing: /home/ambushee/HexapodLeg_modeling_team/hexapod/install/cybergear_interfaces/include/cybergear_interfaces/cybergear_interfaces/msg/detail/motor_control_group__type_support.cpp
[5.286s] -- Up-to-date: /home/ambushee/HexapodLeg_modeling_team/hexapod/install/cybergear_interfaces/include/cybergear_interfaces/cybergear_interfaces/srv
[5.286s] -- Up-to-date: /home/ambushee/HexapodLeg_modeling_team/hexapod/install/cybergear_interfaces/include/cybergear_interfaces/cybergear_interfaces/srv/detail
[5.286s] -- Installing: /home/ambushee/HexapodLeg_modeling_team/hexapod/install/cybergear_interfaces/include/cybergear_interfaces/cybergear_interfaces/srv/detail/volta_operation_command__rosidl_typesupport_introspection_cpp.hpp
[5.286s] -- Installing: /home/ambushee/HexapodLeg_modeling_team/hexapod/install/cybergear_interfaces/include/cybergear_interfaces/cybergear_interfaces/srv/detail/set_motion_gain__type_support.cpp
[5.286s] -- Installing: /home/ambushee/HexapodLeg_modeling_team/hexapod/install/cybergear_interfaces/include/cybergear_interfaces/cybergear_interfaces/srv/detail/set_param__type_support.cpp
[5.286s] -- Installing: /home/ambushee/HexapodLeg_modeling_team/hexapod/install/cybergear_interfaces/include/cybergear_interfaces/cybergear_interfaces/srv/detail/volta_operation_command__type_support.cpp
[5.286s] -- Installing: /home/ambushee/HexapodLeg_modeling_team/hexapod/install/cybergear_interfaces/include/cybergear_interfaces/cybergear_interfaces/srv/detail/set_motion_gain__rosidl_typesupport_introspection_cpp.hpp
[5.286s] -- Installing: /home/ambushee/HexapodLeg_modeling_team/hexapod/install/cybergear_interfaces/include/cybergear_interfaces/cybergear_interfaces/srv/detail/set_param__rosidl_typesupport_introspection_cpp.hpp
[5.286s] -- Installing: /home/ambushee/HexapodLeg_modeling_team/hexapod/install/cybergear_interfaces/lib/libcybergear_interfaces__rosidl_typesupport_introspection_cpp.so
[5.286s] -- Set runtime path of "/home/ambushee/HexapodLeg_modeling_team/hexapod/install/cybergear_interfaces/lib/libcybergear_interfaces__rosidl_typesupport_introspection_cpp.so" to ""
[5.286s] -- Installing: /home/ambushee/HexapodLeg_modeling_team/hexapod/install/cybergear_interfaces/lib/libcybergear_interfaces__rosidl_typesupport_cpp.so
[5.286s] -- Set runtime path of "/home/ambushee/HexapodLeg_modeling_team/hexapod/install/cybergear_interfaces/lib/libcybergear_interfaces__rosidl_typesupport_cpp.so" to ""
[5.287s] -- Installing: /home/ambushee/HexapodLeg_modeling_team/hexapod/install/cybergear_interfaces/share/cybergear_interfaces/environment/pythonpath.sh
[5.287s] -- Installing: /home/ambushee/HexapodLeg_modeling_team/hexapod/install/cybergear_interfaces/share/cybergear_interfaces/environment/pythonpath.dsv
[5.287s] -- Installing: /home/ambushee/HexapodLeg_modeling_team/hexapod/install/cybergear_interfaces/local/lib/python3.10/dist-packages/cybergear_interfaces-0.0.0-py3.10.egg-info
[5.287s] -- Installing: /home/ambushee/HexapodLeg_modeling_team/hexapod/install/cybergear_interfaces/local/lib/python3.10/dist-packages/cybergear_interfaces-0.0.0-py3.10.egg-info/dependency_links.txt
[5.287s] -- Installing: /home/ambushee/HexapodLeg_modeling_team/hexapod/install/cybergear_interfaces/local/lib/python3.10/dist-packages/cybergear_interfaces-0.0.0-py3.10.egg-info/SOURCES.txt
[5.287s] -- Installing: /home/ambushee/HexapodLeg_modeling_team/hexapod/install/cybergear_interfaces/local/lib/python3.10/dist-packages/cybergear_interfaces-0.0.0-py3.10.egg-info/top_level.txt
[5.287s] -- Installing: /home/ambushee/HexapodLeg_modeling_team/hexapod/install/cybergear_interfaces/local/lib/python3.10/dist-packages/cybergear_interfaces-0.0.0-py3.10.egg-info/PKG-INFO
[5.287s] -- Installing: /home/ambushee/HexapodLeg_modeling_team/hexapod/install/cybergear_interfaces/local/lib/python3.10/dist-packages/cybergear_interfaces
[5.287s] -- Installing: /home/ambushee/HexapodLeg_modeling_team/hexapod/install/cybergear_interfaces/local/lib/python3.10/dist-packages/cybergear_interfaces/cybergear_interfaces_s__rosidl_typesupport_introspection_c.cpython-310-x86_64-linux-gnu.so
[5.287s] -- Installing: /home/ambushee/HexapodLeg_modeling_team/hexapod/install/cybergear_interfaces/local/lib/python3.10/dist-packages/cybergear_interfaces/_cybergear_interfaces_s.ep.rosidl_typesupport_c.c
[5.287s] -- Installing: /home/ambushee/HexapodLeg_modeling_team/hexapod/install/cybergear_interfaces/local/lib/python3.10/dist-packages/cybergear_interfaces/_cybergear_interfaces_s.ep.rosidl_typesupport_fastrtps_c.c
[5.287s] -- Installing: /home/ambushee/HexapodLeg_modeling_team/hexapod/install/cybergear_interfaces/local/lib/python3.10/dist-packages/cybergear_interfaces/__init__.py
[5.287s] -- Installing: /home/ambushee/HexapodLeg_modeling_team/hexapod/install/cybergear_interfaces/local/lib/python3.10/dist-packages/cybergear_interfaces/cybergear_interfaces_s__rosidl_typesupport_c.cpython-310-x86_64-linux-gnu.so
[5.287s] -- Installing: /home/ambushee/HexapodLeg_modeling_team/hexapod/install/cybergear_interfaces/local/lib/python3.10/dist-packages/cybergear_interfaces/_cybergear_interfaces_s.ep.rosidl_typesupport_introspection_c.c
[5.288s] -- Installing: /home/ambushee/HexapodLeg_modeling_team/hexapod/install/cybergear_interfaces/local/lib/python3.10/dist-packages/cybergear_interfaces/msg
[5.288s] -- Installing: /home/ambushee/HexapodLeg_modeling_team/hexapod/install/cybergear_interfaces/local/lib/python3.10/dist-packages/cybergear_interfaces/msg/_motor_control.py
[5.288s] -- Installing: /home/ambushee/HexapodLeg_modeling_team/hexapod/install/cybergear_interfaces/local/lib/python3.10/dist-packages/cybergear_interfaces/msg/_set_point.py
[5.288s] -- Installing: /home/ambushee/HexapodLeg_modeling_team/hexapod/install/cybergear_interfaces/local/lib/python3.10/dist-packages/cybergear_interfaces/msg/_motor_control_group_s.c
[5.288s] -- Installing: /home/ambushee/HexapodLeg_modeling_team/hexapod/install/cybergear_interfaces/local/lib/python3.10/dist-packages/cybergear_interfaces/msg/_set_point_s.c
[5.288s] -- Installing: /home/ambushee/HexapodLeg_modeling_team/hexapod/install/cybergear_interfaces/local/lib/python3.10/dist-packages/cybergear_interfaces/msg/_motor_control_s.c
[5.288s] -- Installing: /home/ambushee/HexapodLeg_modeling_team/hexapod/install/cybergear_interfaces/local/lib/python3.10/dist-packages/cybergear_interfaces/msg/__init__.py
[5.288s] -- Installing: /home/ambushee/HexapodLeg_modeling_team/hexapod/install/cybergear_interfaces/local/lib/python3.10/dist-packages/cybergear_interfaces/msg/_motor_control_group.py
[5.288s] -- Installing: /home/ambushee/HexapodLeg_modeling_team/hexapod/install/cybergear_interfaces/local/lib/python3.10/dist-packages/cybergear_interfaces/srv
[5.288s] -- Installing: /home/ambushee/HexapodLeg_modeling_team/hexapod/install/cybergear_interfaces/local/lib/python3.10/dist-packages/cybergear_interfaces/srv/_set_motion_gain_s.c
[5.288s] -- Installing: /home/ambushee/HexapodLeg_modeling_team/hexapod/install/cybergear_interfaces/local/lib/python3.10/dist-packages/cybergear_interfaces/srv/_volta_operation_command.py
[5.288s] -- Installing: /home/ambushee/HexapodLeg_modeling_team/hexapod/install/cybergear_interfaces/local/lib/python3.10/dist-packages/cybergear_interfaces/srv/_set_param.py
[5.288s] -- Installing: /home/ambushee/HexapodLeg_modeling_team/hexapod/install/cybergear_interfaces/local/lib/python3.10/dist-packages/cybergear_interfaces/srv/_set_motion_gain.py
[5.288s] -- Installing: /home/ambushee/HexapodLeg_modeling_team/hexapod/install/cybergear_interfaces/local/lib/python3.10/dist-packages/cybergear_interfaces/srv/__init__.py
[5.289s] -- Installing: /home/ambushee/HexapodLeg_modeling_team/hexapod/install/cybergear_interfaces/local/lib/python3.10/dist-packages/cybergear_interfaces/srv/_volta_operation_command_s.c
[5.289s] -- Installing: /home/ambushee/HexapodLeg_modeling_team/hexapod/install/cybergear_interfaces/local/lib/python3.10/dist-packages/cybergear_interfaces/srv/_set_param_s.c
[5.289s] -- Installing: /home/ambushee/HexapodLeg_modeling_team/hexapod/install/cybergear_interfaces/local/lib/python3.10/dist-packages/cybergear_interfaces/libcybergear_interfaces__rosidl_generator_py.so
[5.289s] -- Installing: /home/ambushee/HexapodLeg_modeling_team/hexapod/install/cybergear_interfaces/local/lib/python3.10/dist-packages/cybergear_interfaces/cybergear_interfaces_s__rosidl_typesupport_fastrtps_c.cpython-310-x86_64-linux-gnu.so
[5.315s] Listing '/home/ambushee/HexapodLeg_modeling_team/hexapod/install/cybergear_interfaces/local/lib/python3.10/dist-packages/cybergear_interfaces'...
[5.315s] Compiling '/home/ambushee/HexapodLeg_modeling_team/hexapod/install/cybergear_interfaces/local/lib/python3.10/dist-packages/cybergear_interfaces/__init__.py'...
[5.315s] Listing '/home/ambushee/HexapodLeg_modeling_team/hexapod/install/cybergear_interfaces/local/lib/python3.10/dist-packages/cybergear_interfaces/msg'...
[5.315s] Compiling '/home/ambushee/HexapodLeg_modeling_team/hexapod/install/cybergear_interfaces/local/lib/python3.10/dist-packages/cybergear_interfaces/msg/__init__.py'...
[5.315s] Compiling '/home/ambushee/HexapodLeg_modeling_team/hexapod/install/cybergear_interfaces/local/lib/python3.10/dist-packages/cybergear_interfaces/msg/_motor_control.py'...
[5.315s] Compiling '/home/ambushee/HexapodLeg_modeling_team/hexapod/install/cybergear_interfaces/local/lib/python3.10/dist-packages/cybergear_interfaces/msg/_motor_control_group.py'...
[5.315s] Compiling '/home/ambushee/HexapodLeg_modeling_team/hexapod/install/cybergear_interfaces/local/lib/python3.10/dist-packages/cybergear_interfaces/msg/_set_point.py'...
[5.315s] Listing '/home/ambushee/HexapodLeg_modeling_team/hexapod/install/cybergear_interfaces/local/lib/python3.10/dist-packages/cybergear_interfaces/srv'...
[5.315s] Compiling '/home/ambushee/HexapodLeg_modeling_team/hexapod/install/cybergear_interfaces/local/lib/python3.10/dist-packages/cybergear_interfaces/srv/__init__.py'...
[5.316s] Compiling '/home/ambushee/HexapodLeg_modeling_team/hexapod/install/cybergear_interfaces/local/lib/python3.10/dist-packages/cybergear_interfaces/srv/_set_motion_gain.py'...
[5.316s] Compiling '/home/ambushee/HexapodLeg_modeling_team/hexapod/install/cybergear_interfaces/local/lib/python3.10/dist-packages/cybergear_interfaces/srv/_set_param.py'...
[5.316s] Compiling '/home/ambushee/HexapodLeg_modeling_team/hexapod/install/cybergear_interfaces/local/lib/python3.10/dist-packages/cybergear_interfaces/srv/_volta_operation_command.py'...
[5.318s] -- Installing: /home/ambushee/HexapodLeg_modeling_team/hexapod/install/cybergear_interfaces/local/lib/python3.10/dist-packages/cybergear_interfaces/cybergear_interfaces_s__rosidl_typesupport_fastrtps_c.cpython-310-x86_64-linux-gnu.so
[5.318s] -- Set runtime path of "/home/ambushee/HexapodLeg_modeling_team/hexapod/install/cybergear_interfaces/local/lib/python3.10/dist-packages/cybergear_interfaces/cybergear_interfaces_s__rosidl_typesupport_fastrtps_c.cpython-310-x86_64-linux-gnu.so" to ""
[5.318s] -- Installing: /home/ambushee/HexapodLeg_modeling_team/hexapod/install/cybergear_interfaces/local/lib/python3.10/dist-packages/cybergear_interfaces/cybergear_interfaces_s__rosidl_typesupport_introspection_c.cpython-310-x86_64-linux-gnu.so
[5.318s] -- Set runtime path of "/home/ambushee/HexapodLeg_modeling_team/hexapod/install/cybergear_interfaces/local/lib/python3.10/dist-packages/cybergear_interfaces/cybergear_interfaces_s__rosidl_typesupport_introspection_c.cpython-310-x86_64-linux-gnu.so" to ""
[5.318s] -- Installing: /home/ambushee/HexapodLeg_modeling_team/hexapod/install/cybergear_interfaces/local/lib/python3.10/dist-packages/cybergear_interfaces/cybergear_interfaces_s__rosidl_typesupport_c.cpython-310-x86_64-linux-gnu.so
[5.318s] -- Set runtime path of "/home/ambushee/HexapodLeg_modeling_team/hexapod/install/cybergear_interfaces/local/lib/python3.10/dist-packages/cybergear_interfaces/cybergear_interfaces_s__rosidl_typesupport_c.cpython-310-x86_64-linux-gnu.so" to ""
[5.318s] -- Installing: /home/ambushee/HexapodLeg_modeling_team/hexapod/install/cybergear_interfaces/lib/libcybergear_interfaces__rosidl_generator_py.so
[5.319s] -- Set runtime path of "/home/ambushee/HexapodLeg_modeling_team/hexapod/install/cybergear_interfaces/lib/libcybergear_interfaces__rosidl_generator_py.so" to ""
[5.319s] -- Installing: /home/ambushee/HexapodLeg_modeling_team/hexapod/install/cybergear_interfaces/share/cybergear_interfaces/msg/MotorControl.idl
[5.319s] -- Installing: /home/ambushee/HexapodLeg_modeling_team/hexapod/install/cybergear_interfaces/share/cybergear_interfaces/msg/MotorControlGroup.idl
[5.319s] -- Installing: /home/ambushee/HexapodLeg_modeling_team/hexapod/install/cybergear_interfaces/share/cybergear_interfaces/msg/SetPoint.idl
[5.319s] -- Installing: /home/ambushee/HexapodLeg_modeling_team/hexapod/install/cybergear_interfaces/share/cybergear_interfaces/srv/SetParam.idl
[5.319s] -- Installing: /home/ambushee/HexapodLeg_modeling_team/hexapod/install/cybergear_interfaces/share/cybergear_interfaces/srv/SetMotionGain.idl
[5.319s] -- Installing: /home/ambushee/HexapodLeg_modeling_team/hexapod/install/cybergear_interfaces/share/cybergear_interfaces/srv/VoltaOperationCommand.idl
[5.319s] -- Installing: /home/ambushee/HexapodLeg_modeling_team/hexapod/install/cybergear_interfaces/share/cybergear_interfaces/msg/MotorControl.msg
[5.319s] -- Installing: /home/ambushee/HexapodLeg_modeling_team/hexapod/install/cybergear_interfaces/share/cybergear_interfaces/msg/MotorControlGroup.msg
[5.319s] -- Installing: /home/ambushee/HexapodLeg_modeling_team/hexapod/install/cybergear_interfaces/share/cybergear_interfaces/msg/SetPoint.msg
[5.320s] -- Installing: /home/ambushee/HexapodLeg_modeling_team/hexapod/install/cybergear_interfaces/share/cybergear_interfaces/srv/SetParam.srv
[5.320s] -- Installing: /home/ambushee/HexapodLeg_modeling_team/hexapod/install/cybergear_interfaces/share/cybergear_interfaces/srv/SetParam_Request.msg
[5.320s] -- Installing: /home/ambushee/HexapodLeg_modeling_team/hexapod/install/cybergear_interfaces/share/cybergear_interfaces/srv/SetParam_Response.msg
[5.320s] -- Installing: /home/ambushee/HexapodLeg_modeling_team/hexapod/install/cybergear_interfaces/share/cybergear_interfaces/srv/SetMotionGain.srv
[5.320s] -- Installing: /home/ambushee/HexapodLeg_modeling_team/hexapod/install/cybergear_interfaces/share/cybergear_interfaces/srv/SetMotionGain_Request.msg
[5.320s] -- Installing: /home/ambushee/HexapodLeg_modeling_team/hexapod/install/cybergear_interfaces/share/cybergear_interfaces/srv/SetMotionGain_Response.msg
[5.320s] -- Installing: /home/ambushee/HexapodLeg_modeling_team/hexapod/install/cybergear_interfaces/share/cybergear_interfaces/srv/VoltaOperationCommand.srv
[5.320s] -- Installing: /home/ambushee/HexapodLeg_modeling_team/hexapod/install/cybergear_interfaces/share/cybergear_interfaces/srv/VoltaOperationCommand_Request.msg
[5.320s] -- Installing: /home/ambushee/HexapodLeg_modeling_team/hexapod/install/cybergear_interfaces/share/cybergear_interfaces/srv/VoltaOperationCommand_Response.msg
[5.320s] -- Installing: /home/ambushee/HexapodLeg_modeling_team/hexapod/install/cybergear_interfaces/share/ament_index/resource_index/package_run_dependencies/cybergear_interfaces
[5.321s] -- Installing: /home/ambushee/HexapodLeg_modeling_team/hexapod/install/cybergear_interfaces/share/ament_index/resource_index/parent_prefix_path/cybergear_interfaces
[5.321s] -- Installing: /home/ambushee/HexapodLeg_modeling_team/hexapod/install/cybergear_interfaces/share/cybergear_interfaces/environment/ament_prefix_path.sh
[5.321s] -- Installing: /home/ambushee/HexapodLeg_modeling_team/hexapod/install/cybergear_interfaces/share/cybergear_interfaces/environment/ament_prefix_path.dsv
[5.321s] -- Installing: /home/ambushee/HexapodLeg_modeling_team/hexapod/install/cybergear_interfaces/share/cybergear_interfaces/environment/path.sh
[5.321s] -- Installing: /home/ambushee/HexapodLeg_modeling_team/hexapod/install/cybergear_interfaces/share/cybergear_interfaces/environment/path.dsv
[5.321s] -- Installing: /home/ambushee/HexapodLeg_modeling_team/hexapod/install/cybergear_interfaces/share/cybergear_interfaces/local_setup.bash
[5.321s] -- Installing: /home/ambushee/HexapodLeg_modeling_team/hexapod/install/cybergear_interfaces/share/cybergear_interfaces/local_setup.sh
[5.321s] -- Installing: /home/ambushee/HexapodLeg_modeling_team/hexapod/install/cybergear_interfaces/share/cybergear_interfaces/local_setup.zsh
[5.321s] -- Installing: /home/ambushee/HexapodLeg_modeling_team/hexapod/install/cybergear_interfaces/share/cybergear_interfaces/local_setup.dsv
[5.321s] -- Installing: /home/ambushee/HexapodLeg_modeling_team/hexapod/install/cybergear_interfaces/share/cybergear_interfaces/package.dsv
[5.321s] -- Installing: /home/ambushee/HexapodLeg_modeling_team/hexapod/install/cybergear_interfaces/share/ament_index/resource_index/packages/cybergear_interfaces
[5.322s] -- Installing: /home/ambushee/HexapodLeg_modeling_team/hexapod/install/cybergear_interfaces/share/cybergear_interfaces/cmake/export_cybergear_interfaces__rosidl_generator_cExport.cmake
[5.322s] -- Installing: /home/ambushee/HexapodLeg_modeling_team/hexapod/install/cybergear_interfaces/share/cybergear_interfaces/cmake/export_cybergear_interfaces__rosidl_generator_cExport-noconfig.cmake
[5.322s] -- Installing: /home/ambushee/HexapodLeg_modeling_team/hexapod/install/cybergear_interfaces/share/cybergear_interfaces/cmake/export_cybergear_interfaces__rosidl_typesupport_fastrtps_cExport.cmake
[5.322s] -- Installing: /home/ambushee/HexapodLeg_modeling_team/hexapod/install/cybergear_interfaces/share/cybergear_interfaces/cmake/export_cybergear_interfaces__rosidl_typesupport_fastrtps_cExport-noconfig.cmake
[5.322s] -- Installing: /home/ambushee/HexapodLeg_modeling_team/hexapod/install/cybergear_interfaces/share/cybergear_interfaces/cmake/cybergear_interfaces__rosidl_typesupport_introspection_cExport.cmake
[5.322s] -- Installing: /home/ambushee/HexapodLeg_modeling_team/hexapod/install/cybergear_interfaces/share/cybergear_interfaces/cmake/cybergear_interfaces__rosidl_typesupport_introspection_cExport-noconfig.cmake
[5.322s] -- Installing: /home/ambushee/HexapodLeg_modeling_team/hexapod/install/cybergear_interfaces/share/cybergear_interfaces/cmake/cybergear_interfaces__rosidl_typesupport_cExport.cmake
[5.322s] -- Installing: /home/ambushee/HexapodLeg_modeling_team/hexapod/install/cybergear_interfaces/share/cybergear_interfaces/cmake/cybergear_interfaces__rosidl_typesupport_cExport-noconfig.cmake
[5.322s] -- Installing: /home/ambushee/HexapodLeg_modeling_team/hexapod/install/cybergear_interfaces/share/cybergear_interfaces/cmake/export_cybergear_interfaces__rosidl_generator_cppExport.cmake
[5.322s] -- Installing: /home/ambushee/HexapodLeg_modeling_team/hexapod/install/cybergear_interfaces/share/cybergear_interfaces/cmake/export_cybergear_interfaces__rosidl_typesupport_fastrtps_cppExport.cmake
[5.322s] -- Installing: /home/ambushee/HexapodLeg_modeling_team/hexapod/install/cybergear_interfaces/share/cybergear_interfaces/cmake/export_cybergear_interfaces__rosidl_typesupport_fastrtps_cppExport-noconfig.cmake
[5.322s] -- Installing: /home/ambushee/HexapodLeg_modeling_team/hexapod/install/cybergear_interfaces/share/cybergear_interfaces/cmake/cybergear_interfaces__rosidl_typesupport_introspection_cppExport.cmake
[5.323s] -- Installing: /home/ambushee/HexapodLeg_modeling_team/hexapod/install/cybergear_interfaces/share/cybergear_interfaces/cmake/cybergear_interfaces__rosidl_typesupport_introspection_cppExport-noconfig.cmake
[5.323s] -- Installing: /home/ambushee/HexapodLeg_modeling_team/hexapod/install/cybergear_interfaces/share/cybergear_interfaces/cmake/cybergear_interfaces__rosidl_typesupport_cppExport.cmake
[5.323s] -- Installing: /home/ambushee/HexapodLeg_modeling_team/hexapod/install/cybergear_interfaces/share/cybergear_interfaces/cmake/cybergear_interfaces__rosidl_typesupport_cppExport-noconfig.cmake
[5.323s] -- Installing: /home/ambushee/HexapodLeg_modeling_team/hexapod/install/cybergear_interfaces/share/cybergear_interfaces/cmake/export_cybergear_interfaces__rosidl_generator_pyExport.cmake
[5.323s] -- Installing: /home/ambushee/HexapodLeg_modeling_team/hexapod/install/cybergear_interfaces/share/cybergear_interfaces/cmake/export_cybergear_interfaces__rosidl_generator_pyExport-noconfig.cmake
[5.323s] -- Installing: /home/ambushee/HexapodLeg_modeling_team/hexapod/install/cybergear_interfaces/share/cybergear_interfaces/cmake/rosidl_cmake-extras.cmake
[5.323s] -- Installing: /home/ambushee/HexapodLeg_modeling_team/hexapod/install/cybergear_interfaces/share/cybergear_interfaces/cmake/ament_cmake_export_dependencies-extras.cmake
[5.323s] -- Installing: /home/ambushee/HexapodLeg_modeling_team/hexapod/install/cybergear_interfaces/share/cybergear_interfaces/cmake/ament_cmake_export_include_directories-extras.cmake
[5.323s] -- Installing: /home/ambushee/HexapodLeg_modeling_team/hexapod/install/cybergear_interfaces/share/cybergear_interfaces/cmake/ament_cmake_export_libraries-extras.cmake
[5.323s] -- Installing: /home/ambushee/HexapodLeg_modeling_team/hexapod/install/cybergear_interfaces/share/cybergear_interfaces/cmake/ament_cmake_export_targets-extras.cmake
[5.323s] -- Installing: /home/ambushee/HexapodLeg_modeling_team/hexapod/install/cybergear_interfaces/share/cybergear_interfaces/cmake/rosidl_cmake_export_typesupport_targets-extras.cmake
[5.323s] -- Installing: /home/ambushee/HexapodLeg_modeling_team/hexapod/install/cybergear_interfaces/share/cybergear_interfaces/cmake/rosidl_cmake_export_typesupport_libraries-extras.cmake
[5.323s] -- Installing: /home/ambushee/HexapodLeg_modeling_team/hexapod/install/cybergear_interfaces/share/cybergear_interfaces/cmake/cybergear_interfacesConfig.cmake
[5.324s] -- Installing: /home/ambushee/HexapodLeg_modeling_team/hexapod/install/cybergear_interfaces/share/cybergear_interfaces/cmake/cybergear_interfacesConfig-version.cmake
[5.324s] -- Installing: /home/ambushee/HexapodLeg_modeling_team/hexapod/install/cybergear_interfaces/share/cybergear_interfaces/package.xml
[5.325s] Invoked command in '/home/ambushee/HexapodLeg_modeling_team/hexapod/build/cybergear_interfaces' returned '0': CMAKE_PREFIX_PATH=${CMAKE_PREFIX_PATH}:/opt/ros/humble /usr/bin/cmake --install /home/ambushee/HexapodLeg_modeling_team/hexapod/build/cybergear_interfaces
