[0.709s] Invoking command in '/home/ambushee/HexapodLeg_modeling_team/2dof/src/hexapod_gz': PYTHONPATH=/home/ambushee/HexapodLeg_modeling_team/2dof/build/hexapod_gz/prefix_override:/usr/lib/python3/dist-packages/colcon_core/task/python/colcon_distutils_commands:/home/ambushee/HexapodLeg_modeling_team/2dof/install/hexapod_gz/lib/python3.10/site-packages:${PYTHONPATH} /usr/bin/python3 -W ignore:setup.py install is deprecated -W ignore:easy_install command is deprecated setup.py egg_info --egg-base ../../build/hexapod_gz build --build-base /home/ambushee/HexapodLeg_modeling_team/2dof/build/hexapod_gz/build install --record /home/ambushee/HexapodLeg_modeling_team/2dof/build/hexapod_gz/install.log --single-version-externally-managed install_data
[0.977s] running egg_info
[0.978s] writing ../../build/hexapod_gz/hexapod_gz.egg-info/PKG-INFO
[0.978s] writing dependency_links to ../../build/hexapod_gz/hexapod_gz.egg-info/dependency_links.txt
[0.978s] writing entry points to ../../build/hexapod_gz/hexapod_gz.egg-info/entry_points.txt
[0.978s] writing requirements to ../../build/hexapod_gz/hexapod_gz.egg-info/requires.txt
[0.978s] writing top-level names to ../../build/hexapod_gz/hexapod_gz.egg-info/top_level.txt
[0.980s] reading manifest file '../../build/hexapod_gz/hexapod_gz.egg-info/SOURCES.txt'
[0.980s] writing manifest file '../../build/hexapod_gz/hexapod_gz.egg-info/SOURCES.txt'
[0.980s] running build
[0.981s] running build_py
[0.981s] running install
[0.981s] running install_lib
[0.982s] running install_data
[0.982s] copying launch/spawn_robot.launch.py -> /home/ambushee/HexapodLeg_modeling_team/2dof/install/hexapod_gz/share/hexapod_gz/launch
[0.982s] running install_egg_info
[0.984s] removing '/home/ambushee/HexapodLeg_modeling_team/2dof/install/hexapod_gz/lib/python3.10/site-packages/hexapod_gz-0.1.0-py3.10.egg-info' (and everything under it)
[0.984s] Copying ../../build/hexapod_gz/hexapod_gz.egg-info to /home/ambushee/HexapodLeg_modeling_team/2dof/install/hexapod_gz/lib/python3.10/site-packages/hexapod_gz-0.1.0-py3.10.egg-info
[0.985s] running install_scripts
[1.004s] Installing joint_position_commander script to /home/ambushee/HexapodLeg_modeling_team/2dof/install/hexapod_gz/lib/hexapod_gz
[1.004s] writing list of installed files to '/home/ambushee/HexapodLeg_modeling_team/2dof/build/hexapod_gz/install.log'
[1.027s] Invoked command in '/home/ambushee/HexapodLeg_modeling_team/2dof/src/hexapod_gz' returned '0': PYTHONPATH=/home/ambushee/HexapodLeg_modeling_team/2dof/build/hexapod_gz/prefix_override:/usr/lib/python3/dist-packages/colcon_core/task/python/colcon_distutils_commands:/home/ambushee/HexapodLeg_modeling_team/2dof/install/hexapod_gz/lib/python3.10/site-packages:${PYTHONPATH} /usr/bin/python3 -W ignore:setup.py install is deprecated -W ignore:easy_install command is deprecated setup.py egg_info --egg-base ../../build/hexapod_gz build --build-base /home/ambushee/HexapodLeg_modeling_team/2dof/build/hexapod_gz/build install --record /home/ambushee/HexapodLeg_modeling_team/2dof/build/hexapod_gz/install.log --single-version-externally-managed install_data
