-- The C compiler identification is GNU 11.4.0
-- The CXX compiler identification is GNU 11.4.0
-- Detecting C compiler ABI info
-- Detecting C compiler ABI info - done
-- Check for working C compiler: /usr/bin/cc - skipped
-- Detecting C compile features
-- Detecting C compile features - done
-- Detecting CXX compiler ABI info
-- Detecting CXX compiler ABI info - done
-- Check for working CXX compiler: /usr/bin/c++ - skipped
-- Detecting CXX compile features
-- Detecting CXX compile features - done
-- Found ament_cmake: 1.3.11 (/opt/ros/humble/share/ament_cmake/cmake)
-- Found Python3: /usr/bin/python3 (found version "3.10.12") found components: Interpreter 
-- Found rclcpp: 16.0.11 (/opt/ros/humble/share/rclcpp/cmake)
-- Found rosidl_generator_c: 3.1.6 (/opt/ros/humble/share/rosidl_generator_c/cmake)
-- Found rosidl_adapter: 3.1.6 (/opt/ros/humble/share/rosidl_adapter/cmake)
-- Found rosidl_generator_cpp: 3.1.6 (/opt/ros/humble/share/rosidl_generator_cpp/cmake)
-- Using all available rosidl_typesupport_c: rosidl_typesupport_fastrtps_c;rosidl_typesupport_introspection_c
-- Using all available rosidl_typesupport_cpp: rosidl_typesupport_fastrtps_cpp;rosidl_typesupport_introspection_cpp
-- Found rmw_implementation_cmake: 6.1.2 (/opt/ros/humble/share/rmw_implementation_cmake/cmake)
-- Found rmw_fastrtps_cpp: 6.2.7 (/opt/ros/humble/share/rmw_fastrtps_cpp/cmake)
-- Found OpenSSL: /usr/lib/x86_64-linux-gnu/libcrypto.so (found version "3.0.2")  
-- Found FastRTPS: /opt/ros/humble/include  
-- Using RMW implementation 'rmw_fastrtps_cpp' as default
-- Looking for pthread.h
-- Looking for pthread.h - found
-- Performing Test CMAKE_HAVE_LIBC_PTHREAD
-- Performing Test CMAKE_HAVE_LIBC_PTHREAD - Success
-- Found Threads: TRUE  
-- Found rclpy: 3.3.15 (/opt/ros/humble/share/rclpy/cmake)
-- Configuring done
-- Generating done
-- Build files have been written to: /home/ambushee/HexapodLeg_modeling_team/hexapod/build/cybergear_driver
[ 50%] [32mBuilding CXX object CMakeFiles/cpp_node_test.dir/src/cpp_node.cpp.o[0m
[ 50%] Built target ament_cmake_python_copy_cybergear_driver
[100%] [32m[1mLinking CXX executable cpp_node_test[0m
running egg_info
creating cybergear_driver.egg-info
writing cybergear_driver.egg-info/PKG-INFO
writing dependency_links to cybergear_driver.egg-info/dependency_links.txt
writing top-level names to cybergear_driver.egg-info/top_level.txt
writing manifest file 'cybergear_driver.egg-info/SOURCES.txt'
reading manifest file 'cybergear_driver.egg-info/SOURCES.txt'
writing manifest file 'cybergear_driver.egg-info/SOURCES.txt'
[100%] Built target ament_cmake_python_build_cybergear_driver_egg
[100%] Built target cpp_node_test
-- Install configuration: ""
-- Installing: /home/ambushee/HexapodLeg_modeling_team/hexapod/install/cybergear_driver/share/cybergear_driver/environment/pythonpath.sh
-- Installing: /home/ambushee/HexapodLeg_modeling_team/hexapod/install/cybergear_driver/share/cybergear_driver/environment/pythonpath.dsv
-- Installing: /home/ambushee/HexapodLeg_modeling_team/hexapod/install/cybergear_driver/local/lib/python3.10/dist-packages/cybergear_driver-0.0.0-py3.10.egg-info
-- Installing: /home/ambushee/HexapodLeg_modeling_team/hexapod/install/cybergear_driver/local/lib/python3.10/dist-packages/cybergear_driver-0.0.0-py3.10.egg-info/dependency_links.txt
-- Installing: /home/ambushee/HexapodLeg_modeling_team/hexapod/install/cybergear_driver/local/lib/python3.10/dist-packages/cybergear_driver-0.0.0-py3.10.egg-info/SOURCES.txt
-- Installing: /home/ambushee/HexapodLeg_modeling_team/hexapod/install/cybergear_driver/local/lib/python3.10/dist-packages/cybergear_driver-0.0.0-py3.10.egg-info/top_level.txt
-- Installing: /home/ambushee/HexapodLeg_modeling_team/hexapod/install/cybergear_driver/local/lib/python3.10/dist-packages/cybergear_driver-0.0.0-py3.10.egg-info/PKG-INFO
-- Installing: /home/ambushee/HexapodLeg_modeling_team/hexapod/install/cybergear_driver/local/lib/python3.10/dist-packages/cybergear_driver
-- Installing: /home/ambushee/HexapodLeg_modeling_team/hexapod/install/cybergear_driver/local/lib/python3.10/dist-packages/cybergear_driver/__init__.py
-- Installing: /home/ambushee/HexapodLeg_modeling_team/hexapod/install/cybergear_driver/local/lib/python3.10/dist-packages/cybergear_driver/dummy_module.py
Listing '/home/ambushee/HexapodLeg_modeling_team/hexapod/install/cybergear_driver/local/lib/python3.10/dist-packages/cybergear_driver'...
Compiling '/home/ambushee/HexapodLeg_modeling_team/hexapod/install/cybergear_driver/local/lib/python3.10/dist-packages/cybergear_driver/__init__.py'...
Compiling '/home/ambushee/HexapodLeg_modeling_team/hexapod/install/cybergear_driver/local/lib/python3.10/dist-packages/cybergear_driver/dummy_module.py'...
-- Installing: /home/ambushee/HexapodLeg_modeling_team/hexapod/install/cybergear_driver/lib/cybergear_driver/cybergear_driver.py
-- Installing: /home/ambushee/HexapodLeg_modeling_team/hexapod/install/cybergear_driver/lib/cybergear_driver/lock_home_position_control.py
-- Installing: /home/ambushee/HexapodLeg_modeling_team/hexapod/install/cybergear_driver/lib/cybergear_driver/lock_home_mit_control.py
-- Installing: /home/ambushee/HexapodLeg_modeling_team/hexapod/install/cybergear_driver/lib/cybergear_driver/single_motor_position_control.py
-- Installing: /home/ambushee/HexapodLeg_modeling_team/hexapod/install/cybergear_driver/lib/cybergear_driver/scan_motors.py
-- Installing: /home/ambushee/HexapodLeg_modeling_team/hexapod/install/cybergear_driver/lib/cybergear_driver/config.py
-- Installing: /home/ambushee/HexapodLeg_modeling_team/hexapod/install/cybergear_driver/lib/cybergear_driver/cybergear.py
-- Installing: /home/ambushee/HexapodLeg_modeling_team/hexapod/install/cybergear_driver/lib/cybergear_driver/controller.py
-- Installing: /home/ambushee/HexapodLeg_modeling_team/hexapod/install/cybergear_driver/lib/cybergear_driver/cybergear_calibration_node.py
-- Installing: /home/ambushee/HexapodLeg_modeling_team/hexapod/install/cybergear_driver/lib/cybergear_driver/cpp_node_test
-- Set runtime path of "/home/ambushee/HexapodLeg_modeling_team/hexapod/install/cybergear_driver/lib/cybergear_driver/cpp_node_test" to ""
-- Installing: /home/ambushee/HexapodLeg_modeling_team/hexapod/install/cybergear_driver/share/cybergear_driver/config
-- Installing: /home/ambushee/HexapodLeg_modeling_team/hexapod/install/cybergear_driver/share/cybergear_driver/config/config.yaml
-- Installing: /home/ambushee/HexapodLeg_modeling_team/hexapod/install/cybergear_driver/share/ament_index/resource_index/package_run_dependencies/cybergear_driver
-- Installing: /home/ambushee/HexapodLeg_modeling_team/hexapod/install/cybergear_driver/share/ament_index/resource_index/parent_prefix_path/cybergear_driver
-- Installing: /home/ambushee/HexapodLeg_modeling_team/hexapod/install/cybergear_driver/share/cybergear_driver/environment/ament_prefix_path.sh
-- Installing: /home/ambushee/HexapodLeg_modeling_team/hexapod/install/cybergear_driver/share/cybergear_driver/environment/ament_prefix_path.dsv
-- Installing: /home/ambushee/HexapodLeg_modeling_team/hexapod/install/cybergear_driver/share/cybergear_driver/environment/path.sh
-- Installing: /home/ambushee/HexapodLeg_modeling_team/hexapod/install/cybergear_driver/share/cybergear_driver/environment/path.dsv
-- Installing: /home/ambushee/HexapodLeg_modeling_team/hexapod/install/cybergear_driver/share/cybergear_driver/local_setup.bash
-- Installing: /home/ambushee/HexapodLeg_modeling_team/hexapod/install/cybergear_driver/share/cybergear_driver/local_setup.sh
-- Installing: /home/ambushee/HexapodLeg_modeling_team/hexapod/install/cybergear_driver/share/cybergear_driver/local_setup.zsh
-- Installing: /home/ambushee/HexapodLeg_modeling_team/hexapod/install/cybergear_driver/share/cybergear_driver/local_setup.dsv
-- Installing: /home/ambushee/HexapodLeg_modeling_team/hexapod/install/cybergear_driver/share/cybergear_driver/package.dsv
-- Installing: /home/ambushee/HexapodLeg_modeling_team/hexapod/install/cybergear_driver/share/ament_index/resource_index/packages/cybergear_driver
-- Installing: /home/ambushee/HexapodLeg_modeling_team/hexapod/install/cybergear_driver/share/cybergear_driver/cmake/cybergear_driverConfig.cmake
-- Installing: /home/ambushee/HexapodLeg_modeling_team/hexapod/install/cybergear_driver/share/cybergear_driver/cmake/cybergear_driverConfig-version.cmake
-- Installing: /home/ambushee/HexapodLeg_modeling_team/hexapod/install/cybergear_driver/share/cybergear_driver/package.xml
