[0.014s] Invoking command in '/home/ambushee/HexapodLeg_modeling_team/hexapod/build/cybergear_driver': CMAKE_PREFIX_PATH=${CMAKE_PREFIX_PATH}:/opt/ros/humble /usr/bin/cmake /home/ambushee/HexapodLeg_modeling_team/hexapod/src/cybergear/cybergear_driver -DCMAKE_INSTALL_PREFIX=/home/ambushee/HexapodLeg_modeling_team/hexapod/install/cybergear_driver
[0.052s] -- The C compiler identification is GNU 11.4.0
[0.094s] -- The CXX compiler identification is GNU 11.4.0
[0.099s] -- Detecting C compiler ABI info
[0.147s] -- Detecting C compiler ABI info - done
[0.158s] -- Check for working C compiler: /usr/bin/cc - skipped
[0.159s] -- Detecting C compile features
[0.159s] -- Detecting C compile features - done
[0.163s] -- Detecting CXX compiler ABI info
[0.223s] -- Detecting CXX compiler ABI info - done
[0.229s] -- Check for working CXX compiler: /usr/bin/c++ - skipped
[0.229s] -- Detecting CXX compile features
[0.229s] -- Detecting CXX compile features - done
[0.231s] -- Found ament_cmake: 1.3.11 (/opt/ros/humble/share/ament_cmake/cmake)
[0.351s] -- Found Python3: /usr/bin/python3 (found version "3.10.12") found components: Interpreter 
[0.422s] -- Found rclcpp: 16.0.11 (/opt/ros/humble/share/rclcpp/cmake)
[0.451s] -- Found rosidl_generator_c: 3.1.6 (/opt/ros/humble/share/rosidl_generator_c/cmake)
[0.455s] -- Found rosidl_adapter: 3.1.6 (/opt/ros/humble/share/rosidl_adapter/cmake)
[0.461s] -- Found rosidl_generator_cpp: 3.1.6 (/opt/ros/humble/share/rosidl_generator_cpp/cmake)
[0.471s] -- Using all available rosidl_typesupport_c: rosidl_typesupport_fastrtps_c;rosidl_typesupport_introspection_c
[0.485s] -- Using all available rosidl_typesupport_cpp: rosidl_typesupport_fastrtps_cpp;rosidl_typesupport_introspection_cpp
[0.523s] -- Found rmw_implementation_cmake: 6.1.2 (/opt/ros/humble/share/rmw_implementation_cmake/cmake)
[0.525s] -- Found rmw_fastrtps_cpp: 6.2.7 (/opt/ros/humble/share/rmw_fastrtps_cpp/cmake)
[0.605s] -- Found OpenSSL: /usr/lib/x86_64-linux-gnu/libcrypto.so (found version "3.0.2")  
[0.631s] -- Found FastRTPS: /opt/ros/humble/include  
[0.668s] -- Using RMW implementation 'rmw_fastrtps_cpp' as default
[0.674s] -- Looking for pthread.h
[0.728s] -- Looking for pthread.h - found
[0.728s] -- Performing Test CMAKE_HAVE_LIBC_PTHREAD
[0.781s] -- Performing Test CMAKE_HAVE_LIBC_PTHREAD - Success
[0.782s] -- Found Threads: TRUE  
[0.826s] -- Found rclpy: 3.3.15 (/opt/ros/humble/share/rclpy/cmake)
[0.960s] -- Configuring done
[0.972s] -- Generating done
[0.978s] -- Build files have been written to: /home/ambushee/HexapodLeg_modeling_team/hexapod/build/cybergear_driver
[0.989s] Invoked command in '/home/ambushee/HexapodLeg_modeling_team/hexapod/build/cybergear_driver' returned '0': CMAKE_PREFIX_PATH=${CMAKE_PREFIX_PATH}:/opt/ros/humble /usr/bin/cmake /home/ambushee/HexapodLeg_modeling_team/hexapod/src/cybergear/cybergear_driver -DCMAKE_INSTALL_PREFIX=/home/ambushee/HexapodLeg_modeling_team/hexapod/install/cybergear_driver
[0.991s] Invoking command in '/home/ambushee/HexapodLeg_modeling_team/hexapod/build/cybergear_driver': CMAKE_PREFIX_PATH=${CMAKE_PREFIX_PATH}:/opt/ros/humble /usr/bin/cmake --build /home/ambushee/HexapodLeg_modeling_team/hexapod/build/cybergear_driver -- -j16 -l16
[1.025s] [ 50%] [32mBuilding CXX object CMakeFiles/cpp_node_test.dir/src/cpp_node.cpp.o[0m
[1.031s] [ 50%] Built target ament_cmake_python_copy_cybergear_driver
[1.277s] [100%] [32m[1mLinking CXX executable cpp_node_test[0m
[1.304s] running egg_info
[1.305s] creating cybergear_driver.egg-info
[1.305s] writing cybergear_driver.egg-info/PKG-INFO
[1.306s] writing dependency_links to cybergear_driver.egg-info/dependency_links.txt
[1.306s] writing top-level names to cybergear_driver.egg-info/top_level.txt
[1.306s] writing manifest file 'cybergear_driver.egg-info/SOURCES.txt'
[1.309s] reading manifest file 'cybergear_driver.egg-info/SOURCES.txt'
[1.310s] writing manifest file 'cybergear_driver.egg-info/SOURCES.txt'
[1.340s] [100%] Built target ament_cmake_python_build_cybergear_driver_egg
[1.391s] [100%] Built target cpp_node_test
[1.408s] Invoked command in '/home/ambushee/HexapodLeg_modeling_team/hexapod/build/cybergear_driver' returned '0': CMAKE_PREFIX_PATH=${CMAKE_PREFIX_PATH}:/opt/ros/humble /usr/bin/cmake --build /home/ambushee/HexapodLeg_modeling_team/hexapod/build/cybergear_driver -- -j16 -l16
[1.409s] Invoking command in '/home/ambushee/HexapodLeg_modeling_team/hexapod/build/cybergear_driver': CMAKE_PREFIX_PATH=${CMAKE_PREFIX_PATH}:/opt/ros/humble /usr/bin/cmake --install /home/ambushee/HexapodLeg_modeling_team/hexapod/build/cybergear_driver
[1.414s] -- Install configuration: ""
[1.414s] -- Installing: /home/ambushee/HexapodLeg_modeling_team/hexapod/install/cybergear_driver/share/cybergear_driver/environment/pythonpath.sh
[1.414s] -- Installing: /home/ambushee/HexapodLeg_modeling_team/hexapod/install/cybergear_driver/share/cybergear_driver/environment/pythonpath.dsv
[1.414s] -- Installing: /home/ambushee/HexapodLeg_modeling_team/hexapod/install/cybergear_driver/local/lib/python3.10/dist-packages/cybergear_driver-0.0.0-py3.10.egg-info
[1.415s] -- Installing: /home/ambushee/HexapodLeg_modeling_team/hexapod/install/cybergear_driver/local/lib/python3.10/dist-packages/cybergear_driver-0.0.0-py3.10.egg-info/dependency_links.txt
[1.415s] -- Installing: /home/ambushee/HexapodLeg_modeling_team/hexapod/install/cybergear_driver/local/lib/python3.10/dist-packages/cybergear_driver-0.0.0-py3.10.egg-info/SOURCES.txt
[1.415s] -- Installing: /home/ambushee/HexapodLeg_modeling_team/hexapod/install/cybergear_driver/local/lib/python3.10/dist-packages/cybergear_driver-0.0.0-py3.10.egg-info/top_level.txt
[1.415s] -- Installing: /home/ambushee/HexapodLeg_modeling_team/hexapod/install/cybergear_driver/local/lib/python3.10/dist-packages/cybergear_driver-0.0.0-py3.10.egg-info/PKG-INFO
[1.415s] -- Installing: /home/ambushee/HexapodLeg_modeling_team/hexapod/install/cybergear_driver/local/lib/python3.10/dist-packages/cybergear_driver
[1.415s] -- Installing: /home/ambushee/HexapodLeg_modeling_team/hexapod/install/cybergear_driver/local/lib/python3.10/dist-packages/cybergear_driver/__init__.py
[1.415s] -- Installing: /home/ambushee/HexapodLeg_modeling_team/hexapod/install/cybergear_driver/local/lib/python3.10/dist-packages/cybergear_driver/dummy_module.py
[1.444s] Listing '/home/ambushee/HexapodLeg_modeling_team/hexapod/install/cybergear_driver/local/lib/python3.10/dist-packages/cybergear_driver'...
[1.445s] Compiling '/home/ambushee/HexapodLeg_modeling_team/hexapod/install/cybergear_driver/local/lib/python3.10/dist-packages/cybergear_driver/__init__.py'...
[1.445s] Compiling '/home/ambushee/HexapodLeg_modeling_team/hexapod/install/cybergear_driver/local/lib/python3.10/dist-packages/cybergear_driver/dummy_module.py'...
[1.449s] -- Installing: /home/ambushee/HexapodLeg_modeling_team/hexapod/install/cybergear_driver/lib/cybergear_driver/cybergear_driver.py
[1.449s] -- Installing: /home/ambushee/HexapodLeg_modeling_team/hexapod/install/cybergear_driver/lib/cybergear_driver/lock_home_position_control.py
[1.449s] -- Installing: /home/ambushee/HexapodLeg_modeling_team/hexapod/install/cybergear_driver/lib/cybergear_driver/lock_home_mit_control.py
[1.449s] -- Installing: /home/ambushee/HexapodLeg_modeling_team/hexapod/install/cybergear_driver/lib/cybergear_driver/single_motor_position_control.py
[1.449s] -- Installing: /home/ambushee/HexapodLeg_modeling_team/hexapod/install/cybergear_driver/lib/cybergear_driver/scan_motors.py
[1.450s] -- Installing: /home/ambushee/HexapodLeg_modeling_team/hexapod/install/cybergear_driver/lib/cybergear_driver/config.py
[1.450s] -- Installing: /home/ambushee/HexapodLeg_modeling_team/hexapod/install/cybergear_driver/lib/cybergear_driver/cybergear.py
[1.450s] -- Installing: /home/ambushee/HexapodLeg_modeling_team/hexapod/install/cybergear_driver/lib/cybergear_driver/controller.py
[1.450s] -- Installing: /home/ambushee/HexapodLeg_modeling_team/hexapod/install/cybergear_driver/lib/cybergear_driver/cybergear_calibration_node.py
[1.450s] -- Installing: /home/ambushee/HexapodLeg_modeling_team/hexapod/install/cybergear_driver/lib/cybergear_driver/cpp_node_test
[1.450s] -- Set runtime path of "/home/ambushee/HexapodLeg_modeling_team/hexapod/install/cybergear_driver/lib/cybergear_driver/cpp_node_test" to ""
[1.450s] -- Installing: /home/ambushee/HexapodLeg_modeling_team/hexapod/install/cybergear_driver/share/cybergear_driver/config
[1.450s] -- Installing: /home/ambushee/HexapodLeg_modeling_team/hexapod/install/cybergear_driver/share/cybergear_driver/config/config.yaml
[1.451s] -- Installing: /home/ambushee/HexapodLeg_modeling_team/hexapod/install/cybergear_driver/share/ament_index/resource_index/package_run_dependencies/cybergear_driver
[1.451s] -- Installing: /home/ambushee/HexapodLeg_modeling_team/hexapod/install/cybergear_driver/share/ament_index/resource_index/parent_prefix_path/cybergear_driver
[1.451s] -- Installing: /home/ambushee/HexapodLeg_modeling_team/hexapod/install/cybergear_driver/share/cybergear_driver/environment/ament_prefix_path.sh
[1.451s] -- Installing: /home/ambushee/HexapodLeg_modeling_team/hexapod/install/cybergear_driver/share/cybergear_driver/environment/ament_prefix_path.dsv
[1.451s] -- Installing: /home/ambushee/HexapodLeg_modeling_team/hexapod/install/cybergear_driver/share/cybergear_driver/environment/path.sh
[1.451s] -- Installing: /home/ambushee/HexapodLeg_modeling_team/hexapod/install/cybergear_driver/share/cybergear_driver/environment/path.dsv
[1.451s] -- Installing: /home/ambushee/HexapodLeg_modeling_team/hexapod/install/cybergear_driver/share/cybergear_driver/local_setup.bash
[1.452s] -- Installing: /home/ambushee/HexapodLeg_modeling_team/hexapod/install/cybergear_driver/share/cybergear_driver/local_setup.sh
[1.452s] -- Installing: /home/ambushee/HexapodLeg_modeling_team/hexapod/install/cybergear_driver/share/cybergear_driver/local_setup.zsh
[1.452s] -- Installing: /home/ambushee/HexapodLeg_modeling_team/hexapod/install/cybergear_driver/share/cybergear_driver/local_setup.dsv
[1.452s] -- Installing: /home/ambushee/HexapodLeg_modeling_team/hexapod/install/cybergear_driver/share/cybergear_driver/package.dsv
[1.452s] -- Installing: /home/ambushee/HexapodLeg_modeling_team/hexapod/install/cybergear_driver/share/ament_index/resource_index/packages/cybergear_driver
[1.452s] -- Installing: /home/ambushee/HexapodLeg_modeling_team/hexapod/install/cybergear_driver/share/cybergear_driver/cmake/cybergear_driverConfig.cmake
[1.452s] -- Installing: /home/ambushee/HexapodLeg_modeling_team/hexapod/install/cybergear_driver/share/cybergear_driver/cmake/cybergear_driverConfig-version.cmake
[1.453s] -- Installing: /home/ambushee/HexapodLeg_modeling_team/hexapod/install/cybergear_driver/share/cybergear_driver/package.xml
[1.455s] Invoked command in '/home/ambushee/HexapodLeg_modeling_team/hexapod/build/cybergear_driver' returned '0': CMAKE_PREFIX_PATH=${CMAKE_PREFIX_PATH}:/opt/ros/humble /usr/bin/cmake --install /home/ambushee/HexapodLeg_modeling_team/hexapod/build/cybergear_driver
