[1.999s] Invoking command in '/home/ambushee/HexapodLeg_modeling_team/2dof/src/hexapod_gz': PYTHONPATH=/home/ambushee/HexapodLeg_modeling_team/2dof/build/hexapod_gz/prefix_override:/usr/lib/python3/dist-packages/colcon_core/task/python/colcon_distutils_commands:/home/ambushee/HexapodLeg_modeling_team/2dof/install/hexapod_gz/lib/python3.10/site-packages:${PYTHONPATH} /usr/bin/python3 -W ignore:setup.py install is deprecated -W ignore:easy_install command is deprecated setup.py egg_info --egg-base ../../build/hexapod_gz build --build-base /home/ambushee/HexapodLeg_modeling_team/2dof/build/hexapod_gz/build install --record /home/ambushee/HexapodLeg_modeling_team/2dof/build/hexapod_gz/install.log --single-version-externally-managed install_data
[2.794s] running egg_info
[2.796s] writing ../../build/hexapod_gz/hexapod_gz.egg-info/PKG-INFO
[2.797s] writing dependency_links to ../../build/hexapod_gz/hexapod_gz.egg-info/dependency_links.txt
[2.797s] writing entry points to ../../build/hexapod_gz/hexapod_gz.egg-info/entry_points.txt
[2.797s] writing requirements to ../../build/hexapod_gz/hexapod_gz.egg-info/requires.txt
[2.798s] writing top-level names to ../../build/hexapod_gz/hexapod_gz.egg-info/top_level.txt
[2.802s] reading manifest file '../../build/hexapod_gz/hexapod_gz.egg-info/SOURCES.txt'
[2.804s] writing manifest file '../../build/hexapod_gz/hexapod_gz.egg-info/SOURCES.txt'
[2.804s] running build
[2.804s] running build_py
[2.805s] running install
[2.806s] running install_lib
[2.809s] running install_data
[2.809s] copying urdf/hexapod_modelling_team.xacro -> /home/ambushee/HexapodLeg_modeling_team/2dof/install/hexapod_gz/share/hexapod_gz/urdf
[2.810s] running install_egg_info
[2.814s] removing '/home/ambushee/HexapodLeg_modeling_team/2dof/install/hexapod_gz/lib/python3.10/site-packages/hexapod_gz-0.1.0-py3.10.egg-info' (and everything under it)
[2.815s] Copying ../../build/hexapod_gz/hexapod_gz.egg-info to /home/ambushee/HexapodLeg_modeling_team/2dof/install/hexapod_gz/lib/python3.10/site-packages/hexapod_gz-0.1.0-py3.10.egg-info
[2.817s] running install_scripts
[2.875s] Installing joint_position_commander script to /home/ambushee/HexapodLeg_modeling_team/2dof/install/hexapod_gz/lib/hexapod_gz
[2.876s] Installing manual_joint_control script to /home/ambushee/HexapodLeg_modeling_team/2dof/install/hexapod_gz/lib/hexapod_gz
[2.876s] writing list of installed files to '/home/ambushee/HexapodLeg_modeling_team/2dof/build/hexapod_gz/install.log'
[2.932s] Invoked command in '/home/ambushee/HexapodLeg_modeling_team/2dof/src/hexapod_gz' returned '0': PYTHONPATH=/home/ambushee/HexapodLeg_modeling_team/2dof/build/hexapod_gz/prefix_override:/usr/lib/python3/dist-packages/colcon_core/task/python/colcon_distutils_commands:/home/ambushee/HexapodLeg_modeling_team/2dof/install/hexapod_gz/lib/python3.10/site-packages:${PYTHONPATH} /usr/bin/python3 -W ignore:setup.py install is deprecated -W ignore:easy_install command is deprecated setup.py egg_info --egg-base ../../build/hexapod_gz build --build-base /home/ambushee/HexapodLeg_modeling_team/2dof/build/hexapod_gz/build install --record /home/ambushee/HexapodLeg_modeling_team/2dof/build/hexapod_gz/install.log --single-version-externally-managed install_data
