[0.077s] DEBUG:colcon:Command line arguments: ['/usr/bin/colcon', 'build']
[0.077s] DEBUG:colcon:Parsed command line arguments: Namespace(log_base=None, log_level=None, verb_name='build', build_base='build', install_base='install', merge_install=False, symlink_install=False, test_result_base=None, continue_on_error=False, executor='parallel', parallel_workers=16, event_handlers=None, ignore_user_meta=False, metas=['./colcon.meta'], base_paths=['.'], packages_ignore=None, packages_ignore_regex=None, paths=None, packages_up_to=None, packages_up_to_regex=None, packages_above=None, packages_above_and_dependencies=None, packages_above_depth=None, packages_select_by_dep=None, packages_skip_by_dep=None, packages_skip_up_to=None, packages_select_build_failed=False, packages_skip_build_finished=False, packages_select_test_failures=False, packages_skip_test_passed=False, packages_select=None, packages_skip=None, packages_select_regex=None, packages_skip_regex=None, packages_start=None, packages_end=None, allow_overriding=[], cmake_args=None, cmake_target=None, cmake_target_skip_unavailable=False, cmake_clean_cache=False, cmake_clean_first=False, cmake_force_configure=False, ament_cmake_args=None, catkin_cmake_args=None, catkin_skip_building_tests=False, verb_parser=<colcon_defaults.argument_parser.defaults.DefaultArgumentsDecorator object at 0x76693f451840>, verb_extension=<colcon_core.verb.build.BuildVerb object at 0x76693f5cf100>, main=<bound method BuildVerb.main of <colcon_core.verb.build.BuildVerb object at 0x76693f5cf100>>)
[0.231s] Level 1:colcon.colcon_core.package_discovery:discover_packages(colcon_meta) check parameters
[0.231s] Level 1:colcon.colcon_core.package_discovery:discover_packages(recursive) check parameters
[0.231s] Level 1:colcon.colcon_core.package_discovery:discover_packages(ignore) check parameters
[0.231s] Level 1:colcon.colcon_core.package_discovery:discover_packages(path) check parameters
[0.231s] Level 1:colcon.colcon_core.package_discovery:discover_packages(colcon_meta) discover
[0.231s] Level 1:colcon.colcon_core.package_discovery:discover_packages(recursive) discover
[0.231s] INFO:colcon.colcon_core.package_discovery:Crawling recursively for packages in '/home/ambushee/HexapodLeg_modeling_team/hexapod'
[0.231s] Level 1:colcon.colcon_core.package_identification:_identify(.) by extensions ['ignore', 'ignore_ament_install']
[0.231s] Level 1:colcon.colcon_core.package_identification:_identify(.) by extension 'ignore'
[0.231s] Level 1:colcon.colcon_core.package_identification:_identify(.) by extension 'ignore_ament_install'
[0.231s] Level 1:colcon.colcon_core.package_identification:_identify(.) by extensions ['colcon_pkg']
[0.232s] Level 1:colcon.colcon_core.package_identification:_identify(.) by extension 'colcon_pkg'
[0.232s] Level 1:colcon.colcon_core.package_identification:_identify(.) by extensions ['colcon_meta']
[0.232s] Level 1:colcon.colcon_core.package_identification:_identify(.) by extension 'colcon_meta'
[0.232s] Level 1:colcon.colcon_core.package_identification:_identify(.) by extensions ['ros']
[0.232s] Level 1:colcon.colcon_core.package_identification:_identify(.) by extension 'ros'
[0.246s] Level 1:colcon.colcon_core.package_identification:_identify(.) by extensions ['cmake', 'python']
[0.246s] Level 1:colcon.colcon_core.package_identification:_identify(.) by extension 'cmake'
[0.246s] Level 1:colcon.colcon_core.package_identification:_identify(.) by extension 'python'
[0.246s] Level 1:colcon.colcon_core.package_identification:_identify(.) by extensions ['python_setup_py']
[0.246s] Level 1:colcon.colcon_core.package_identification:_identify(.) by extension 'python_setup_py'
[0.246s] Level 1:colcon.colcon_core.package_identification:_identify(build) by extensions ['ignore', 'ignore_ament_install']
[0.246s] Level 1:colcon.colcon_core.package_identification:_identify(build) by extension 'ignore'
[0.246s] Level 1:colcon.colcon_core.package_identification:_identify(build) ignored
[0.246s] Level 1:colcon.colcon_core.package_identification:_identify(install) by extensions ['ignore', 'ignore_ament_install']
[0.247s] Level 1:colcon.colcon_core.package_identification:_identify(install) by extension 'ignore'
[0.247s] Level 1:colcon.colcon_core.package_identification:_identify(install) ignored
[0.247s] Level 1:colcon.colcon_core.package_identification:_identify(log) by extensions ['ignore', 'ignore_ament_install']
[0.247s] Level 1:colcon.colcon_core.package_identification:_identify(log) by extension 'ignore'
[0.247s] Level 1:colcon.colcon_core.package_identification:_identify(log) ignored
[0.247s] Level 1:colcon.colcon_core.package_identification:_identify(src) by extensions ['ignore', 'ignore_ament_install']
[0.247s] Level 1:colcon.colcon_core.package_identification:_identify(src) by extension 'ignore'
[0.247s] Level 1:colcon.colcon_core.package_identification:_identify(src) by extension 'ignore_ament_install'
[0.247s] Level 1:colcon.colcon_core.package_identification:_identify(src) by extensions ['colcon_pkg']
[0.247s] Level 1:colcon.colcon_core.package_identification:_identify(src) by extension 'colcon_pkg'
[0.247s] Level 1:colcon.colcon_core.package_identification:_identify(src) by extensions ['colcon_meta']
[0.247s] Level 1:colcon.colcon_core.package_identification:_identify(src) by extension 'colcon_meta'
[0.247s] Level 1:colcon.colcon_core.package_identification:_identify(src) by extensions ['ros']
[0.247s] Level 1:colcon.colcon_core.package_identification:_identify(src) by extension 'ros'
[0.247s] Level 1:colcon.colcon_core.package_identification:_identify(src) by extensions ['cmake', 'python']
[0.247s] Level 1:colcon.colcon_core.package_identification:_identify(src) by extension 'cmake'
[0.247s] Level 1:colcon.colcon_core.package_identification:_identify(src) by extension 'python'
[0.247s] Level 1:colcon.colcon_core.package_identification:_identify(src) by extensions ['python_setup_py']
[0.247s] Level 1:colcon.colcon_core.package_identification:_identify(src) by extension 'python_setup_py'
[0.247s] Level 1:colcon.colcon_core.package_identification:_identify(src/example_description) by extensions ['ignore', 'ignore_ament_install']
[0.247s] Level 1:colcon.colcon_core.package_identification:_identify(src/example_description) by extension 'ignore'
[0.247s] Level 1:colcon.colcon_core.package_identification:_identify(src/example_description) by extension 'ignore_ament_install'
[0.247s] Level 1:colcon.colcon_core.package_identification:_identify(src/example_description) by extensions ['colcon_pkg']
[0.247s] Level 1:colcon.colcon_core.package_identification:_identify(src/example_description) by extension 'colcon_pkg'
[0.247s] Level 1:colcon.colcon_core.package_identification:_identify(src/example_description) by extensions ['colcon_meta']
[0.247s] Level 1:colcon.colcon_core.package_identification:_identify(src/example_description) by extension 'colcon_meta'
[0.247s] Level 1:colcon.colcon_core.package_identification:_identify(src/example_description) by extensions ['ros']
[0.247s] Level 1:colcon.colcon_core.package_identification:_identify(src/example_description) by extension 'ros'
[0.249s] DEBUG:colcon.colcon_core.package_identification:Package 'src/example_description' with type 'ros.ament_cmake' and name 'example_description'
[0.249s] Level 1:colcon.colcon_core.package_identification:_identify(src/hexapod_controller) by extensions ['ignore', 'ignore_ament_install']
[0.250s] Level 1:colcon.colcon_core.package_identification:_identify(src/hexapod_controller) by extension 'ignore'
[0.250s] Level 1:colcon.colcon_core.package_identification:_identify(src/hexapod_controller) by extension 'ignore_ament_install'
[0.250s] Level 1:colcon.colcon_core.package_identification:_identify(src/hexapod_controller) by extensions ['colcon_pkg']
[0.250s] Level 1:colcon.colcon_core.package_identification:_identify(src/hexapod_controller) by extension 'colcon_pkg'
[0.250s] Level 1:colcon.colcon_core.package_identification:_identify(src/hexapod_controller) by extensions ['colcon_meta']
[0.250s] Level 1:colcon.colcon_core.package_identification:_identify(src/hexapod_controller) by extension 'colcon_meta'
[0.250s] Level 1:colcon.colcon_core.package_identification:_identify(src/hexapod_controller) by extensions ['ros']
[0.250s] Level 1:colcon.colcon_core.package_identification:_identify(src/hexapod_controller) by extension 'ros'
[0.250s] DEBUG:colcon.colcon_core.package_identification:Package 'src/hexapod_controller' with type 'ros.ament_python' and name 'hexapod_controller'
[0.250s] Level 1:colcon.colcon_core.package_identification:_identify(src/hexapod_gazebo) by extensions ['ignore', 'ignore_ament_install']
[0.250s] Level 1:colcon.colcon_core.package_identification:_identify(src/hexapod_gazebo) by extension 'ignore'
[0.250s] Level 1:colcon.colcon_core.package_identification:_identify(src/hexapod_gazebo) by extension 'ignore_ament_install'
[0.250s] Level 1:colcon.colcon_core.package_identification:_identify(src/hexapod_gazebo) by extensions ['colcon_pkg']
[0.250s] Level 1:colcon.colcon_core.package_identification:_identify(src/hexapod_gazebo) by extension 'colcon_pkg'
[0.250s] Level 1:colcon.colcon_core.package_identification:_identify(src/hexapod_gazebo) by extensions ['colcon_meta']
[0.250s] Level 1:colcon.colcon_core.package_identification:_identify(src/hexapod_gazebo) by extension 'colcon_meta'
[0.250s] Level 1:colcon.colcon_core.package_identification:_identify(src/hexapod_gazebo) by extensions ['ros']
[0.251s] Level 1:colcon.colcon_core.package_identification:_identify(src/hexapod_gazebo) by extension 'ros'
[0.251s] DEBUG:colcon.colcon_core.package_identification:Package 'src/hexapod_gazebo' with type 'ros.ament_cmake' and name 'hexapod_gazebo'
[0.251s] Level 1:colcon.colcon_core.package_identification:_identify(src/hexapod_modelling_team) by extensions ['ignore', 'ignore_ament_install']
[0.251s] Level 1:colcon.colcon_core.package_identification:_identify(src/hexapod_modelling_team) by extension 'ignore'
[0.251s] Level 1:colcon.colcon_core.package_identification:_identify(src/hexapod_modelling_team) by extension 'ignore_ament_install'
[0.251s] Level 1:colcon.colcon_core.package_identification:_identify(src/hexapod_modelling_team) by extensions ['colcon_pkg']
[0.251s] Level 1:colcon.colcon_core.package_identification:_identify(src/hexapod_modelling_team) by extension 'colcon_pkg'
[0.251s] Level 1:colcon.colcon_core.package_identification:_identify(src/hexapod_modelling_team) by extensions ['colcon_meta']
[0.251s] Level 1:colcon.colcon_core.package_identification:_identify(src/hexapod_modelling_team) by extension 'colcon_meta'
[0.251s] Level 1:colcon.colcon_core.package_identification:_identify(src/hexapod_modelling_team) by extensions ['ros']
[0.251s] Level 1:colcon.colcon_core.package_identification:_identify(src/hexapod_modelling_team) by extension 'ros'
[0.252s] DEBUG:colcon.colcon_core.package_identification:Package 'src/hexapod_modelling_team' with type 'ros.ament_cmake' and name 'hexapod_modelling_team'
[0.252s] Level 1:colcon.colcon_core.package_discovery:discover_packages(recursive) using defaults
[0.252s] Level 1:colcon.colcon_core.package_discovery:discover_packages(ignore) discover
[0.252s] Level 1:colcon.colcon_core.package_discovery:discover_packages(ignore) using defaults
[0.252s] Level 1:colcon.colcon_core.package_discovery:discover_packages(path) discover
[0.252s] Level 1:colcon.colcon_core.package_discovery:discover_packages(path) using defaults
[0.267s] Level 1:colcon.colcon_core.package_discovery:discover_packages(prefix_path) check parameters
[0.267s] Level 1:colcon.colcon_core.package_discovery:discover_packages(prefix_path) discover
[0.268s] WARNING:colcon.colcon_ros.prefix_path.ament:The path '/home/ambushee/HexapodLeg_modeling_team/hexapod/install/gazebo_controller' in the environment variable AMENT_PREFIX_PATH doesn't exist
[0.268s] WARNING:colcon.colcon_ros.prefix_path.ament:The path '/home/ambushee/HexapodLeg_modeling_team/hexapod/install/hexapod_controller' in the environment variable AMENT_PREFIX_PATH doesn't exist
[0.268s] WARNING:colcon.colcon_ros.prefix_path.ament:The path '/home/ambushee/HexapodLeg_modeling_team/hexapod/install/hexapod_gazebo' in the environment variable AMENT_PREFIX_PATH doesn't exist
[0.268s] WARNING:colcon.colcon_ros.prefix_path.ament:The path '/home/ambushee/HexapodLeg_modeling_team/hexapod/install/hexapod_modelling_team' in the environment variable AMENT_PREFIX_PATH doesn't exist
[0.268s] WARNING:colcon.colcon_ros.prefix_path.ament:The path '/home/ambushee/HexapodLeg_modeling_team/hexapod/install/example_description' in the environment variable AMENT_PREFIX_PATH doesn't exist
[0.268s] WARNING:colcon.colcon_ros.prefix_path.catkin:The path '/home/ambushee/HexapodLeg_modeling_team/hexapod/install/gazebo_controller' in the environment variable CMAKE_PREFIX_PATH doesn't exist
[0.268s] WARNING:colcon.colcon_ros.prefix_path.catkin:The path '/home/ambushee/HexapodLeg_modeling_team/hexapod/install/hexapod_controller' in the environment variable CMAKE_PREFIX_PATH doesn't exist
[0.268s] WARNING:colcon.colcon_ros.prefix_path.catkin:The path '/home/ambushee/HexapodLeg_modeling_team/hexapod/install/hexapod_gazebo' in the environment variable CMAKE_PREFIX_PATH doesn't exist
[0.268s] WARNING:colcon.colcon_ros.prefix_path.catkin:The path '/home/ambushee/HexapodLeg_modeling_team/hexapod/install/hexapod_modelling_team' in the environment variable CMAKE_PREFIX_PATH doesn't exist
[0.268s] WARNING:colcon.colcon_ros.prefix_path.catkin:The path '/home/ambushee/HexapodLeg_modeling_team/hexapod/install/example_description' in the environment variable CMAKE_PREFIX_PATH doesn't exist
[0.269s] DEBUG:colcon.colcon_installed_package_information.package_discovery:Found 0 installed packages in /home/ambushee/HexapodLeg_modeling_team/hexapod/install
[0.269s] DEBUG:colcon.colcon_installed_package_information.package_discovery:Found 2 installed packages in /home/ambushee/ros2_ws/install
[0.270s] DEBUG:colcon.colcon_installed_package_information.package_discovery:Found 357 installed packages in /opt/ros/humble
[0.272s] Level 1:colcon.colcon_core.package_discovery:discover_packages(prefix_path) using defaults
[0.305s] Level 5:colcon.colcon_core.verb:set package 'example_description' build argument 'cmake_args' from command line to 'None'
[0.305s] Level 5:colcon.colcon_core.verb:set package 'example_description' build argument 'cmake_target' from command line to 'None'
[0.305s] Level 5:colcon.colcon_core.verb:set package 'example_description' build argument 'cmake_target_skip_unavailable' from command line to 'False'
[0.306s] Level 5:colcon.colcon_core.verb:set package 'example_description' build argument 'cmake_clean_cache' from command line to 'False'
[0.306s] Level 5:colcon.colcon_core.verb:set package 'example_description' build argument 'cmake_clean_first' from command line to 'False'
[0.306s] Level 5:colcon.colcon_core.verb:set package 'example_description' build argument 'cmake_force_configure' from command line to 'False'
[0.306s] Level 5:colcon.colcon_core.verb:set package 'example_description' build argument 'ament_cmake_args' from command line to 'None'
[0.306s] Level 5:colcon.colcon_core.verb:set package 'example_description' build argument 'catkin_cmake_args' from command line to 'None'
[0.306s] Level 5:colcon.colcon_core.verb:set package 'example_description' build argument 'catkin_skip_building_tests' from command line to 'False'
[0.306s] DEBUG:colcon.colcon_core.verb:Building package 'example_description' with the following arguments: {'ament_cmake_args': None, 'build_base': '/home/ambushee/HexapodLeg_modeling_team/hexapod/build/example_description', 'catkin_cmake_args': None, 'catkin_skip_building_tests': False, 'cmake_args': None, 'cmake_clean_cache': False, 'cmake_clean_first': False, 'cmake_force_configure': False, 'cmake_target': None, 'cmake_target_skip_unavailable': False, 'install_base': '/home/ambushee/HexapodLeg_modeling_team/hexapod/install/example_description', 'merge_install': False, 'path': '/home/ambushee/HexapodLeg_modeling_team/hexapod/src/example_description', 'symlink_install': False, 'test_result_base': None}
[0.306s] Level 5:colcon.colcon_core.verb:set package 'hexapod_controller' build argument 'cmake_args' from command line to 'None'
[0.306s] Level 5:colcon.colcon_core.verb:set package 'hexapod_controller' build argument 'cmake_target' from command line to 'None'
[0.306s] Level 5:colcon.colcon_core.verb:set package 'hexapod_controller' build argument 'cmake_target_skip_unavailable' from command line to 'False'
[0.306s] Level 5:colcon.colcon_core.verb:set package 'hexapod_controller' build argument 'cmake_clean_cache' from command line to 'False'
[0.306s] Level 5:colcon.colcon_core.verb:set package 'hexapod_controller' build argument 'cmake_clean_first' from command line to 'False'
[0.306s] Level 5:colcon.colcon_core.verb:set package 'hexapod_controller' build argument 'cmake_force_configure' from command line to 'False'
[0.306s] Level 5:colcon.colcon_core.verb:set package 'hexapod_controller' build argument 'ament_cmake_args' from command line to 'None'
[0.306s] Level 5:colcon.colcon_core.verb:set package 'hexapod_controller' build argument 'catkin_cmake_args' from command line to 'None'
[0.306s] Level 5:colcon.colcon_core.verb:set package 'hexapod_controller' build argument 'catkin_skip_building_tests' from command line to 'False'
[0.306s] DEBUG:colcon.colcon_core.verb:Building package 'hexapod_controller' with the following arguments: {'ament_cmake_args': None, 'build_base': '/home/ambushee/HexapodLeg_modeling_team/hexapod/build/hexapod_controller', 'catkin_cmake_args': None, 'catkin_skip_building_tests': False, 'cmake_args': None, 'cmake_clean_cache': False, 'cmake_clean_first': False, 'cmake_force_configure': False, 'cmake_target': None, 'cmake_target_skip_unavailable': False, 'install_base': '/home/ambushee/HexapodLeg_modeling_team/hexapod/install/hexapod_controller', 'merge_install': False, 'path': '/home/ambushee/HexapodLeg_modeling_team/hexapod/src/hexapod_controller', 'symlink_install': False, 'test_result_base': None}
[0.306s] Level 5:colcon.colcon_core.verb:set package 'hexapod_modelling_team' build argument 'cmake_args' from command line to 'None'
[0.306s] Level 5:colcon.colcon_core.verb:set package 'hexapod_modelling_team' build argument 'cmake_target' from command line to 'None'
[0.306s] Level 5:colcon.colcon_core.verb:set package 'hexapod_modelling_team' build argument 'cmake_target_skip_unavailable' from command line to 'False'
[0.306s] Level 5:colcon.colcon_core.verb:set package 'hexapod_modelling_team' build argument 'cmake_clean_cache' from command line to 'False'
[0.306s] Level 5:colcon.colcon_core.verb:set package 'hexapod_modelling_team' build argument 'cmake_clean_first' from command line to 'False'
[0.306s] Level 5:colcon.colcon_core.verb:set package 'hexapod_modelling_team' build argument 'cmake_force_configure' from command line to 'False'
[0.306s] Level 5:colcon.colcon_core.verb:set package 'hexapod_modelling_team' build argument 'ament_cmake_args' from command line to 'None'
[0.306s] Level 5:colcon.colcon_core.verb:set package 'hexapod_modelling_team' build argument 'catkin_cmake_args' from command line to 'None'
[0.306s] Level 5:colcon.colcon_core.verb:set package 'hexapod_modelling_team' build argument 'catkin_skip_building_tests' from command line to 'False'
[0.307s] DEBUG:colcon.colcon_core.verb:Building package 'hexapod_modelling_team' with the following arguments: {'ament_cmake_args': None, 'build_base': '/home/ambushee/HexapodLeg_modeling_team/hexapod/build/hexapod_modelling_team', 'catkin_cmake_args': None, 'catkin_skip_building_tests': False, 'cmake_args': None, 'cmake_clean_cache': False, 'cmake_clean_first': False, 'cmake_force_configure': False, 'cmake_target': None, 'cmake_target_skip_unavailable': False, 'install_base': '/home/ambushee/HexapodLeg_modeling_team/hexapod/install/hexapod_modelling_team', 'merge_install': False, 'path': '/home/ambushee/HexapodLeg_modeling_team/hexapod/src/hexapod_modelling_team', 'symlink_install': False, 'test_result_base': None}
[0.307s] Level 5:colcon.colcon_core.verb:set package 'hexapod_gazebo' build argument 'cmake_args' from command line to 'None'
[0.307s] Level 5:colcon.colcon_core.verb:set package 'hexapod_gazebo' build argument 'cmake_target' from command line to 'None'
[0.307s] Level 5:colcon.colcon_core.verb:set package 'hexapod_gazebo' build argument 'cmake_target_skip_unavailable' from command line to 'False'
[0.307s] Level 5:colcon.colcon_core.verb:set package 'hexapod_gazebo' build argument 'cmake_clean_cache' from command line to 'False'
[0.307s] Level 5:colcon.colcon_core.verb:set package 'hexapod_gazebo' build argument 'cmake_clean_first' from command line to 'False'
[0.307s] Level 5:colcon.colcon_core.verb:set package 'hexapod_gazebo' build argument 'cmake_force_configure' from command line to 'False'
[0.307s] Level 5:colcon.colcon_core.verb:set package 'hexapod_gazebo' build argument 'ament_cmake_args' from command line to 'None'
[0.307s] Level 5:colcon.colcon_core.verb:set package 'hexapod_gazebo' build argument 'catkin_cmake_args' from command line to 'None'
[0.307s] Level 5:colcon.colcon_core.verb:set package 'hexapod_gazebo' build argument 'catkin_skip_building_tests' from command line to 'False'
[0.307s] DEBUG:colcon.colcon_core.verb:Building package 'hexapod_gazebo' with the following arguments: {'ament_cmake_args': None, 'build_base': '/home/ambushee/HexapodLeg_modeling_team/hexapod/build/hexapod_gazebo', 'catkin_cmake_args': None, 'catkin_skip_building_tests': False, 'cmake_args': None, 'cmake_clean_cache': False, 'cmake_clean_first': False, 'cmake_force_configure': False, 'cmake_target': None, 'cmake_target_skip_unavailable': False, 'install_base': '/home/ambushee/HexapodLeg_modeling_team/hexapod/install/hexapod_gazebo', 'merge_install': False, 'path': '/home/ambushee/HexapodLeg_modeling_team/hexapod/src/hexapod_gazebo', 'symlink_install': False, 'test_result_base': None}
[0.307s] INFO:colcon.colcon_core.executor:Executing jobs using 'parallel' executor
[0.308s] DEBUG:colcon.colcon_parallel_executor.executor.parallel:run_until_complete
[0.308s] INFO:colcon.colcon_ros.task.ament_cmake.build:Building ROS package in '/home/ambushee/HexapodLeg_modeling_team/hexapod/src/hexapod_modelling_team' with build type 'ament_cmake'
[0.308s] INFO:colcon.colcon_cmake.task.cmake.build:Building CMake package in '/home/ambushee/HexapodLeg_modeling_team/hexapod/src/hexapod_modelling_team'
[0.310s] INFO:colcon.colcon_core.plugin_system:Skipping extension 'colcon_core.shell.bat': Not used on non-Windows systems
[0.310s] INFO:colcon.colcon_core.shell:Skip shell extension 'powershell' for command environment: Not usable outside of PowerShell
[0.310s] DEBUG:colcon.colcon_core.shell:Skip shell extension 'dsv' for command environment
[0.313s] INFO:colcon.colcon_ros.task.ament_cmake.build:Building ROS package in '/home/ambushee/HexapodLeg_modeling_team/hexapod/src/example_description' with build type 'ament_cmake'
[0.313s] INFO:colcon.colcon_cmake.task.cmake.build:Building CMake package in '/home/ambushee/HexapodLeg_modeling_team/hexapod/src/example_description'
[0.313s] INFO:colcon.colcon_core.shell:Skip shell extension 'powershell' for command environment: Not usable outside of PowerShell
[0.313s] DEBUG:colcon.colcon_core.shell:Skip shell extension 'dsv' for command environment
[0.316s] INFO:colcon.colcon_ros.task.ament_python.build:Building ROS package in '/home/ambushee/HexapodLeg_modeling_team/hexapod/src/hexapod_controller' with build type 'ament_python'
[0.316s] Level 1:colcon.colcon_core.shell:create_environment_hook('hexapod_controller', 'ament_prefix_path')
[0.316s] INFO:colcon.colcon_core.shell:Creating environment hook '/home/ambushee/HexapodLeg_modeling_team/hexapod/install/hexapod_controller/share/hexapod_controller/hook/ament_prefix_path.ps1'
[0.317s] INFO:colcon.colcon_core.shell:Creating environment descriptor '/home/ambushee/HexapodLeg_modeling_team/hexapod/install/hexapod_controller/share/hexapod_controller/hook/ament_prefix_path.dsv'
[0.317s] INFO:colcon.colcon_core.shell:Creating environment hook '/home/ambushee/HexapodLeg_modeling_team/hexapod/install/hexapod_controller/share/hexapod_controller/hook/ament_prefix_path.sh'
[0.318s] INFO:colcon.colcon_core.shell:Skip shell extension 'powershell' for command environment: Not usable outside of PowerShell
[0.318s] DEBUG:colcon.colcon_core.shell:Skip shell extension 'dsv' for command environment
[0.324s] DEBUG:colcon.colcon_core.event_handler.log_command:Invoking command in '/home/ambushee/HexapodLeg_modeling_team/hexapod/build/hexapod_modelling_team': CMAKE_PREFIX_PATH=${CMAKE_PREFIX_PATH}:/opt/ros/humble /usr/bin/cmake /home/ambushee/HexapodLeg_modeling_team/hexapod/src/hexapod_modelling_team -DCMAKE_INSTALL_PREFIX=/home/ambushee/HexapodLeg_modeling_team/hexapod/install/hexapod_modelling_team
[0.325s] DEBUG:colcon.colcon_core.event_handler.log_command:Invoking command in '/home/ambushee/HexapodLeg_modeling_team/hexapod/build/example_description': CMAKE_PREFIX_PATH=${CMAKE_PREFIX_PATH}:/opt/ros/humble /usr/bin/cmake /home/ambushee/HexapodLeg_modeling_team/hexapod/src/example_description -DCMAKE_INSTALL_PREFIX=/home/ambushee/HexapodLeg_modeling_team/hexapod/install/example_description
[0.559s] INFO:colcon.colcon_core.task.python.build:Building Python package in '/home/ambushee/HexapodLeg_modeling_team/hexapod/src/hexapod_controller'
[0.559s] INFO:colcon.colcon_core.shell:Skip shell extension 'powershell' for command environment: Not usable outside of PowerShell
[0.559s] DEBUG:colcon.colcon_core.shell:Skip shell extension 'dsv' for command environment
[0.890s] DEBUG:colcon.colcon_core.event_handler.log_command:Invoking command in '/home/ambushee/HexapodLeg_modeling_team/hexapod/src/hexapod_controller': PYTHONPATH=/home/ambushee/HexapodLeg_modeling_team/hexapod/build/hexapod_controller/prefix_override:/usr/lib/python3/dist-packages/colcon_core/task/python/colcon_distutils_commands:/home/ambushee/HexapodLeg_modeling_team/hexapod/install/hexapod_controller/lib/python3.10/site-packages:${PYTHONPATH} /usr/bin/python3 -W ignore:setup.py install is deprecated -W ignore:easy_install command is deprecated setup.py egg_info --egg-base ../../build/hexapod_controller build --build-base /home/ambushee/HexapodLeg_modeling_team/hexapod/build/hexapod_controller/build install --record /home/ambushee/HexapodLeg_modeling_team/hexapod/build/hexapod_controller/install.log --single-version-externally-managed install_data
[1.156s] DEBUG:colcon.colcon_core.event_handler.log_command:Invoked command in '/home/ambushee/HexapodLeg_modeling_team/hexapod/src/hexapod_controller' returned '0': PYTHONPATH=/home/ambushee/HexapodLeg_modeling_team/hexapod/build/hexapod_controller/prefix_override:/usr/lib/python3/dist-packages/colcon_core/task/python/colcon_distutils_commands:/home/ambushee/HexapodLeg_modeling_team/hexapod/install/hexapod_controller/lib/python3.10/site-packages:${PYTHONPATH} /usr/bin/python3 -W ignore:setup.py install is deprecated -W ignore:easy_install command is deprecated setup.py egg_info --egg-base ../../build/hexapod_controller build --build-base /home/ambushee/HexapodLeg_modeling_team/hexapod/build/hexapod_controller/build install --record /home/ambushee/HexapodLeg_modeling_team/hexapod/build/hexapod_controller/install.log --single-version-externally-managed install_data
[1.159s] Level 1:colcon.colcon_core.environment:checking '/home/ambushee/HexapodLeg_modeling_team/hexapod/install/hexapod_controller' for CMake module files
[1.159s] Level 1:colcon.colcon_core.environment:checking '/home/ambushee/HexapodLeg_modeling_team/hexapod/install/hexapod_controller' for CMake config files
[1.160s] Level 1:colcon.colcon_core.environment:checking '/home/ambushee/HexapodLeg_modeling_team/hexapod/install/hexapod_controller/lib'
[1.160s] Level 1:colcon.colcon_core.environment:checking '/home/ambushee/HexapodLeg_modeling_team/hexapod/install/hexapod_controller/bin'
[1.160s] Level 1:colcon.colcon_core.environment:checking '/home/ambushee/HexapodLeg_modeling_team/hexapod/install/hexapod_controller/lib/pkgconfig/hexapod_controller.pc'
[1.161s] Level 1:colcon.colcon_core.environment:checking '/home/ambushee/HexapodLeg_modeling_team/hexapod/install/hexapod_controller/lib/python3.10/site-packages'
[1.161s] Level 1:colcon.colcon_core.shell:create_environment_hook('hexapod_controller', 'pythonpath')
[1.161s] INFO:colcon.colcon_core.shell:Creating environment hook '/home/ambushee/HexapodLeg_modeling_team/hexapod/install/hexapod_controller/share/hexapod_controller/hook/pythonpath.ps1'
[1.162s] INFO:colcon.colcon_core.shell:Creating environment descriptor '/home/ambushee/HexapodLeg_modeling_team/hexapod/install/hexapod_controller/share/hexapod_controller/hook/pythonpath.dsv'
[1.162s] INFO:colcon.colcon_core.shell:Creating environment hook '/home/ambushee/HexapodLeg_modeling_team/hexapod/install/hexapod_controller/share/hexapod_controller/hook/pythonpath.sh'
[1.163s] Level 1:colcon.colcon_core.environment:checking '/home/ambushee/HexapodLeg_modeling_team/hexapod/install/hexapod_controller/bin'
[1.163s] Level 1:colcon.colcon_core.environment:create_environment_scripts_only(hexapod_controller)
[1.163s] INFO:colcon.colcon_core.shell:Creating package script '/home/ambushee/HexapodLeg_modeling_team/hexapod/install/hexapod_controller/share/hexapod_controller/package.ps1'
[1.164s] INFO:colcon.colcon_core.shell:Creating package descriptor '/home/ambushee/HexapodLeg_modeling_team/hexapod/install/hexapod_controller/share/hexapod_controller/package.dsv'
[1.165s] INFO:colcon.colcon_core.shell:Creating package script '/home/ambushee/HexapodLeg_modeling_team/hexapod/install/hexapod_controller/share/hexapod_controller/package.sh'
[1.166s] INFO:colcon.colcon_core.shell:Creating package script '/home/ambushee/HexapodLeg_modeling_team/hexapod/install/hexapod_controller/share/hexapod_controller/package.bash'
[1.166s] INFO:colcon.colcon_core.shell:Creating package script '/home/ambushee/HexapodLeg_modeling_team/hexapod/install/hexapod_controller/share/hexapod_controller/package.zsh'
[1.167s] Level 1:colcon.colcon_core.environment:create_file_with_runtime_dependencies(/home/ambushee/HexapodLeg_modeling_team/hexapod/install/hexapod_controller/share/colcon-core/packages/hexapod_controller)
[1.271s] DEBUG:colcon.colcon_core.event_handler.log_command:Invoked command in '/home/ambushee/HexapodLeg_modeling_team/hexapod/build/hexapod_modelling_team' returned '0': CMAKE_PREFIX_PATH=${CMAKE_PREFIX_PATH}:/opt/ros/humble /usr/bin/cmake /home/ambushee/HexapodLeg_modeling_team/hexapod/src/hexapod_modelling_team -DCMAKE_INSTALL_PREFIX=/home/ambushee/HexapodLeg_modeling_team/hexapod/install/hexapod_modelling_team
[1.273s] DEBUG:colcon.colcon_core.event_handler.log_command:Invoking command in '/home/ambushee/HexapodLeg_modeling_team/hexapod/build/hexapod_modelling_team': CMAKE_PREFIX_PATH=${CMAKE_PREFIX_PATH}:/opt/ros/humble /usr/bin/cmake --build /home/ambushee/HexapodLeg_modeling_team/hexapod/build/hexapod_modelling_team -- -j16 -l16
[1.337s] DEBUG:colcon.colcon_core.event_handler.log_command:Invoked command in '/home/ambushee/HexapodLeg_modeling_team/hexapod/build/example_description' returned '0': CMAKE_PREFIX_PATH=${CMAKE_PREFIX_PATH}:/opt/ros/humble /usr/bin/cmake /home/ambushee/HexapodLeg_modeling_team/hexapod/src/example_description -DCMAKE_INSTALL_PREFIX=/home/ambushee/HexapodLeg_modeling_team/hexapod/install/example_description
[1.339s] DEBUG:colcon.colcon_core.event_handler.log_command:Invoking command in '/home/ambushee/HexapodLeg_modeling_team/hexapod/build/example_description': CMAKE_PREFIX_PATH=${CMAKE_PREFIX_PATH}:/opt/ros/humble /usr/bin/cmake --build /home/ambushee/HexapodLeg_modeling_team/hexapod/build/example_description -- -j16 -l16
[1.635s] DEBUG:colcon.colcon_core.event_handler.log_command:Invoked command in '/home/ambushee/HexapodLeg_modeling_team/hexapod/build/hexapod_modelling_team' returned '0': CMAKE_PREFIX_PATH=${CMAKE_PREFIX_PATH}:/opt/ros/humble /usr/bin/cmake --build /home/ambushee/HexapodLeg_modeling_team/hexapod/build/hexapod_modelling_team -- -j16 -l16
[1.643s] DEBUG:colcon.colcon_core.event_handler.log_command:Invoking command in '/home/ambushee/HexapodLeg_modeling_team/hexapod/build/hexapod_modelling_team': CMAKE_PREFIX_PATH=${CMAKE_PREFIX_PATH}:/opt/ros/humble /usr/bin/cmake --install /home/ambushee/HexapodLeg_modeling_team/hexapod/build/hexapod_modelling_team
[1.656s] Level 1:colcon.colcon_core.environment:create_environment_scripts_only(hexapod_modelling_team)
[1.656s] DEBUG:colcon.colcon_core.event_handler.log_command:Invoked command in '/home/ambushee/HexapodLeg_modeling_team/hexapod/build/hexapod_modelling_team' returned '0': CMAKE_PREFIX_PATH=${CMAKE_PREFIX_PATH}:/opt/ros/humble /usr/bin/cmake --install /home/ambushee/HexapodLeg_modeling_team/hexapod/build/hexapod_modelling_team
[1.657s] Level 1:colcon.colcon_core.environment:checking '/home/ambushee/HexapodLeg_modeling_team/hexapod/install/hexapod_modelling_team' for CMake module files
[1.657s] Level 1:colcon.colcon_core.environment:checking '/home/ambushee/HexapodLeg_modeling_team/hexapod/install/hexapod_modelling_team' for CMake config files
[1.657s] Level 1:colcon.colcon_core.shell:create_environment_hook('hexapod_modelling_team', 'cmake_prefix_path')
[1.658s] INFO:colcon.colcon_core.shell:Creating environment hook '/home/ambushee/HexapodLeg_modeling_team/hexapod/install/hexapod_modelling_team/share/hexapod_modelling_team/hook/cmake_prefix_path.ps1'
[1.658s] INFO:colcon.colcon_core.shell:Creating environment descriptor '/home/ambushee/HexapodLeg_modeling_team/hexapod/install/hexapod_modelling_team/share/hexapod_modelling_team/hook/cmake_prefix_path.dsv'
[1.658s] INFO:colcon.colcon_core.shell:Creating environment hook '/home/ambushee/HexapodLeg_modeling_team/hexapod/install/hexapod_modelling_team/share/hexapod_modelling_team/hook/cmake_prefix_path.sh'
[1.659s] Level 1:colcon.colcon_core.environment:checking '/home/ambushee/HexapodLeg_modeling_team/hexapod/install/hexapod_modelling_team/lib'
[1.659s] Level 1:colcon.colcon_core.environment:checking '/home/ambushee/HexapodLeg_modeling_team/hexapod/install/hexapod_modelling_team/bin'
[1.659s] Level 1:colcon.colcon_core.environment:checking '/home/ambushee/HexapodLeg_modeling_team/hexapod/install/hexapod_modelling_team/lib/pkgconfig/hexapod_modelling_team.pc'
[1.659s] Level 1:colcon.colcon_core.environment:checking '/home/ambushee/HexapodLeg_modeling_team/hexapod/install/hexapod_modelling_team/lib/python3.10/site-packages'
[1.659s] Level 1:colcon.colcon_core.environment:checking '/home/ambushee/HexapodLeg_modeling_team/hexapod/install/hexapod_modelling_team/bin'
[1.660s] INFO:colcon.colcon_core.shell:Creating package script '/home/ambushee/HexapodLeg_modeling_team/hexapod/install/hexapod_modelling_team/share/hexapod_modelling_team/package.ps1'
[1.660s] INFO:colcon.colcon_core.shell:Creating package descriptor '/home/ambushee/HexapodLeg_modeling_team/hexapod/install/hexapod_modelling_team/share/hexapod_modelling_team/package.dsv'
[1.661s] INFO:colcon.colcon_core.shell:Creating package script '/home/ambushee/HexapodLeg_modeling_team/hexapod/install/hexapod_modelling_team/share/hexapod_modelling_team/package.sh'
[1.661s] INFO:colcon.colcon_core.shell:Creating package script '/home/ambushee/HexapodLeg_modeling_team/hexapod/install/hexapod_modelling_team/share/hexapod_modelling_team/package.bash'
[1.662s] INFO:colcon.colcon_core.shell:Creating package script '/home/ambushee/HexapodLeg_modeling_team/hexapod/install/hexapod_modelling_team/share/hexapod_modelling_team/package.zsh'
[1.662s] Level 1:colcon.colcon_core.environment:create_file_with_runtime_dependencies(/home/ambushee/HexapodLeg_modeling_team/hexapod/install/hexapod_modelling_team/share/colcon-core/packages/hexapod_modelling_team)
[1.662s] Level 1:colcon.colcon_core.environment:create_environment_scripts_only(hexapod_modelling_team)
[1.662s] Level 1:colcon.colcon_core.environment:checking '/home/ambushee/HexapodLeg_modeling_team/hexapod/install/hexapod_modelling_team' for CMake module files
[1.663s] Level 1:colcon.colcon_core.environment:checking '/home/ambushee/HexapodLeg_modeling_team/hexapod/install/hexapod_modelling_team' for CMake config files
[1.663s] Level 1:colcon.colcon_core.shell:create_environment_hook('hexapod_modelling_team', 'cmake_prefix_path')
[1.664s] INFO:colcon.colcon_core.shell:Creating environment hook '/home/ambushee/HexapodLeg_modeling_team/hexapod/install/hexapod_modelling_team/share/hexapod_modelling_team/hook/cmake_prefix_path.ps1'
[1.664s] INFO:colcon.colcon_core.shell:Creating environment descriptor '/home/ambushee/HexapodLeg_modeling_team/hexapod/install/hexapod_modelling_team/share/hexapod_modelling_team/hook/cmake_prefix_path.dsv'
[1.664s] INFO:colcon.colcon_core.shell:Creating environment hook '/home/ambushee/HexapodLeg_modeling_team/hexapod/install/hexapod_modelling_team/share/hexapod_modelling_team/hook/cmake_prefix_path.sh'
[1.665s] Level 1:colcon.colcon_core.environment:checking '/home/ambushee/HexapodLeg_modeling_team/hexapod/install/hexapod_modelling_team/lib'
[1.665s] Level 1:colcon.colcon_core.environment:checking '/home/ambushee/HexapodLeg_modeling_team/hexapod/install/hexapod_modelling_team/bin'
[1.665s] Level 1:colcon.colcon_core.environment:checking '/home/ambushee/HexapodLeg_modeling_team/hexapod/install/hexapod_modelling_team/lib/pkgconfig/hexapod_modelling_team.pc'
[1.665s] Level 1:colcon.colcon_core.environment:checking '/home/ambushee/HexapodLeg_modeling_team/hexapod/install/hexapod_modelling_team/lib/python3.10/site-packages'
[1.665s] Level 1:colcon.colcon_core.environment:checking '/home/ambushee/HexapodLeg_modeling_team/hexapod/install/hexapod_modelling_team/bin'
[1.665s] INFO:colcon.colcon_core.shell:Creating package script '/home/ambushee/HexapodLeg_modeling_team/hexapod/install/hexapod_modelling_team/share/hexapod_modelling_team/package.ps1'
[1.666s] INFO:colcon.colcon_core.shell:Creating package descriptor '/home/ambushee/HexapodLeg_modeling_team/hexapod/install/hexapod_modelling_team/share/hexapod_modelling_team/package.dsv'
[1.666s] INFO:colcon.colcon_core.shell:Creating package script '/home/ambushee/HexapodLeg_modeling_team/hexapod/install/hexapod_modelling_team/share/hexapod_modelling_team/package.sh'
[1.667s] INFO:colcon.colcon_core.shell:Creating package script '/home/ambushee/HexapodLeg_modeling_team/hexapod/install/hexapod_modelling_team/share/hexapod_modelling_team/package.bash'
[1.667s] INFO:colcon.colcon_core.shell:Creating package script '/home/ambushee/HexapodLeg_modeling_team/hexapod/install/hexapod_modelling_team/share/hexapod_modelling_team/package.zsh'
[1.667s] Level 1:colcon.colcon_core.environment:create_file_with_runtime_dependencies(/home/ambushee/HexapodLeg_modeling_team/hexapod/install/hexapod_modelling_team/share/colcon-core/packages/hexapod_modelling_team)
[1.668s] INFO:colcon.colcon_ros.task.ament_cmake.build:Building ROS package in '/home/ambushee/HexapodLeg_modeling_team/hexapod/src/hexapod_gazebo' with build type 'ament_cmake'
[1.668s] INFO:colcon.colcon_cmake.task.cmake.build:Building CMake package in '/home/ambushee/HexapodLeg_modeling_team/hexapod/src/hexapod_gazebo'
[1.668s] INFO:colcon.colcon_core.shell:Skip shell extension 'powershell' for command environment: Not usable outside of PowerShell
[1.668s] DEBUG:colcon.colcon_core.shell:Skip shell extension 'dsv' for command environment
[1.675s] DEBUG:colcon.colcon_core.event_handler.log_command:Invoking command in '/home/ambushee/HexapodLeg_modeling_team/hexapod/build/hexapod_gazebo': CMAKE_PREFIX_PATH=/home/ambushee/HexapodLeg_modeling_team/hexapod/install/hexapod_modelling_team:/home/ambushee/HexapodLeg_modeling_team/hexapod/install/gazebo_controller:/home/ambushee/HexapodLeg_modeling_team/hexapod/install/hexapod_controller:/home/ambushee/HexapodLeg_modeling_team/hexapod/install/hexapod_gazebo:/home/ambushee/HexapodLeg_modeling_team/hexapod/install/example_description:/home/ambushee/ros2_ws/install/my_robot_bringup:/opt/ros/humble /usr/bin/cmake /home/ambushee/HexapodLeg_modeling_team/hexapod/src/hexapod_gazebo -DCMAKE_INSTALL_PREFIX=/home/ambushee/HexapodLeg_modeling_team/hexapod/install/hexapod_gazebo
[1.704s] DEBUG:colcon.colcon_core.event_handler.log_command:Invoked command in '/home/ambushee/HexapodLeg_modeling_team/hexapod/build/example_description' returned '0': CMAKE_PREFIX_PATH=${CMAKE_PREFIX_PATH}:/opt/ros/humble /usr/bin/cmake --build /home/ambushee/HexapodLeg_modeling_team/hexapod/build/example_description -- -j16 -l16
[1.705s] DEBUG:colcon.colcon_core.event_handler.log_command:Invoking command in '/home/ambushee/HexapodLeg_modeling_team/hexapod/build/example_description': CMAKE_PREFIX_PATH=${CMAKE_PREFIX_PATH}:/opt/ros/humble /usr/bin/cmake --install /home/ambushee/HexapodLeg_modeling_team/hexapod/build/example_description
[1.743s] Level 1:colcon.colcon_core.environment:create_environment_scripts_only(example_description)
[1.743s] Level 1:colcon.colcon_core.environment:checking '/home/ambushee/HexapodLeg_modeling_team/hexapod/install/example_description' for CMake module files
[1.743s] DEBUG:colcon.colcon_core.event_handler.log_command:Invoked command in '/home/ambushee/HexapodLeg_modeling_team/hexapod/build/example_description' returned '0': CMAKE_PREFIX_PATH=${CMAKE_PREFIX_PATH}:/opt/ros/humble /usr/bin/cmake --install /home/ambushee/HexapodLeg_modeling_team/hexapod/build/example_description
[1.744s] Level 1:colcon.colcon_core.environment:checking '/home/ambushee/HexapodLeg_modeling_team/hexapod/install/example_description' for CMake config files
[1.744s] Level 1:colcon.colcon_core.shell:create_environment_hook('example_description', 'cmake_prefix_path')
[1.744s] INFO:colcon.colcon_core.shell:Creating environment hook '/home/ambushee/HexapodLeg_modeling_team/hexapod/install/example_description/share/example_description/hook/cmake_prefix_path.ps1'
[1.744s] INFO:colcon.colcon_core.shell:Creating environment descriptor '/home/ambushee/HexapodLeg_modeling_team/hexapod/install/example_description/share/example_description/hook/cmake_prefix_path.dsv'
[1.745s] INFO:colcon.colcon_core.shell:Creating environment hook '/home/ambushee/HexapodLeg_modeling_team/hexapod/install/example_description/share/example_description/hook/cmake_prefix_path.sh'
[1.745s] Level 1:colcon.colcon_core.environment:checking '/home/ambushee/HexapodLeg_modeling_team/hexapod/install/example_description/lib'
[1.745s] Level 1:colcon.colcon_core.environment:checking '/home/ambushee/HexapodLeg_modeling_team/hexapod/install/example_description/bin'
[1.745s] Level 1:colcon.colcon_core.environment:checking '/home/ambushee/HexapodLeg_modeling_team/hexapod/install/example_description/lib/pkgconfig/example_description.pc'
[1.745s] Level 1:colcon.colcon_core.environment:checking '/home/ambushee/HexapodLeg_modeling_team/hexapod/install/example_description/lib/python3.10/site-packages'
[1.745s] Level 1:colcon.colcon_core.environment:checking '/home/ambushee/HexapodLeg_modeling_team/hexapod/install/example_description/bin'
[1.746s] INFO:colcon.colcon_core.shell:Creating package script '/home/ambushee/HexapodLeg_modeling_team/hexapod/install/example_description/share/example_description/package.ps1'
[1.746s] INFO:colcon.colcon_core.shell:Creating package descriptor '/home/ambushee/HexapodLeg_modeling_team/hexapod/install/example_description/share/example_description/package.dsv'
[1.746s] INFO:colcon.colcon_core.shell:Creating package script '/home/ambushee/HexapodLeg_modeling_team/hexapod/install/example_description/share/example_description/package.sh'
[1.746s] INFO:colcon.colcon_core.shell:Creating package script '/home/ambushee/HexapodLeg_modeling_team/hexapod/install/example_description/share/example_description/package.bash'
[1.747s] INFO:colcon.colcon_core.shell:Creating package script '/home/ambushee/HexapodLeg_modeling_team/hexapod/install/example_description/share/example_description/package.zsh'
[1.747s] Level 1:colcon.colcon_core.environment:create_file_with_runtime_dependencies(/home/ambushee/HexapodLeg_modeling_team/hexapod/install/example_description/share/colcon-core/packages/example_description)
[1.747s] Level 1:colcon.colcon_core.environment:create_environment_scripts_only(example_description)
[1.747s] Level 1:colcon.colcon_core.environment:checking '/home/ambushee/HexapodLeg_modeling_team/hexapod/install/example_description' for CMake module files
[1.748s] Level 1:colcon.colcon_core.environment:checking '/home/ambushee/HexapodLeg_modeling_team/hexapod/install/example_description' for CMake config files
[1.748s] Level 1:colcon.colcon_core.shell:create_environment_hook('example_description', 'cmake_prefix_path')
[1.748s] INFO:colcon.colcon_core.shell:Creating environment hook '/home/ambushee/HexapodLeg_modeling_team/hexapod/install/example_description/share/example_description/hook/cmake_prefix_path.ps1'
[1.748s] INFO:colcon.colcon_core.shell:Creating environment descriptor '/home/ambushee/HexapodLeg_modeling_team/hexapod/install/example_description/share/example_description/hook/cmake_prefix_path.dsv'
[1.748s] INFO:colcon.colcon_core.shell:Creating environment hook '/home/ambushee/HexapodLeg_modeling_team/hexapod/install/example_description/share/example_description/hook/cmake_prefix_path.sh'
[1.749s] Level 1:colcon.colcon_core.environment:checking '/home/ambushee/HexapodLeg_modeling_team/hexapod/install/example_description/lib'
[1.749s] Level 1:colcon.colcon_core.environment:checking '/home/ambushee/HexapodLeg_modeling_team/hexapod/install/example_description/bin'
[1.749s] Level 1:colcon.colcon_core.environment:checking '/home/ambushee/HexapodLeg_modeling_team/hexapod/install/example_description/lib/pkgconfig/example_description.pc'
[1.749s] Level 1:colcon.colcon_core.environment:checking '/home/ambushee/HexapodLeg_modeling_team/hexapod/install/example_description/lib/python3.10/site-packages'
[1.749s] Level 1:colcon.colcon_core.environment:checking '/home/ambushee/HexapodLeg_modeling_team/hexapod/install/example_description/bin'
[1.749s] INFO:colcon.colcon_core.shell:Creating package script '/home/ambushee/HexapodLeg_modeling_team/hexapod/install/example_description/share/example_description/package.ps1'
[1.750s] INFO:colcon.colcon_core.shell:Creating package descriptor '/home/ambushee/HexapodLeg_modeling_team/hexapod/install/example_description/share/example_description/package.dsv'
[1.750s] INFO:colcon.colcon_core.shell:Creating package script '/home/ambushee/HexapodLeg_modeling_team/hexapod/install/example_description/share/example_description/package.sh'
[1.750s] INFO:colcon.colcon_core.shell:Creating package script '/home/ambushee/HexapodLeg_modeling_team/hexapod/install/example_description/share/example_description/package.bash'
[1.751s] INFO:colcon.colcon_core.shell:Creating package script '/home/ambushee/HexapodLeg_modeling_team/hexapod/install/example_description/share/example_description/package.zsh'
[1.751s] Level 1:colcon.colcon_core.environment:create_file_with_runtime_dependencies(/home/ambushee/HexapodLeg_modeling_team/hexapod/install/example_description/share/colcon-core/packages/example_description)
[2.145s] DEBUG:colcon.colcon_core.event_handler.log_command:Invoked command in '/home/ambushee/HexapodLeg_modeling_team/hexapod/build/hexapod_gazebo' returned '0': CMAKE_PREFIX_PATH=/home/ambushee/HexapodLeg_modeling_team/hexapod/install/hexapod_modelling_team:/home/ambushee/HexapodLeg_modeling_team/hexapod/install/gazebo_controller:/home/ambushee/HexapodLeg_modeling_team/hexapod/install/hexapod_controller:/home/ambushee/HexapodLeg_modeling_team/hexapod/install/hexapod_gazebo:/home/ambushee/HexapodLeg_modeling_team/hexapod/install/example_description:/home/ambushee/ros2_ws/install/my_robot_bringup:/opt/ros/humble /usr/bin/cmake /home/ambushee/HexapodLeg_modeling_team/hexapod/src/hexapod_gazebo -DCMAKE_INSTALL_PREFIX=/home/ambushee/HexapodLeg_modeling_team/hexapod/install/hexapod_gazebo
[2.147s] DEBUG:colcon.colcon_core.event_handler.log_command:Invoking command in '/home/ambushee/HexapodLeg_modeling_team/hexapod/build/hexapod_gazebo': CMAKE_PREFIX_PATH=/home/ambushee/HexapodLeg_modeling_team/hexapod/install/hexapod_modelling_team:/home/ambushee/HexapodLeg_modeling_team/hexapod/install/gazebo_controller:/home/ambushee/HexapodLeg_modeling_team/hexapod/install/hexapod_controller:/home/ambushee/HexapodLeg_modeling_team/hexapod/install/hexapod_gazebo:/home/ambushee/HexapodLeg_modeling_team/hexapod/install/example_description:/home/ambushee/ros2_ws/install/my_robot_bringup:/opt/ros/humble /usr/bin/cmake --build /home/ambushee/HexapodLeg_modeling_team/hexapod/build/hexapod_gazebo -- -j16 -l16
[2.170s] DEBUG:colcon.colcon_core.event_handler.log_command:Invoked command in '/home/ambushee/HexapodLeg_modeling_team/hexapod/build/hexapod_gazebo' returned '0': CMAKE_PREFIX_PATH=/home/ambushee/HexapodLeg_modeling_team/hexapod/install/hexapod_modelling_team:/home/ambushee/HexapodLeg_modeling_team/hexapod/install/gazebo_controller:/home/ambushee/HexapodLeg_modeling_team/hexapod/install/hexapod_controller:/home/ambushee/HexapodLeg_modeling_team/hexapod/install/hexapod_gazebo:/home/ambushee/HexapodLeg_modeling_team/hexapod/install/example_description:/home/ambushee/ros2_ws/install/my_robot_bringup:/opt/ros/humble /usr/bin/cmake --build /home/ambushee/HexapodLeg_modeling_team/hexapod/build/hexapod_gazebo -- -j16 -l16
[2.172s] DEBUG:colcon.colcon_core.event_handler.log_command:Invoking command in '/home/ambushee/HexapodLeg_modeling_team/hexapod/build/hexapod_gazebo': CMAKE_PREFIX_PATH=/home/ambushee/HexapodLeg_modeling_team/hexapod/install/hexapod_modelling_team:/home/ambushee/HexapodLeg_modeling_team/hexapod/install/gazebo_controller:/home/ambushee/HexapodLeg_modeling_team/hexapod/install/hexapod_controller:/home/ambushee/HexapodLeg_modeling_team/hexapod/install/hexapod_gazebo:/home/ambushee/HexapodLeg_modeling_team/hexapod/install/example_description:/home/ambushee/ros2_ws/install/my_robot_bringup:/opt/ros/humble /usr/bin/cmake --install /home/ambushee/HexapodLeg_modeling_team/hexapod/build/hexapod_gazebo
[2.178s] Level 1:colcon.colcon_core.environment:create_environment_scripts_only(hexapod_gazebo)
[2.178s] DEBUG:colcon.colcon_core.event_handler.log_command:Invoked command in '/home/ambushee/HexapodLeg_modeling_team/hexapod/build/hexapod_gazebo' returned '0': CMAKE_PREFIX_PATH=/home/ambushee/HexapodLeg_modeling_team/hexapod/install/hexapod_modelling_team:/home/ambushee/HexapodLeg_modeling_team/hexapod/install/gazebo_controller:/home/ambushee/HexapodLeg_modeling_team/hexapod/install/hexapod_controller:/home/ambushee/HexapodLeg_modeling_team/hexapod/install/hexapod_gazebo:/home/ambushee/HexapodLeg_modeling_team/hexapod/install/example_description:/home/ambushee/ros2_ws/install/my_robot_bringup:/opt/ros/humble /usr/bin/cmake --install /home/ambushee/HexapodLeg_modeling_team/hexapod/build/hexapod_gazebo
[2.178s] Level 1:colcon.colcon_core.environment:checking '/home/ambushee/HexapodLeg_modeling_team/hexapod/install/hexapod_gazebo' for CMake module files
[2.179s] Level 1:colcon.colcon_core.environment:checking '/home/ambushee/HexapodLeg_modeling_team/hexapod/install/hexapod_gazebo' for CMake config files
[2.179s] Level 1:colcon.colcon_core.shell:create_environment_hook('hexapod_gazebo', 'cmake_prefix_path')
[2.180s] INFO:colcon.colcon_core.shell:Creating environment hook '/home/ambushee/HexapodLeg_modeling_team/hexapod/install/hexapod_gazebo/share/hexapod_gazebo/hook/cmake_prefix_path.ps1'
[2.180s] INFO:colcon.colcon_core.shell:Creating environment descriptor '/home/ambushee/HexapodLeg_modeling_team/hexapod/install/hexapod_gazebo/share/hexapod_gazebo/hook/cmake_prefix_path.dsv'
[2.181s] INFO:colcon.colcon_core.shell:Creating environment hook '/home/ambushee/HexapodLeg_modeling_team/hexapod/install/hexapod_gazebo/share/hexapod_gazebo/hook/cmake_prefix_path.sh'
[2.182s] Level 1:colcon.colcon_core.environment:checking '/home/ambushee/HexapodLeg_modeling_team/hexapod/install/hexapod_gazebo/bin'
[2.182s] Level 1:colcon.colcon_core.environment:checking '/home/ambushee/HexapodLeg_modeling_team/hexapod/install/hexapod_gazebo/lib/pkgconfig/hexapod_gazebo.pc'
[2.182s] Level 1:colcon.colcon_core.environment:checking '/home/ambushee/HexapodLeg_modeling_team/hexapod/install/hexapod_gazebo/lib/python3.10/site-packages'
[2.182s] Level 1:colcon.colcon_core.environment:checking '/home/ambushee/HexapodLeg_modeling_team/hexapod/install/hexapod_gazebo/bin'
[2.183s] INFO:colcon.colcon_core.shell:Creating package script '/home/ambushee/HexapodLeg_modeling_team/hexapod/install/hexapod_gazebo/share/hexapod_gazebo/package.ps1'
[2.183s] INFO:colcon.colcon_core.shell:Creating package descriptor '/home/ambushee/HexapodLeg_modeling_team/hexapod/install/hexapod_gazebo/share/hexapod_gazebo/package.dsv'
[2.184s] INFO:colcon.colcon_core.shell:Creating package script '/home/ambushee/HexapodLeg_modeling_team/hexapod/install/hexapod_gazebo/share/hexapod_gazebo/package.sh'
[2.184s] INFO:colcon.colcon_core.shell:Creating package script '/home/ambushee/HexapodLeg_modeling_team/hexapod/install/hexapod_gazebo/share/hexapod_gazebo/package.bash'
[2.185s] INFO:colcon.colcon_core.shell:Creating package script '/home/ambushee/HexapodLeg_modeling_team/hexapod/install/hexapod_gazebo/share/hexapod_gazebo/package.zsh'
[2.185s] Level 1:colcon.colcon_core.environment:create_file_with_runtime_dependencies(/home/ambushee/HexapodLeg_modeling_team/hexapod/install/hexapod_gazebo/share/colcon-core/packages/hexapod_gazebo)
[2.186s] Level 1:colcon.colcon_core.environment:create_environment_scripts_only(hexapod_gazebo)
[2.186s] Level 1:colcon.colcon_core.environment:checking '/home/ambushee/HexapodLeg_modeling_team/hexapod/install/hexapod_gazebo' for CMake module files
[2.187s] Level 1:colcon.colcon_core.environment:checking '/home/ambushee/HexapodLeg_modeling_team/hexapod/install/hexapod_gazebo' for CMake config files
[2.187s] Level 1:colcon.colcon_core.shell:create_environment_hook('hexapod_gazebo', 'cmake_prefix_path')
[2.187s] INFO:colcon.colcon_core.shell:Creating environment hook '/home/ambushee/HexapodLeg_modeling_team/hexapod/install/hexapod_gazebo/share/hexapod_gazebo/hook/cmake_prefix_path.ps1'
[2.188s] INFO:colcon.colcon_core.shell:Creating environment descriptor '/home/ambushee/HexapodLeg_modeling_team/hexapod/install/hexapod_gazebo/share/hexapod_gazebo/hook/cmake_prefix_path.dsv'
[2.188s] INFO:colcon.colcon_core.shell:Creating environment hook '/home/ambushee/HexapodLeg_modeling_team/hexapod/install/hexapod_gazebo/share/hexapod_gazebo/hook/cmake_prefix_path.sh'
[2.189s] Level 1:colcon.colcon_core.environment:checking '/home/ambushee/HexapodLeg_modeling_team/hexapod/install/hexapod_gazebo/bin'
[2.189s] Level 1:colcon.colcon_core.environment:checking '/home/ambushee/HexapodLeg_modeling_team/hexapod/install/hexapod_gazebo/lib/pkgconfig/hexapod_gazebo.pc'
[2.189s] Level 1:colcon.colcon_core.environment:checking '/home/ambushee/HexapodLeg_modeling_team/hexapod/install/hexapod_gazebo/lib/python3.10/site-packages'
[2.190s] Level 1:colcon.colcon_core.environment:checking '/home/ambushee/HexapodLeg_modeling_team/hexapod/install/hexapod_gazebo/bin'
[2.190s] INFO:colcon.colcon_core.shell:Creating package script '/home/ambushee/HexapodLeg_modeling_team/hexapod/install/hexapod_gazebo/share/hexapod_gazebo/package.ps1'
[2.191s] INFO:colcon.colcon_core.shell:Creating package descriptor '/home/ambushee/HexapodLeg_modeling_team/hexapod/install/hexapod_gazebo/share/hexapod_gazebo/package.dsv'
[2.191s] INFO:colcon.colcon_core.shell:Creating package script '/home/ambushee/HexapodLeg_modeling_team/hexapod/install/hexapod_gazebo/share/hexapod_gazebo/package.sh'
[2.192s] INFO:colcon.colcon_core.shell:Creating package script '/home/ambushee/HexapodLeg_modeling_team/hexapod/install/hexapod_gazebo/share/hexapod_gazebo/package.bash'
[2.193s] INFO:colcon.colcon_core.shell:Creating package script '/home/ambushee/HexapodLeg_modeling_team/hexapod/install/hexapod_gazebo/share/hexapod_gazebo/package.zsh'
[2.193s] Level 1:colcon.colcon_core.environment:create_file_with_runtime_dependencies(/home/ambushee/HexapodLeg_modeling_team/hexapod/install/hexapod_gazebo/share/colcon-core/packages/hexapod_gazebo)
[2.194s] DEBUG:colcon.colcon_parallel_executor.executor.parallel:closing loop
[2.194s] DEBUG:colcon.colcon_parallel_executor.executor.parallel:loop closed
[2.194s] DEBUG:colcon.colcon_parallel_executor.executor.parallel:run_until_complete finished with '0'
[2.194s] DEBUG:colcon.colcon_core.event_reactor:joining thread
[2.197s] INFO:colcon.colcon_core.plugin_system:Skipping extension 'colcon_notification.desktop_notification.terminal_notifier': Not used on non-Darwin systems
[2.197s] INFO:colcon.colcon_core.plugin_system:Skipping extension 'colcon_notification.desktop_notification.win32': Not used on non-Windows systems
[2.197s] INFO:colcon.colcon_notification.desktop_notification:Sending desktop notification using 'notify2'
[2.212s] DEBUG:colcon.colcon_core.event_reactor:joined thread
[2.213s] INFO:colcon.colcon_core.shell:Creating prefix script '/home/ambushee/HexapodLeg_modeling_team/hexapod/install/local_setup.ps1'
[2.214s] INFO:colcon.colcon_core.shell:Creating prefix util module '/home/ambushee/HexapodLeg_modeling_team/hexapod/install/_local_setup_util_ps1.py'
[2.216s] INFO:colcon.colcon_core.shell:Creating prefix chain script '/home/ambushee/HexapodLeg_modeling_team/hexapod/install/setup.ps1'
[2.218s] INFO:colcon.colcon_core.shell:Creating prefix script '/home/ambushee/HexapodLeg_modeling_team/hexapod/install/local_setup.sh'
[2.219s] INFO:colcon.colcon_core.shell:Creating prefix util module '/home/ambushee/HexapodLeg_modeling_team/hexapod/install/_local_setup_util_sh.py'
[2.220s] INFO:colcon.colcon_core.shell:Creating prefix chain script '/home/ambushee/HexapodLeg_modeling_team/hexapod/install/setup.sh'
[2.222s] INFO:colcon.colcon_core.shell:Creating prefix script '/home/ambushee/HexapodLeg_modeling_team/hexapod/install/local_setup.bash'
[2.222s] INFO:colcon.colcon_core.shell:Creating prefix chain script '/home/ambushee/HexapodLeg_modeling_team/hexapod/install/setup.bash'
[2.224s] INFO:colcon.colcon_core.shell:Creating prefix script '/home/ambushee/HexapodLeg_modeling_team/hexapod/install/local_setup.zsh'
[2.225s] INFO:colcon.colcon_core.shell:Creating prefix chain script '/home/ambushee/HexapodLeg_modeling_team/hexapod/install/setup.zsh'
