[0.011s] Invoking command in '/home/ambushee/HexapodLeg_modeling_team/hexapod/build/volta_controller': CMAKE_PREFIX_PATH=${CMAKE_PREFIX_PATH}:/opt/ros/humble /usr/bin/cmake /home/ambushee/HexapodLeg_modeling_team/hexapod/src/volta_controller -DCMAKE_INSTALL_PREFIX=/home/ambushee/HexapodLeg_modeling_team/hexapod/install/volta_controller
[0.046s] -- The C compiler identification is GNU 11.4.0
[0.086s] -- The CXX compiler identification is GNU 11.4.0
[0.091s] -- Detecting C compiler ABI info
[0.137s] -- Detecting C compiler ABI info - done
[0.143s] -- Check for working C compiler: /usr/bin/cc - skipped
[0.143s] -- Detecting C compile features
[0.143s] -- Detecting C compile features - done
[0.146s] -- Detecting CXX compiler ABI info
[0.203s] -- Detecting CXX compiler ABI info - done
[0.213s] -- Check for working CXX compiler: /usr/bin/c++ - skipped
[0.213s] -- Detecting CXX compile features
[0.213s] -- Detecting CXX compile features - done
[0.215s] -- Found ament_cmake: 1.3.11 (/opt/ros/humble/share/ament_cmake/cmake)
[0.333s] -- Found Python3: /usr/bin/python3 (found version "3.10.12") found components: Interpreter 
[0.414s] -- Found rclcpp: 16.0.11 (/opt/ros/humble/share/rclcpp/cmake)
[0.452s] -- Found rosidl_generator_c: 3.1.6 (/opt/ros/humble/share/rosidl_generator_c/cmake)
[0.456s] -- Found rosidl_adapter: 3.1.6 (/opt/ros/humble/share/rosidl_adapter/cmake)
[0.464s] -- Found rosidl_generator_cpp: 3.1.6 (/opt/ros/humble/share/rosidl_generator_cpp/cmake)
[0.476s] -- Using all available rosidl_typesupport_c: rosidl_typesupport_fastrtps_c;rosidl_typesupport_introspection_c
[0.491s] -- Using all available rosidl_typesupport_cpp: rosidl_typesupport_fastrtps_cpp;rosidl_typesupport_introspection_cpp
[0.531s] -- Found rmw_implementation_cmake: 6.1.2 (/opt/ros/humble/share/rmw_implementation_cmake/cmake)
[0.534s] -- Found rmw_fastrtps_cpp: 6.2.7 (/opt/ros/humble/share/rmw_fastrtps_cpp/cmake)
[0.611s] -- Found OpenSSL: /usr/lib/x86_64-linux-gnu/libcrypto.so (found version "3.0.2")  
[0.636s] -- Found FastRTPS: /opt/ros/humble/include  
[0.673s] -- Using RMW implementation 'rmw_fastrtps_cpp' as default
[0.679s] -- Looking for pthread.h
[0.732s] -- Looking for pthread.h - found
[0.733s] -- Performing Test CMAKE_HAVE_LIBC_PTHREAD
[0.786s] -- Performing Test CMAKE_HAVE_LIBC_PTHREAD - Success
[0.787s] -- Found Threads: TRUE  
[0.838s] -- Found rclpy: 3.3.15 (/opt/ros/humble/share/rclpy/cmake)
[0.969s] -- Configuring done
[0.981s] -- Generating done
[0.984s] -- Build files have been written to: /home/ambushee/HexapodLeg_modeling_team/hexapod/build/volta_controller
[0.993s] Invoked command in '/home/ambushee/HexapodLeg_modeling_team/hexapod/build/volta_controller' returned '0': CMAKE_PREFIX_PATH=${CMAKE_PREFIX_PATH}:/opt/ros/humble /usr/bin/cmake /home/ambushee/HexapodLeg_modeling_team/hexapod/src/volta_controller -DCMAKE_INSTALL_PREFIX=/home/ambushee/HexapodLeg_modeling_team/hexapod/install/volta_controller
[0.994s] Invoking command in '/home/ambushee/HexapodLeg_modeling_team/hexapod/build/volta_controller': CMAKE_PREFIX_PATH=${CMAKE_PREFIX_PATH}:/opt/ros/humble /usr/bin/cmake --build /home/ambushee/HexapodLeg_modeling_team/hexapod/build/volta_controller -- -j16 -l16
[1.032s] [ 50%] [32mBuilding CXX object CMakeFiles/cpp_node_test.dir/src/cpp_node.cpp.o[0m
[1.037s] [ 50%] Built target ament_cmake_python_copy_volta_controller
[1.291s] [100%] [32m[1mLinking CXX executable cpp_node_test[0m
[1.295s] running egg_info
[1.295s] creating volta_controller.egg-info
[1.295s] writing volta_controller.egg-info/PKG-INFO
[1.296s] writing dependency_links to volta_controller.egg-info/dependency_links.txt
[1.296s] writing top-level names to volta_controller.egg-info/top_level.txt
[1.296s] writing manifest file 'volta_controller.egg-info/SOURCES.txt'
[1.298s] reading manifest file 'volta_controller.egg-info/SOURCES.txt'
[1.298s] writing manifest file 'volta_controller.egg-info/SOURCES.txt'
[1.326s] [100%] Built target ament_cmake_python_build_volta_controller_egg
[1.402s] [100%] Built target cpp_node_test
[1.431s] Invoked command in '/home/ambushee/HexapodLeg_modeling_team/hexapod/build/volta_controller' returned '0': CMAKE_PREFIX_PATH=${CMAKE_PREFIX_PATH}:/opt/ros/humble /usr/bin/cmake --build /home/ambushee/HexapodLeg_modeling_team/hexapod/build/volta_controller -- -j16 -l16
[1.432s] Invoking command in '/home/ambushee/HexapodLeg_modeling_team/hexapod/build/volta_controller': CMAKE_PREFIX_PATH=${CMAKE_PREFIX_PATH}:/opt/ros/humble /usr/bin/cmake --install /home/ambushee/HexapodLeg_modeling_team/hexapod/build/volta_controller
[1.438s] -- Install configuration: ""
[1.438s] -- Installing: /home/ambushee/HexapodLeg_modeling_team/hexapod/install/volta_controller/share/volta_controller/environment/pythonpath.sh
[1.438s] -- Installing: /home/ambushee/HexapodLeg_modeling_team/hexapod/install/volta_controller/share/volta_controller/environment/pythonpath.dsv
[1.438s] -- Installing: /home/ambushee/HexapodLeg_modeling_team/hexapod/install/volta_controller/local/lib/python3.10/dist-packages/volta_controller-0.0.0-py3.10.egg-info
[1.438s] -- Installing: /home/ambushee/HexapodLeg_modeling_team/hexapod/install/volta_controller/local/lib/python3.10/dist-packages/volta_controller-0.0.0-py3.10.egg-info/dependency_links.txt
[1.438s] -- Installing: /home/ambushee/HexapodLeg_modeling_team/hexapod/install/volta_controller/local/lib/python3.10/dist-packages/volta_controller-0.0.0-py3.10.egg-info/SOURCES.txt
[1.438s] -- Installing: /home/ambushee/HexapodLeg_modeling_team/hexapod/install/volta_controller/local/lib/python3.10/dist-packages/volta_controller-0.0.0-py3.10.egg-info/top_level.txt
[1.439s] -- Installing: /home/ambushee/HexapodLeg_modeling_team/hexapod/install/volta_controller/local/lib/python3.10/dist-packages/volta_controller-0.0.0-py3.10.egg-info/PKG-INFO
[1.439s] -- Installing: /home/ambushee/HexapodLeg_modeling_team/hexapod/install/volta_controller/local/lib/python3.10/dist-packages/volta_controller
[1.439s] -- Installing: /home/ambushee/HexapodLeg_modeling_team/hexapod/install/volta_controller/local/lib/python3.10/dist-packages/volta_controller/__init__.py
[1.439s] -- Installing: /home/ambushee/HexapodLeg_modeling_team/hexapod/install/volta_controller/local/lib/python3.10/dist-packages/volta_controller/dummy_module.py
[1.471s] Listing '/home/ambushee/HexapodLeg_modeling_team/hexapod/install/volta_controller/local/lib/python3.10/dist-packages/volta_controller'...
[1.471s] Compiling '/home/ambushee/HexapodLeg_modeling_team/hexapod/install/volta_controller/local/lib/python3.10/dist-packages/volta_controller/__init__.py'...
[1.471s] Compiling '/home/ambushee/HexapodLeg_modeling_team/hexapod/install/volta_controller/local/lib/python3.10/dist-packages/volta_controller/dummy_module.py'...
[1.475s] -- Installing: /home/ambushee/HexapodLeg_modeling_team/hexapod/install/volta_controller/lib/volta_controller/dummy_script.py
[1.476s] -- Installing: /home/ambushee/HexapodLeg_modeling_team/hexapod/install/volta_controller/lib/volta_controller/GravityCompensation.py
[1.476s] -- Installing: /home/ambushee/HexapodLeg_modeling_team/hexapod/install/volta_controller/lib/volta_controller/MotorGroupConfig.py
[1.476s] -- Installing: /home/ambushee/HexapodLeg_modeling_team/hexapod/install/volta_controller/lib/volta_controller/InverseDynamicsController.py
[1.476s] -- Installing: /home/ambushee/HexapodLeg_modeling_team/hexapod/install/volta_controller/lib/volta_controller/DesiredJointsState.py
[1.476s] -- Installing: /home/ambushee/HexapodLeg_modeling_team/hexapod/install/volta_controller/lib/volta_controller/VoltaStateMachine.py
[1.476s] -- Installing: /home/ambushee/HexapodLeg_modeling_team/hexapod/install/volta_controller/lib/volta_controller/KinematicsFunc.py
[1.476s] -- Installing: /home/ambushee/HexapodLeg_modeling_team/hexapod/install/volta_controller/lib/volta_controller/cpp_node_test
[1.476s] -- Set runtime path of "/home/ambushee/HexapodLeg_modeling_team/hexapod/install/volta_controller/lib/volta_controller/cpp_node_test" to ""
[1.477s] -- Installing: /home/ambushee/HexapodLeg_modeling_team/hexapod/install/volta_controller/share/volta_controller/launch
[1.477s] -- Installing: /home/ambushee/HexapodLeg_modeling_team/hexapod/install/volta_controller/share/volta_controller/launch/VoltaController.launch.py
[1.477s] -- Installing: /home/ambushee/HexapodLeg_modeling_team/hexapod/install/volta_controller/share/ament_index/resource_index/package_run_dependencies/volta_controller
[1.477s] -- Installing: /home/ambushee/HexapodLeg_modeling_team/hexapod/install/volta_controller/share/ament_index/resource_index/parent_prefix_path/volta_controller
[1.477s] -- Installing: /home/ambushee/HexapodLeg_modeling_team/hexapod/install/volta_controller/share/volta_controller/environment/ament_prefix_path.sh
[1.477s] -- Installing: /home/ambushee/HexapodLeg_modeling_team/hexapod/install/volta_controller/share/volta_controller/environment/ament_prefix_path.dsv
[1.477s] -- Installing: /home/ambushee/HexapodLeg_modeling_team/hexapod/install/volta_controller/share/volta_controller/environment/path.sh
[1.477s] -- Installing: /home/ambushee/HexapodLeg_modeling_team/hexapod/install/volta_controller/share/volta_controller/environment/path.dsv
[1.477s] -- Installing: /home/ambushee/HexapodLeg_modeling_team/hexapod/install/volta_controller/share/volta_controller/local_setup.bash
[1.478s] -- Installing: /home/ambushee/HexapodLeg_modeling_team/hexapod/install/volta_controller/share/volta_controller/local_setup.sh
[1.478s] -- Installing: /home/ambushee/HexapodLeg_modeling_team/hexapod/install/volta_controller/share/volta_controller/local_setup.zsh
[1.478s] -- Installing: /home/ambushee/HexapodLeg_modeling_team/hexapod/install/volta_controller/share/volta_controller/local_setup.dsv
[1.478s] -- Installing: /home/ambushee/HexapodLeg_modeling_team/hexapod/install/volta_controller/share/volta_controller/package.dsv
[1.478s] -- Installing: /home/ambushee/HexapodLeg_modeling_team/hexapod/install/volta_controller/share/ament_index/resource_index/packages/volta_controller
[1.478s] -- Installing: /home/ambushee/HexapodLeg_modeling_team/hexapod/install/volta_controller/share/volta_controller/cmake/volta_controllerConfig.cmake
[1.478s] -- Installing: /home/ambushee/HexapodLeg_modeling_team/hexapod/install/volta_controller/share/volta_controller/cmake/volta_controllerConfig-version.cmake
[1.478s] -- Installing: /home/ambushee/HexapodLeg_modeling_team/hexapod/install/volta_controller/share/volta_controller/package.xml
[1.481s] Invoked command in '/home/ambushee/HexapodLeg_modeling_team/hexapod/build/volta_controller' returned '0': CMAKE_PREFIX_PATH=${CMAKE_PREFIX_PATH}:/opt/ros/humble /usr/bin/cmake --install /home/ambushee/HexapodLeg_modeling_team/hexapod/build/volta_controller
