[0.028s] Invoking command in '/home/ambushee/HexapodLeg_modeling_team/hexapod/build/hexapod_modelling_team': CMAKE_PREFIX_PATH=${CMAKE_PREFIX_PATH}:/home/ambushee/HexapodLeg_modeling_team/hexapod/install/hexapod_gz:/opt/ros/humble /usr/bin/cmake /home/ambushee/HexapodLeg_modeling_team/hexapod/src/hexapod_modelling_team -DCMAKE_INSTALL_PREFIX=/home/ambushee/HexapodLeg_modeling_team/hexapod/install/hexapod_modelling_team
[0.097s] -- The C compiler identification is GNU 11.4.0
[0.190s] -- The CXX compiler identification is GNU 11.4.0
[0.202s] -- Detecting C compiler ABI info
[0.308s] -- Detecting C compiler ABI info - done
[0.319s] -- Check for working C compiler: /usr/bin/cc - skipped
[0.319s] -- Detecting C compile features
[0.319s] -- Detecting C compile features - done
[0.325s] -- Detecting CXX compiler ABI info
[0.457s] -- Detecting CXX compiler ABI info - done
[0.477s] -- Check for working CXX compiler: /usr/bin/c++ - skipped
[0.477s] -- Detecting CXX compile features
[0.477s] -- Detecting CXX compile features - done
[0.481s] -- Found ament_cmake: 1.3.11 (/opt/ros/humble/share/ament_cmake/cmake)
[0.753s] -- Found Python3: /usr/bin/python3 (found version "3.10.12") found components: Interpreter 
[0.927s] -- Found rclcpp: 16.0.11 (/opt/ros/humble/share/rclcpp/cmake)
[0.990s] -- Found rosidl_generator_c: 3.1.6 (/opt/ros/humble/share/rosidl_generator_c/cmake)
[0.996s] -- Found rosidl_adapter: 3.1.6 (/opt/ros/humble/share/rosidl_adapter/cmake)
[1.007s] -- Found rosidl_generator_cpp: 3.1.6 (/opt/ros/humble/share/rosidl_generator_cpp/cmake)
[1.031s] -- Using all available rosidl_typesupport_c: rosidl_typesupport_fastrtps_c;rosidl_typesupport_introspection_c
[1.060s] -- Using all available rosidl_typesupport_cpp: rosidl_typesupport_fastrtps_cpp;rosidl_typesupport_introspection_cpp
[1.128s] -- Found rmw_implementation_cmake: 6.1.2 (/opt/ros/humble/share/rmw_implementation_cmake/cmake)
[1.133s] -- Found rmw_fastrtps_cpp: 6.2.7 (/opt/ros/humble/share/rmw_fastrtps_cpp/cmake)
[1.262s] -- Found OpenSSL: /usr/lib/x86_64-linux-gnu/libcrypto.so (found version "3.0.2")  
[1.301s] -- Found FastRTPS: /opt/ros/humble/include  
[1.375s] -- Using RMW implementation 'rmw_fastrtps_cpp' as default
[1.387s] -- Looking for pthread.h
[1.500s] -- Looking for pthread.h - found
[1.501s] -- Performing Test CMAKE_HAVE_LIBC_PTHREAD
[1.622s] -- Performing Test CMAKE_HAVE_LIBC_PTHREAD - Success
[1.625s] -- Found Threads: TRUE  
[1.707s] -- Found rclpy: 3.3.15 (/opt/ros/humble/share/rclpy/cmake)
[1.813s] -- Configuring done
[1.826s] -- Generating done
[1.830s] -- Build files have been written to: /home/ambushee/HexapodLeg_modeling_team/hexapod/build/hexapod_modelling_team
[1.842s] Invoked command in '/home/ambushee/HexapodLeg_modeling_team/hexapod/build/hexapod_modelling_team' returned '0': CMAKE_PREFIX_PATH=${CMAKE_PREFIX_PATH}:/home/ambushee/HexapodLeg_modeling_team/hexapod/install/hexapod_gz:/opt/ros/humble /usr/bin/cmake /home/ambushee/HexapodLeg_modeling_team/hexapod/src/hexapod_modelling_team -DCMAKE_INSTALL_PREFIX=/home/ambushee/HexapodLeg_modeling_team/hexapod/install/hexapod_modelling_team
[1.848s] Invoking command in '/home/ambushee/HexapodLeg_modeling_team/hexapod/build/hexapod_modelling_team': CMAKE_PREFIX_PATH=${CMAKE_PREFIX_PATH}:/home/ambushee/HexapodLeg_modeling_team/hexapod/install/hexapod_gz:/opt/ros/humble /usr/bin/cmake --build /home/ambushee/HexapodLeg_modeling_team/hexapod/build/hexapod_modelling_team -- -j16 -l16
[1.937s] [ 50%] [32mBuilding CXX object CMakeFiles/cpp_node_test.dir/src/cpp_node.cpp.o[0m
[2.437s] [100%] [32m[1mLinking CXX executable cpp_node_test[0m
[2.582s] [100%] Built target cpp_node_test
[2.595s] Invoked command in '/home/ambushee/HexapodLeg_modeling_team/hexapod/build/hexapod_modelling_team' returned '0': CMAKE_PREFIX_PATH=${CMAKE_PREFIX_PATH}:/home/ambushee/HexapodLeg_modeling_team/hexapod/install/hexapod_gz:/opt/ros/humble /usr/bin/cmake --build /home/ambushee/HexapodLeg_modeling_team/hexapod/build/hexapod_modelling_team -- -j16 -l16
[2.607s] Invoking command in '/home/ambushee/HexapodLeg_modeling_team/hexapod/build/hexapod_modelling_team': CMAKE_PREFIX_PATH=${CMAKE_PREFIX_PATH}:/home/ambushee/HexapodLeg_modeling_team/hexapod/install/hexapod_gz:/opt/ros/humble /usr/bin/cmake --install /home/ambushee/HexapodLeg_modeling_team/hexapod/build/hexapod_modelling_team
[2.617s] -- Install configuration: ""
[2.617s] -- Installing: /home/ambushee/HexapodLeg_modeling_team/hexapod/install/hexapod_modelling_team/lib/hexapod_modelling_team/cpp_node_test
[2.617s] -- Set runtime path of "/home/ambushee/HexapodLeg_modeling_team/hexapod/install/hexapod_modelling_team/lib/hexapod_modelling_team/cpp_node_test" to ""
[2.617s] -- Installing: /home/ambushee/HexapodLeg_modeling_team/hexapod/install/hexapod_modelling_team/share/hexapod_modelling_team/config
[2.618s] -- Installing: /home/ambushee/HexapodLeg_modeling_team/hexapod/install/hexapod_modelling_team/share/hexapod_modelling_team/config/setup.bash
[2.618s] -- Installing: /home/ambushee/HexapodLeg_modeling_team/hexapod/install/hexapod_modelling_team/share/hexapod_modelling_team/config/joint_hexapod.yaml
[2.618s] -- Installing: /home/ambushee/HexapodLeg_modeling_team/hexapod/install/hexapod_modelling_team/share/hexapod_modelling_team/config/ros2_controllers.yaml
[2.618s] -- Installing: /home/ambushee/HexapodLeg_modeling_team/hexapod/install/hexapod_modelling_team/share/hexapod_modelling_team/launch
[2.618s] -- Installing: /home/ambushee/HexapodLeg_modeling_team/hexapod/install/hexapod_modelling_team/share/hexapod_modelling_team/launch/display.launch
[2.618s] -- Installing: /home/ambushee/HexapodLeg_modeling_team/hexapod/install/hexapod_modelling_team/share/hexapod_modelling_team/launch/simple_display.launch.py
[2.619s] -- Installing: /home/ambushee/HexapodLeg_modeling_team/hexapod/install/hexapod_modelling_team/share/hexapod_modelling_team/launch/simulation-full.launch.py
[2.619s] -- Installing: /home/ambushee/HexapodLeg_modeling_team/hexapod/install/hexapod_modelling_team/share/hexapod_modelling_team/launch/gazebo_simulation.launch.py
[2.619s] -- Installing: /home/ambushee/HexapodLeg_modeling_team/hexapod/install/hexapod_modelling_team/share/hexapod_modelling_team/launch/hexapod_robot.launch.py
[2.619s] -- Installing: /home/ambushee/HexapodLeg_modeling_team/hexapod/install/hexapod_modelling_team/share/hexapod_modelling_team/meshes
[2.619s] -- Installing: /home/ambushee/HexapodLeg_modeling_team/hexapod/install/hexapod_modelling_team/share/hexapod_modelling_team/meshes/Link1.STL
[2.621s] -- Installing: /home/ambushee/HexapodLeg_modeling_team/hexapod/install/hexapod_modelling_team/share/hexapod_modelling_team/meshes/base_link.STL
[2.622s] -- Installing: /home/ambushee/HexapodLeg_modeling_team/hexapod/install/hexapod_modelling_team/share/hexapod_modelling_team/meshes/Link_2.STL
[2.622s] -- Installing: /home/ambushee/HexapodLeg_modeling_team/hexapod/install/hexapod_modelling_team/share/hexapod_modelling_team/urdf
[2.623s] -- Installing: /home/ambushee/HexapodLeg_modeling_team/hexapod/install/hexapod_modelling_team/share/hexapod_modelling_team/urdf/gazebo.xacro
[2.623s] -- Installing: /home/ambushee/HexapodLeg_modeling_team/hexapod/install/hexapod_modelling_team/share/hexapod_modelling_team/urdf/hexapod_modelling_team.urdf
[2.623s] -- Installing: /home/ambushee/HexapodLeg_modeling_team/hexapod/install/hexapod_modelling_team/share/hexapod_modelling_team/urdf/2DOF_Physical.csv
[2.624s] -- Installing: /home/ambushee/HexapodLeg_modeling_team/hexapod/install/hexapod_modelling_team/share/hexapod_modelling_team/urdf/ros2_control.xacro
[2.624s] -- Installing: /home/ambushee/HexapodLeg_modeling_team/hexapod/install/hexapod_modelling_team/share/hexapod_modelling_team/urdf/hexapod_modelling_team.xacro
[2.624s] -- Installing: /home/ambushee/HexapodLeg_modeling_team/hexapod/install/hexapod_modelling_team/share/hexapod_modelling_team/rviz
[2.624s] -- Installing: /home/ambushee/HexapodLeg_modeling_team/hexapod/install/hexapod_modelling_team/share/hexapod_modelling_team/rviz/display.rviz
[2.624s] -- Installing: /home/ambushee/HexapodLeg_modeling_team/hexapod/install/hexapod_modelling_team/share/hexapod_modelling_team/models
[2.625s] -- Installing: /home/ambushee/HexapodLeg_modeling_team/hexapod/install/hexapod_modelling_team/share/hexapod_modelling_team/models/hexapod_modelling_team
[2.625s] -- Installing: /home/ambushee/HexapodLeg_modeling_team/hexapod/install/hexapod_modelling_team/share/hexapod_modelling_team/models/hexapod_modelling_team/model.sdf
[2.625s] -- Installing: /home/ambushee/HexapodLeg_modeling_team/hexapod/install/hexapod_modelling_team/share/hexapod_modelling_team/models/hexapod_modelling_team/meshes
[2.626s] -- Installing: /home/ambushee/HexapodLeg_modeling_team/hexapod/install/hexapod_modelling_team/share/hexapod_modelling_team/models/hexapod_modelling_team/meshes/Link1.STL
[2.626s] -- Installing: /home/ambushee/HexapodLeg_modeling_team/hexapod/install/hexapod_modelling_team/share/hexapod_modelling_team/models/hexapod_modelling_team/meshes/base_link.STL
[2.627s] -- Installing: /home/ambushee/HexapodLeg_modeling_team/hexapod/install/hexapod_modelling_team/share/hexapod_modelling_team/models/hexapod_modelling_team/meshes/Link_2.STL
[2.628s] -- Installing: /home/ambushee/HexapodLeg_modeling_team/hexapod/install/hexapod_modelling_team/share/hexapod_modelling_team/models/hexapod_modelling_team/model.config
[2.628s] -- Installing: /home/ambushee/HexapodLeg_modeling_team/hexapod/install/hexapod_modelling_team/share/ament_index/resource_index/package_run_dependencies/hexapod_modelling_team
[2.628s] -- Installing: /home/ambushee/HexapodLeg_modeling_team/hexapod/install/hexapod_modelling_team/share/ament_index/resource_index/parent_prefix_path/hexapod_modelling_team
[2.629s] -- Installing: /home/ambushee/HexapodLeg_modeling_team/hexapod/install/hexapod_modelling_team/share/hexapod_modelling_team/environment/ament_prefix_path.sh
[2.629s] -- Installing: /home/ambushee/HexapodLeg_modeling_team/hexapod/install/hexapod_modelling_team/share/hexapod_modelling_team/environment/ament_prefix_path.dsv
[2.629s] -- Installing: /home/ambushee/HexapodLeg_modeling_team/hexapod/install/hexapod_modelling_team/share/hexapod_modelling_team/environment/path.sh
[2.629s] -- Installing: /home/ambushee/HexapodLeg_modeling_team/hexapod/install/hexapod_modelling_team/share/hexapod_modelling_team/environment/path.dsv
[2.630s] -- Installing: /home/ambushee/HexapodLeg_modeling_team/hexapod/install/hexapod_modelling_team/share/hexapod_modelling_team/local_setup.bash
[2.630s] -- Installing: /home/ambushee/HexapodLeg_modeling_team/hexapod/install/hexapod_modelling_team/share/hexapod_modelling_team/local_setup.sh
[2.630s] -- Installing: /home/ambushee/HexapodLeg_modeling_team/hexapod/install/hexapod_modelling_team/share/hexapod_modelling_team/local_setup.zsh
[2.631s] -- Installing: /home/ambushee/HexapodLeg_modeling_team/hexapod/install/hexapod_modelling_team/share/hexapod_modelling_team/local_setup.dsv
[2.631s] -- Installing: /home/ambushee/HexapodLeg_modeling_team/hexapod/install/hexapod_modelling_team/share/hexapod_modelling_team/package.dsv
[2.631s] -- Installing: /home/ambushee/HexapodLeg_modeling_team/hexapod/install/hexapod_modelling_team/share/ament_index/resource_index/packages/hexapod_modelling_team
[2.632s] -- Installing: /home/ambushee/HexapodLeg_modeling_team/hexapod/install/hexapod_modelling_team/share/hexapod_modelling_team/cmake/hexapod_modelling_teamConfig.cmake
[2.632s] -- Installing: /home/ambushee/HexapodLeg_modeling_team/hexapod/install/hexapod_modelling_team/share/hexapod_modelling_team/cmake/hexapod_modelling_teamConfig-version.cmake
[2.632s] -- Installing: /home/ambushee/HexapodLeg_modeling_team/hexapod/install/hexapod_modelling_team/share/hexapod_modelling_team/package.xml
[2.639s] Invoked command in '/home/ambushee/HexapodLeg_modeling_team/hexapod/build/hexapod_modelling_team' returned '0': CMAKE_PREFIX_PATH=${CMAKE_PREFIX_PATH}:/home/ambushee/HexapodLeg_modeling_team/hexapod/install/hexapod_gz:/opt/ros/humble /usr/bin/cmake --install /home/ambushee/HexapodLeg_modeling_team/hexapod/build/hexapod_modelling_team
