[0.023s] Invoking command in '/home/ambushee/HexapodLeg_modeling_team/hexapod/build/example_description': CMAKE_PREFIX_PATH=${CMAKE_PREFIX_PATH}:/home/ambushee/HexapodLeg_modeling_team/hexapod/install/hexapod_gz:/opt/ros/humble /usr/bin/cmake --build /home/ambushee/HexapodLeg_modeling_team/hexapod/build/example_description -- -j16 -l16
[0.071s] [35m[1mConsolidate compiler generated dependencies of target cpp_node_test[0m
[0.083s] [100%] Built target cpp_node_test
[0.087s] [100%] Built target ament_cmake_python_copy_example_description
[0.431s] running egg_info
[0.431s] writing example_description.egg-info/PKG-INFO
[0.432s] writing dependency_links to example_description.egg-info/dependency_links.txt
[0.432s] writing top-level names to example_description.egg-info/top_level.txt
[0.433s] reading manifest file 'example_description.egg-info/SOURCES.txt'
[0.433s] writing manifest file 'example_description.egg-info/SOURCES.txt'
[0.463s] [100%] Built target ament_cmake_python_build_example_description_egg
[0.922s] Invoked command in '/home/ambushee/HexapodLeg_modeling_team/hexapod/build/example_description' returned '0': CMAKE_PREFIX_PATH=${CMAKE_PREFIX_PATH}:/home/ambushee/HexapodLeg_modeling_team/hexapod/install/hexapod_gz:/opt/ros/humble /usr/bin/cmake --build /home/ambushee/HexapodLeg_modeling_team/hexapod/build/example_description -- -j16 -l16
[0.924s] Invoking command in '/home/ambushee/HexapodLeg_modeling_team/hexapod/build/example_description': CMAKE_PREFIX_PATH=${CMAKE_PREFIX_PATH}:/home/ambushee/HexapodLeg_modeling_team/hexapod/install/hexapod_gz:/opt/ros/humble /usr/bin/cmake --install /home/ambushee/HexapodLeg_modeling_team/hexapod/build/example_description
[0.933s] -- Install configuration: ""
[0.933s] -- Up-to-date: /home/ambushee/HexapodLeg_modeling_team/hexapod/install/example_description/share/example_description/environment/pythonpath.sh
[0.933s] -- Up-to-date: /home/ambushee/HexapodLeg_modeling_team/hexapod/install/example_description/share/example_description/environment/pythonpath.dsv
[0.933s] -- Up-to-date: /home/ambushee/HexapodLeg_modeling_team/hexapod/install/example_description/local/lib/python3.10/dist-packages/example_description-0.0.0-py3.10.egg-info
[0.933s] -- Installing: /home/ambushee/HexapodLeg_modeling_team/hexapod/install/example_description/local/lib/python3.10/dist-packages/example_description-0.0.0-py3.10.egg-info/dependency_links.txt
[0.933s] -- Installing: /home/ambushee/HexapodLeg_modeling_team/hexapod/install/example_description/local/lib/python3.10/dist-packages/example_description-0.0.0-py3.10.egg-info/SOURCES.txt
[0.933s] -- Installing: /home/ambushee/HexapodLeg_modeling_team/hexapod/install/example_description/local/lib/python3.10/dist-packages/example_description-0.0.0-py3.10.egg-info/top_level.txt
[0.934s] -- Installing: /home/ambushee/HexapodLeg_modeling_team/hexapod/install/example_description/local/lib/python3.10/dist-packages/example_description-0.0.0-py3.10.egg-info/PKG-INFO
[0.934s] -- Up-to-date: /home/ambushee/HexapodLeg_modeling_team/hexapod/install/example_description/local/lib/python3.10/dist-packages/example_description
[0.934s] -- Up-to-date: /home/ambushee/HexapodLeg_modeling_team/hexapod/install/example_description/local/lib/python3.10/dist-packages/example_description/__init__.py
[0.934s] -- Up-to-date: /home/ambushee/HexapodLeg_modeling_team/hexapod/install/example_description/local/lib/python3.10/dist-packages/example_description/dummy_module.py
[0.994s] Listing '/home/ambushee/HexapodLeg_modeling_team/hexapod/install/example_description/local/lib/python3.10/dist-packages/example_description'...
[0.998s] -- Up-to-date: /home/ambushee/HexapodLeg_modeling_team/hexapod/install/example_description/lib/example_description/dummy_script.py
[0.998s] -- Up-to-date: /home/ambushee/HexapodLeg_modeling_team/hexapod/install/example_description/lib/example_description/cpp_node_test
[0.998s] -- Up-to-date: /home/ambushee/HexapodLeg_modeling_team/hexapod/install/example_description/share/example_description/config
[0.998s] -- Up-to-date: /home/ambushee/HexapodLeg_modeling_team/hexapod/install/example_description/share/example_description/config/display.rviz
[0.999s] -- Up-to-date: /home/ambushee/HexapodLeg_modeling_team/hexapod/install/example_description/share/example_description/launch
[0.999s] -- Up-to-date: /home/ambushee/HexapodLeg_modeling_team/hexapod/install/example_description/share/example_description/launch/simple_display.launch.py
[0.999s] -- Up-to-date: /home/ambushee/HexapodLeg_modeling_team/hexapod/install/example_description/share/example_description/launch/fun.launch.py
[0.999s] -- Up-to-date: /home/ambushee/HexapodLeg_modeling_team/hexapod/install/example_description/share/example_description/meshes
[0.999s] -- Up-to-date: /home/ambushee/HexapodLeg_modeling_team/hexapod/install/example_description/share/example_description/meshes/link_0.stl
[0.999s] -- Up-to-date: /home/ambushee/HexapodLeg_modeling_team/hexapod/install/example_description/share/example_description/meshes/link_3.stl
[0.999s] -- Up-to-date: /home/ambushee/HexapodLeg_modeling_team/hexapod/install/example_description/share/example_description/meshes/link_1.stl
[1.000s] -- Up-to-date: /home/ambushee/HexapodLeg_modeling_team/hexapod/install/example_description/share/example_description/meshes/link_2.stl
[1.000s] -- Up-to-date: /home/ambushee/HexapodLeg_modeling_team/hexapod/install/example_description/share/example_description/meshes/end_effector.stl
[1.000s] -- Up-to-date: /home/ambushee/HexapodLeg_modeling_team/hexapod/install/example_description/share/example_description/robot
[1.000s] -- Up-to-date: /home/ambushee/HexapodLeg_modeling_team/hexapod/install/example_description/share/example_description/robot/visual
[1.000s] -- Up-to-date: /home/ambushee/HexapodLeg_modeling_team/hexapod/install/example_description/share/example_description/robot/visual/01-myfirst.urdf
[1.000s] -- Up-to-date: /home/ambushee/HexapodLeg_modeling_team/hexapod/install/example_description/share/example_description/robot/visual/my-robot.xacro
[1.000s] -- Up-to-date: /home/ambushee/HexapodLeg_modeling_team/hexapod/install/example_description/share/ament_index/resource_index/package_run_dependencies/example_description
[1.001s] -- Up-to-date: /home/ambushee/HexapodLeg_modeling_team/hexapod/install/example_description/share/ament_index/resource_index/parent_prefix_path/example_description
[1.001s] -- Up-to-date: /home/ambushee/HexapodLeg_modeling_team/hexapod/install/example_description/share/example_description/environment/ament_prefix_path.sh
[1.001s] -- Up-to-date: /home/ambushee/HexapodLeg_modeling_team/hexapod/install/example_description/share/example_description/environment/ament_prefix_path.dsv
[1.001s] -- Up-to-date: /home/ambushee/HexapodLeg_modeling_team/hexapod/install/example_description/share/example_description/environment/path.sh
[1.001s] -- Up-to-date: /home/ambushee/HexapodLeg_modeling_team/hexapod/install/example_description/share/example_description/environment/path.dsv
[1.001s] -- Up-to-date: /home/ambushee/HexapodLeg_modeling_team/hexapod/install/example_description/share/example_description/local_setup.bash
[1.001s] -- Up-to-date: /home/ambushee/HexapodLeg_modeling_team/hexapod/install/example_description/share/example_description/local_setup.sh
[1.001s] -- Up-to-date: /home/ambushee/HexapodLeg_modeling_team/hexapod/install/example_description/share/example_description/local_setup.zsh
[1.002s] -- Up-to-date: /home/ambushee/HexapodLeg_modeling_team/hexapod/install/example_description/share/example_description/local_setup.dsv
[1.002s] -- Installing: /home/ambushee/HexapodLeg_modeling_team/hexapod/install/example_description/share/example_description/package.dsv
[1.002s] -- Up-to-date: /home/ambushee/HexapodLeg_modeling_team/hexapod/install/example_description/share/ament_index/resource_index/packages/example_description
[1.002s] -- Up-to-date: /home/ambushee/HexapodLeg_modeling_team/hexapod/install/example_description/share/example_description/cmake/example_descriptionConfig.cmake
[1.002s] -- Up-to-date: /home/ambushee/HexapodLeg_modeling_team/hexapod/install/example_description/share/example_description/cmake/example_descriptionConfig-version.cmake
[1.003s] -- Up-to-date: /home/ambushee/HexapodLeg_modeling_team/hexapod/install/example_description/share/example_description/package.xml
[1.004s] Invoked command in '/home/ambushee/HexapodLeg_modeling_team/hexapod/build/example_description' returned '0': CMAKE_PREFIX_PATH=${CMAKE_PREFIX_PATH}:/home/ambushee/HexapodLeg_modeling_team/hexapod/install/hexapod_gz:/opt/ros/humble /usr/bin/cmake --install /home/ambushee/HexapodLeg_modeling_team/hexapod/build/example_description
