[0.613s] Invoking command in '/home/ambushee/HexapodLeg_modeling_team/hexapod/src/hexapod_controller': PYTHONPATH=/home/ambushee/HexapodLeg_modeling_team/hexapod/build/hexapod_controller/prefix_override:/usr/lib/python3/dist-packages/colcon_core/task/python/colcon_distutils_commands:/home/ambushee/HexapodLeg_modeling_team/hexapod/install/hexapod_controller/lib/python3.10/site-packages:${PYTHONPATH} /usr/bin/python3 -W ignore:setup.py install is deprecated -W ignore:easy_install command is deprecated setup.py egg_info --egg-base ../../build/hexapod_controller build --build-base /home/ambushee/HexapodLeg_modeling_team/hexapod/build/hexapod_controller/build install --record /home/ambushee/HexapodLeg_modeling_team/hexapod/build/hexapod_controller/install.log --single-version-externally-managed install_data
[0.846s] running egg_info
[0.846s] writing ../../build/hexapod_controller/hexapod_controller.egg-info/PKG-INFO
[0.846s] writing dependency_links to ../../build/hexapod_controller/hexapod_controller.egg-info/dependency_links.txt
[0.846s] writing entry points to ../../build/hexapod_controller/hexapod_controller.egg-info/entry_points.txt
[0.846s] writing requirements to ../../build/hexapod_controller/hexapod_controller.egg-info/requires.txt
[0.847s] writing top-level names to ../../build/hexapod_controller/hexapod_controller.egg-info/top_level.txt
[0.848s] reading manifest file '../../build/hexapod_controller/hexapod_controller.egg-info/SOURCES.txt'
[0.849s] writing manifest file '../../build/hexapod_controller/hexapod_controller.egg-info/SOURCES.txt'
[0.849s] running build
[0.849s] running build_py
[0.850s] running build_scripts
[0.850s] running install
[0.850s] running install_lib
[0.851s] running install_data
[0.851s] running install_egg_info
[0.853s] removing '/home/ambushee/HexapodLeg_modeling_team/hexapod/install/hexapod_controller/lib/python3.10/site-packages/hexapod_controller-0.1.0-py3.10.egg-info' (and everything under it)
[0.853s] Copying ../../build/hexapod_controller/hexapod_controller.egg-info to /home/ambushee/HexapodLeg_modeling_team/hexapod/install/hexapod_controller/lib/python3.10/site-packages/hexapod_controller-0.1.0-py3.10.egg-info
[0.853s] running install_scripts
[0.869s] changing mode of /home/ambushee/HexapodLeg_modeling_team/hexapod/install/hexapod_controller/lib/hexapod_controller/start_plotjuggler_shim to 775
[0.869s] changing mode of /home/ambushee/HexapodLeg_modeling_team/hexapod/install/hexapod_controller/lib/hexapod_controller/position_velocity_demo_shim to 775
[0.870s] Installing position_velocity_demo script to /home/ambushee/HexapodLeg_modeling_team/hexapod/install/hexapod_controller/lib/hexapod_controller
[0.870s] Installing start_plotjuggler script to /home/ambushee/HexapodLeg_modeling_team/hexapod/install/hexapod_controller/lib/hexapod_controller
[0.870s] writing list of installed files to '/home/ambushee/HexapodLeg_modeling_team/hexapod/build/hexapod_controller/install.log'
[0.892s] Invoked command in '/home/ambushee/HexapodLeg_modeling_team/hexapod/src/hexapod_controller' returned '0': PYTHONPATH=/home/ambushee/HexapodLeg_modeling_team/hexapod/build/hexapod_controller/prefix_override:/usr/lib/python3/dist-packages/colcon_core/task/python/colcon_distutils_commands:/home/ambushee/HexapodLeg_modeling_team/hexapod/install/hexapod_controller/lib/python3.10/site-packages:${PYTHONPATH} /usr/bin/python3 -W ignore:setup.py install is deprecated -W ignore:easy_install command is deprecated setup.py egg_info --egg-base ../../build/hexapod_controller build --build-base /home/ambushee/HexapodLeg_modeling_team/hexapod/build/hexapod_controller/build install --record /home/ambushee/HexapodLeg_modeling_team/hexapod/build/hexapod_controller/install.log --single-version-externally-managed install_data
