running develop
running egg_info
writing hexapod_gz.egg-info/PKG-INFO
writing dependency_links to hexapod_gz.egg-info/dependency_links.txt
writing entry points to hexapod_gz.egg-info/entry_points.txt
writing requirements to hexapod_gz.egg-info/requires.txt
writing top-level names to hexapod_gz.egg-info/top_level.txt
reading manifest file 'hexapod_gz.egg-info/SOURCES.txt'
writing manifest file 'hexapod_gz.egg-info/SOURCES.txt'
running build_ext
Creating /home/ambushee/HexapodLeg_modeling_team/hexapod/install/hexapod_gz/lib/python3.10/site-packages/hexapod-gz.egg-link (link to .)
Installing joint_position_commander script to /home/ambushee/HexapodLeg_modeling_team/hexapod/install/hexapod_gz/lib/hexapod_gz

Installed /home/ambushee/HexapodLeg_modeling_team/hexapod/build/hexapod_gz
running symlink_data
symbolically linking /home/ambushee/HexapodLeg_modeling_team/hexapod/build/hexapod_gz/resource/hexapod_gz -> /home/ambushee/HexapodLeg_modeling_team/hexapod/install/hexapod_gz/share/ament_index/resource_index/packages
symbolically linking /home/ambushee/HexapodLeg_modeling_team/hexapod/build/hexapod_gz/package.xml -> /home/ambushee/HexapodLeg_modeling_team/hexapod/install/hexapod_gz/share/hexapod_gz
symbolically linking /home/ambushee/HexapodLeg_modeling_team/hexapod/build/hexapod_gz/launch/sim.launch.py -> /home/ambushee/HexapodLeg_modeling_team/hexapod/install/hexapod_gz/share/hexapod_gz/launch
symbolically linking /home/ambushee/HexapodLeg_modeling_team/hexapod/build/hexapod_gz/config/ros2_controllers.yaml -> /home/ambushee/HexapodLeg_modeling_team/hexapod/install/hexapod_gz/share/hexapod_gz/config
symbolically linking /home/ambushee/HexapodLeg_modeling_team/hexapod/build/hexapod_gz/urdf/hexapod_modelling_team.xacro -> /home/ambushee/HexapodLeg_modeling_team/hexapod/install/hexapod_gz/share/hexapod_gz/urdf
symbolically linking /home/ambushee/HexapodLeg_modeling_team/hexapod/build/hexapod_gz/urdf/control.xacro -> /home/ambushee/HexapodLeg_modeling_team/hexapod/install/hexapod_gz/share/hexapod_gz/urdf
symbolically linking /home/ambushee/HexapodLeg_modeling_team/hexapod/build/hexapod_gz/worlds/hexapod.sdf -> /home/ambushee/HexapodLeg_modeling_team/hexapod/install/hexapod_gz/share/hexapod_gz/worlds
